<csw:GetRecordsResponse version="2.0.2" xsi:schemaLocation="http://www.opengis.net/cat/csw/2.0.2 http://schemas.opengis.net/csw/2.0.2/CSW-discovery.xsd" xmlns:dc="http://purl.org/dc/elements/1.1/" xmlns:inspire_common="http://inspire.ec.europa.eu/schemas/common/1.0" xmlns:atom="http://www.w3.org/2005/Atom" xmlns:xs="http://www.w3.org/2001/XMLSchema" xmlns:dct="http://purl.org/dc/terms/" xmlns:ows="http://www.opengis.net/ows" xmlns:apiso="http://www.opengis.net/cat/csw/apiso/1.0" xmlns:gml="http://www.opengis.net/gml" xmlns:dif="http://gcmd.gsfc.nasa.gov/Aboutus/xml/dif/" xmlns:xlink="http://www.w3.org/1999/xlink" xmlns:gco="http://www.isotc211.org/2005/gco" xmlns:gmd="http://www.isotc211.org/2005/gmd" xmlns:rdf="http://www.w3.org/1999/02/22-rdf-syntax-ns#" xmlns:srv="http://www.isotc211.org/2005/srv" xmlns:ogc="http://www.opengis.net/ogc" xmlns:fgdc="http://www.opengis.net/cat/csw/csdgm" xmlns:inspire_ds="http://inspire.ec.europa.eu/schemas/inspire_ds/1.0" xmlns:csw="http://www.opengis.net/cat/csw/2.0.2" xmlns:xsi="http://www.w3.org/2001/XMLSchema-instance" xmlns:os="http://a9.com/-/spec/opensearch/1.1/" xmlns:soapenv="http://www.w3.org/2003/05/soap-envelope" xmlns:sitemap="http://www.sitemaps.org/schemas/sitemap/0.9">
<csw:SearchStatus timestamp="2014-09-11T09:14:42Z"/>
<csw:SearchResults nextRecord="26" numberOfRecordsMatched="39273" numberOfRecordsReturned="25" recordSchema="http://www.isotc211.org/2005/gmd" elementSet="full">
<gmd:MD_Metadata xsi:schemaLocation="http://www.isotc211.org/2005/gmd http://schemas.opengis.net/csw/2.0.2/profiles/apiso/1.0.0/apiso.xsd" xmlns:gmi="http://www.isotc211.org/2005/gmi" xmlns:gmx="http://www.isotc211.org/2005/gmx" xmlns:gts="http://www.isotc211.org/2005/gts">
<gmd:fileIdentifier>
<gco:CharacterString>dc2950e94fd12022579c7307b62b0e5c</gco:CharacterString>
</gmd:fileIdentifier>
<gmd:language>
<gco:CharacterString>eng</gco:CharacterString>
</gmd:language>
<gmd:characterSet>
<gmd:MD_CharacterSetCode codeList="http://standards.iso.org/ittf/PubliclyAvailableStandards/ISO_19139_Schemas/resources/Codelist/gmxCodelists.xml#MD_CharacterSetCode" codeListValue="utf8">UTF-8</gmd:MD_CharacterSetCode>
</gmd:characterSet>
<gmd:hierarchyLevel>
<gmd:MD_ScopeCode codeList="http://standards.iso.org/ittf/PubliclyAvailableStandards/ISO_19139_Schemas/resources/Codelist/gmxCodelists.xml#MD_ScopeCode" codeListValue="Dataset">Dataset</gmd:MD_ScopeCode>
</gmd:hierarchyLevel>
<gmd:hierarchyLevelName>
<gco:CharacterString>collection:dataset:catalog</gco:CharacterString>
</gmd:hierarchyLevelName>
<gmd:contact>
<gmd:CI_ResponsibleParty>
<gmd:individualName>
<gco:CharacterString>Leah Musil</gco:CharacterString>
</gmd:individualName>
<gmd:organisationName>
<gco:CharacterString>Arizona Geological Survey</gco:CharacterString>
</gmd:organisationName>
<gmd:positionName>
<gco:CharacterString>missing</gco:CharacterString>
</gmd:positionName>
<gmd:contactInfo>
<gmd:CI_Contact>
<gmd:phone>
<gmd:CI_Telephone>
<gmd:voice>
<gco:CharacterString>5202094162</gco:CharacterString>
</gmd:voice>
</gmd:CI_Telephone>
</gmd:phone>
<gmd:address>
<gmd:CI_Address>
<gmd:deliveryPoint>
<gco:CharacterString>416 W. Congress St.</gco:CharacterString>
</gmd:deliveryPoint>
<gmd:city>
<gco:CharacterString>Tucson</gco:CharacterString>
</gmd:city>
<gmd:administrativeArea>
<gco:CharacterString>AZ</gco:CharacterString>
</gmd:administrativeArea>
<gmd:postalCode>
<gco:CharacterString>85701</gco:CharacterString>
</gmd:postalCode>
<gmd:electronicMailAddress>
<gco:CharacterString>leah.musil@azgs.az.gov</gco:CharacterString>
</gmd:electronicMailAddress>
</gmd:CI_Address>
</gmd:address>
</gmd:CI_Contact>
</gmd:contactInfo>
<gmd:role>
<gmd:CI_RoleCode codeList="http://standards.iso.org/ittf/PubliclyAvailableStandards/ISO_19139_Schemas/resources/Codelist/gmxCodelists.xml#CI_RoleCode" codeListValue="pointOfContact">pointOfContact</gmd:CI_RoleCode>
</gmd:role>
</gmd:CI_ResponsibleParty>
</gmd:contact>
<gmd:dateStamp>
<gco:DateTime>2014-08-22T22:15:31Z</gco:DateTime>
</gmd:dateStamp>
<gmd:metadataStandardName>
<gco:CharacterString>ISO-USGIN</gco:CharacterString>
</gmd:metadataStandardName>
<gmd:metadataStandardVersion>
<gco:CharacterString>1.2</gco:CharacterString>
</gmd:metadataStandardVersion>
<gmd:dataSetURI>
<gco:CharacterString/>
</gmd:dataSetURI>
<gmd:identificationInfo>
<gmd:MD_DataIdentification>
<gmd:citation>
<gmd:CI_Citation>
<gmd:title>
<gco:CharacterString>Rhode Island Bedrock Geology Map Metadata Compilation</gco:CharacterString>
</gmd:title>
<gmd:date>
<gmd:CI_Date>
<gmd:date>
<gco:DateTime>2013-02-25T00:00:00</gco:DateTime>
</gmd:date>
<gmd:dateType>
<gmd:CI_DateTypeCode codeList="http://www.isotc211.org/2005/resources/Codelist/gmxCodelists.xml#CI_DateTypeCode" codeListValue="publication">publication</gmd:CI_DateTypeCode>
</gmd:dateType>
</gmd:CI_Date>
</gmd:date>
<gmd:citedResponsibleParty>
<gmd:CI_ResponsibleParty>
<gmd:individualName>
<gco:CharacterString/>
</gmd:individualName>
<gmd:organisationName>
<gco:CharacterString>Rhode Island Geological Survey</gco:CharacterString>
</gmd:organisationName>
<gmd:positionName>
<gco:CharacterString>missing</gco:CharacterString>
</gmd:positionName>
<gmd:contactInfo>
<gmd:CI_Contact>
<gmd:phone>
<gmd:CI_Telephone>
<gmd:voice>
<gco:CharacterString>(401)-874-2265</gco:CharacterString>
</gmd:voice>
</gmd:CI_Telephone>
</gmd:phone>
<gmd:address>
<gmd:CI_Address>
<gmd:deliveryPoint>
<gco:CharacterString>317 Woodward Hall, 9 East Alumni Ave</gco:CharacterString>
</gmd:deliveryPoint>
<gmd:city>
<gco:CharacterString>Kingston</gco:CharacterString>
</gmd:city>
<gmd:administrativeArea>
<gco:CharacterString>RI</gco:CharacterString>
</gmd:administrativeArea>
<gmd:postalCode>
<gco:CharacterString>2881</gco:CharacterString>
</gmd:postalCode>
<gmd:electronicMailAddress>
<gco:CharacterString>jon_boothroyd@uri.edu</gco:CharacterString>
</gmd:electronicMailAddress>
</gmd:CI_Address>
</gmd:address>
</gmd:CI_Contact>
</gmd:contactInfo>
<gmd:role>
<gmd:CI_RoleCode codeList="http://standards.iso.org/ittf/PubliclyAvailableStandards/ISO_19139_Schemas/resources/Codelist/gmxCodelists.xml#CI_RoleCode" codeListValue="originator">originator</gmd:CI_RoleCode>
</gmd:role>
</gmd:CI_ResponsibleParty>
</gmd:citedResponsibleParty>
</gmd:CI_Citation>
</gmd:citation>
<gmd:abstract>
<gco:CharacterString>This resource is a metadata compilation of published Rhode Island bedrock geology maps, provided by the Rhode Island Geological Survey and University of Rhode Island. The data are published as an Excel workbook containing header features including title, description, author, citation, originator, distributor, and resource URL links to documents for download. The Excel workbook contains 6 worksheets, including information about the template, notes related to revisions of the template, resource provider information, the data, a field list, and vocabularies (data valid terms) used to populate the data worksheet. This resource was provided by the Rhode Island Geological Survey and University of Rhode Island and made available for distribution through the National Geothermal Data System.</gco:CharacterString>
</gmd:abstract>
<gmd:status>
<gmd:MD_ProgressCode codeList="http://standards.iso.org/ittf/PubliclyAvailableStandards/ISO_19139_Schemas/resources/Codelist/gmxCodelists.xml#MD_ProgressCode" codeListValue="completed">completed</gmd:MD_ProgressCode>
</gmd:status>
<gmd:descriptiveKeywords>
<gmd:MD_Keywords>
<gmd:keyword>
<gco:CharacterString>rhode island</gco:CharacterString>
</gmd:keyword>
<gmd:keyword>
<gco:CharacterString>bedrock geology</gco:CharacterString>
</gmd:keyword>
<gmd:keyword>
<gco:CharacterString>map</gco:CharacterString>
</gmd:keyword>
<gmd:keyword>
<gco:CharacterString>compilation workbook</gco:CharacterString>
</gmd:keyword>
<gmd:keyword>
<gco:CharacterString>metadata</gco:CharacterString>
</gmd:keyword>
<gmd:keyword>
<gco:CharacterString>geothermal</gco:CharacterString>
</gmd:keyword>
<gmd:keyword>
<gco:CharacterString>document</gco:CharacterString>
</gmd:keyword>
<gmd:keyword>
<gco:CharacterString>geothermal system</gco:CharacterString>
</gmd:keyword>
<gmd:keyword>
<gco:CharacterString>exploration</gco:CharacterString>
</gmd:keyword>
<gmd:keyword>
<gco:CharacterString>cross-section</gco:CharacterString>
</gmd:keyword>
<gmd:keyword>
<gco:CharacterString>usginres:collection:dataset:catalog</gco:CharacterString>
</gmd:keyword>
<gmd:type>
<gmd:MD_KeywordTypeCode codeList="http://standards.iso.org/ittf/PubliclyAvailableStandards/ISO_19139_Schemas/resources/Codelist/gmxCodelists.xml#MD_KeywordTypeCode" codeListValue="theme">theme</gmd:MD_KeywordTypeCode>
</gmd:type>
</gmd:MD_Keywords>
</gmd:descriptiveKeywords>
<gmd:descriptiveKeywords>
<gmd:MD_Keywords>
<gmd:keyword>
<gco:CharacterString>Rhode Island Bedrock Geology Metadata Compilation </gco:CharacterString>
</gmd:keyword>
<gmd:keyword>
<gco:CharacterString>Rhode Island</gco:CharacterString>
</gmd:keyword>
<gmd:keyword>
<gco:CharacterString>Downloadable Files</gco:CharacterString>
</gmd:keyword>
<gmd:keyword>
<gco:CharacterString>Rhode Island Geological Survey and University of Rhode Island</gco:CharacterString>
</gmd:keyword>
<gmd:thesaurusName xlink:href="/metadata/collection/">
<gmd:CI_Citation>
<gmd:title>
<gco:CharacterString>Server Collections</gco:CharacterString>
</gmd:title>
<gmd:date>
<gmd:CI_Date>
<gmd:date>
<gco:Date>2012-06-06</gco:Date>
</gmd:date>
<gmd:dateType>
<gmd:CI_DateTypeCode codeList="http://standards.iso.org/ittf/PubliclyAvailableStandards/ISO_19139_Schemas/resources/Codelist/gmxCodelists.xml#CI_DateTypeCode" codeListValue="publication"/>
</gmd:dateType>
</gmd:CI_Date>
</gmd:date>
</gmd:CI_Citation>
</gmd:thesaurusName>
</gmd:MD_Keywords>
</gmd:descriptiveKeywords>
<gmd:language>
<gco:CharacterString>eng</gco:CharacterString>
</gmd:language>
<gmd:characterSet>
<gmd:MD_CharacterSetCode codeList="http://www.isotc211.org/2005/resources/Codelist/gmxCodelists.xml#MD_CharacterSetCode " codeListValue="utf8">UTF-8</gmd:MD_CharacterSetCode>
</gmd:characterSet>
<gmd:topicCategory>
<gmd:MD_TopicCategoryCode>geoscientificInformation</gmd:MD_TopicCategoryCode>
</gmd:topicCategory>
<gmd:extent>
<gmd:EX_Extent>
<gmd:geographicElement>
<gmd:EX_GeographicBoundingBox>
<gmd:westBoundLongitude>
<gco:Decimal>-71.926578325219</gco:Decimal>
</gmd:westBoundLongitude>
<gmd:eastBoundLongitude>
<gco:Decimal>-71.025699418969</gco:Decimal>
</gmd:eastBoundLongitude>
<gmd:southBoundLatitude>
<gco:Decimal>41.106833713386</gco:Decimal>
</gmd:southBoundLatitude>
<gmd:northBoundLatitude>
<gco:Decimal>42.06005426172</gco:Decimal>
</gmd:northBoundLatitude>
</gmd:EX_GeographicBoundingBox>
</gmd:geographicElement>
</gmd:EX_Extent>
</gmd:extent>
</gmd:MD_DataIdentification>
</gmd:identificationInfo>
<gmd:distributionInfo>
<gmd:MD_Distribution>
<gmd:distributor>
<gmd:MD_Distributor>
<gmd:distributorContact>
<gmd:CI_ResponsibleParty>
<gmd:individualName>
<gco:CharacterString/>
</gmd:individualName>
<gmd:organisationName>
<gco:CharacterString>Arizona Geological Survey </gco:CharacterString>
</gmd:organisationName>
<gmd:positionName>
<gco:CharacterString>missing</gco:CharacterString>
</gmd:positionName>
<gmd:contactInfo>
<gmd:CI_Contact>
<gmd:phone>
<gmd:CI_Telephone>
<gmd:voice>
<gco:CharacterString>520-770-3500</gco:CharacterString>
</gmd:voice>
</gmd:CI_Telephone>
</gmd:phone>
<gmd:address>
<gmd:CI_Address>
<gmd:deliveryPoint>
<gco:CharacterString>416 W. Congress St., Suite 100</gco:CharacterString>
</gmd:deliveryPoint>
<gmd:city>
<gco:CharacterString>Tucson</gco:CharacterString>
</gmd:city>
<gmd:administrativeArea>
<gco:CharacterString>AZ</gco:CharacterString>
</gmd:administrativeArea>
<gmd:postalCode>
<gco:CharacterString>85701</gco:CharacterString>
</gmd:postalCode>
<gmd:electronicMailAddress>
<gco:CharacterString>metadata@usgin.org</gco:CharacterString>
</gmd:electronicMailAddress>
</gmd:CI_Address>
</gmd:address>
</gmd:CI_Contact>
</gmd:contactInfo>
<gmd:role>
<gmd:CI_RoleCode codeList="http://standards.iso.org/ittf/PubliclyAvailableStandards/ISO_19139_Schemas/resources/Codelist/gmxCodelists.xml#CI_RoleCode" codeListValue="distributor">distributor</gmd:CI_RoleCode>
</gmd:role>
</gmd:CI_ResponsibleParty>
</gmd:distributorContact>
</gmd:MD_Distributor>
</gmd:distributor>
<gmd:transferOptions>
<gmd:MD_DigitalTransferOptions id="http___repository_stategeothermaldata_org_metadata_record_dc2950e94fd12022579c7307b62b0e5c_file_copy_of_ri_bedrockgeology_metadata_fixed_zip">
<gmd:onLine>
<gmd:CI_OnlineResource>
<gmd:linkage>
<gmd:URL>http://repository.stategeothermaldata.org/metadata/record/dc2950e94fd12022579c7307b62b0e5c/file/copy-of-ri_bedrockgeology_metadata_fixed.zip</gmd:URL>
</gmd:linkage>
<gmd:name>
<gco:CharacterString>Zipped Excel Workbook containing Rhode Island  Bedrock Geology Maps Metadata Compilation</gco:CharacterString>
</gmd:name>
<gmd:function>
<gmd:CI_OnLineFunctionCode codeList="http://www.fgdc.gov/nap/metadata/register/registerItemClasses.html#IC_88" codeListValue="375">download</gmd:CI_OnLineFunctionCode>
</gmd:function>
</gmd:CI_OnlineResource>
</gmd:onLine>
</gmd:MD_DigitalTransferOptions>
</gmd:transferOptions>
</gmd:MD_Distribution>
</gmd:distributionInfo>
<gmd:metadataMaintenance>
<gmd:MD_MaintenanceInformation>
<gmd:maintenanceAndUpdateFrequency>
<gmd:MD_MaintenanceFrequencyCode codeList="http://www.isotc211.org/2005/resources/Codelist/gmxCodelists.xml#MD_MaintenanceFrequencyCode" codeListValue="IRREGULAR">irregular								</gmd:MD_MaintenanceFrequencyCode>
</gmd:maintenanceAndUpdateFrequency>
<gmd:maintenanceNote>
<gco:CharacterString>This metadata record has been processed by the iso-19115-to-usgin-19115-data XSLT to ensure that all mandatory content for USGIN profile has been added.2013-11-04T12:00:00</gco:CharacterString>
</gmd:maintenanceNote>
</gmd:MD_MaintenanceInformation>
</gmd:metadataMaintenance>
</gmd:MD_Metadata>
<gmd:MD_Metadata xsi:schemaLocation="http://www.isotc211.org/2005/gmd http://schemas.opengis.net/csw/2.0.2/profiles/apiso/1.0.0/apiso.xsd">
<gmd:fileIdentifier>
<gco:CharacterString>221e027d-7578-37f4-84fb-bfcde5631a36</gco:CharacterString>
</gmd:fileIdentifier>
<gmd:language>
<gco:CharacterString>eng</gco:CharacterString>
</gmd:language>
<gmd:characterSet>
<gmd:MD_CharacterSetCode codeList="http://standards.iso.org/ittf/PubliclyAvailableStandards/ISO_19139_Schemas/resources/Codelist/gmxCodelists.xml#MD_CharacterSetCode" codeListValue="utf8">UTF-8</gmd:MD_CharacterSetCode>
</gmd:characterSet>
<gmd:hierarchyLevel>
<gmd:MD_ScopeCode codeList="http://standards.iso.org/ittf/PubliclyAvailableStandards/ISO_19139_Schemas/resources/Codelist/gmxCodelists.xml#MD_ScopeCode" codeListValue="Dataset">Dataset</gmd:MD_ScopeCode>
</gmd:hierarchyLevel>
<gmd:hierarchyLevelName>
<gco:CharacterString>Document</gco:CharacterString>
</gmd:hierarchyLevelName>
<gmd:contact>
<gmd:CI_ResponsibleParty>
<gmd:individualName>
<gco:CharacterString>Maria Richards</gco:CharacterString>
</gmd:individualName>
<gmd:organisationName>
<gco:CharacterString>SMU Geothermal Laboratory, Roy M. Huffington Department of Earth Sciences</gco:CharacterString>
</gmd:organisationName>
<gmd:contactInfo>
<gmd:CI_Contact>
<gmd:phone>
<gmd:CI_Telephone>
<gmd:voice>
<gco:CharacterString>214-768-1975</gco:CharacterString>
</gmd:voice>
</gmd:CI_Telephone>
</gmd:phone>
<gmd:address>
<gmd:CI_Address>
<gmd:deliveryPoint>
<gco:CharacterString>P.O. Box 750395</gco:CharacterString>
</gmd:deliveryPoint>
<gmd:city>
<gco:CharacterString>Dallas</gco:CharacterString>
</gmd:city>
<gmd:administrativeArea>
<gco:CharacterString>TX</gco:CharacterString>
</gmd:administrativeArea>
<gmd:postalCode>
<gco:CharacterString>75275-0395</gco:CharacterString>
</gmd:postalCode>
<gmd:electronicMailAddress>
<gco:CharacterString>mrichard@smu.edu</gco:CharacterString>
</gmd:electronicMailAddress>
</gmd:CI_Address>
</gmd:address>
</gmd:CI_Contact>
</gmd:contactInfo>
<gmd:role>
<gmd:CI_RoleCode codeList="http://standards.iso.org/ittf/PubliclyAvailableStandards/ISO_19139_Schemas/resources/Codelist/gmxCodelists.xml#CI_RoleCode" codeListValue="pointOfContact">pointOfContact</gmd:CI_RoleCode>
</gmd:role>
</gmd:CI_ResponsibleParty>
</gmd:contact>
<gmd:dateStamp>
<gco:DateTime>2014-04-29T19:05:43Z</gco:DateTime>
</gmd:dateStamp>
<gmd:metadataStandardName>
<gco:CharacterString>ISO-USGIN</gco:CharacterString>
</gmd:metadataStandardName>
<gmd:metadataStandardVersion>
<gco:CharacterString>1.2</gco:CharacterString>
</gmd:metadataStandardVersion>
<gmd:dataSetURI>
<gco:CharacterString/>
</gmd:dataSetURI>
<gmd:identificationInfo>
<gmd:MD_DataIdentification>
<gmd:citation>
<gmd:CI_Citation>
<gmd:title>
<gco:CharacterString>Geothermal Regimes at Clearlake, California</gco:CharacterString>
</gmd:title>
<gmd:date>
<gmd:CI_Date>
<gmd:date>
<!--
                    The element here must be a gco:DateTime in the form YYYY-MM-DDThh:mm:ssZ
                    If we do not know hh:mm:ss then set them to zeros (midnight)
                    If we only know YYYY-MM then set DD to 01
                    If we only know YYYY then set MM and DD to 01
                    If we don't know the YYYY then set it to 1900-01-01 and the time to zeros (midnight)
                -->
<gco:DateTime>1992-01-01T00:00:00Z</gco:DateTime>
</gmd:date>
<gmd:dateType>
<gmd:CI_DateTypeCode codeList="http://standards.iso.org/ittf/PubliclyAvailableStandards/ISO_19139_Schemas/resources/Codelist/gmxCodelists.xml#CI_DateTypeCode" codeListValue="publication">publication</gmd:CI_DateTypeCode>
</gmd:dateType>
</gmd:CI_Date>
</gmd:date>
<gmd:citedResponsibleParty>
<gmd:CI_ResponsibleParty>
<gmd:individualName>
<gco:CharacterString>Burns, K. L.</gco:CharacterString>
</gmd:individualName>
<gmd:contactInfo>
<gmd:CI_Contact>
<gmd:address>
<gmd:CI_Address>
<gmd:electronicMailAddress>
<gco:CharacterString>metadata@smu.edu</gco:CharacterString>
</gmd:electronicMailAddress>
</gmd:CI_Address>
</gmd:address>
</gmd:CI_Contact>
</gmd:contactInfo>
<gmd:role>
<gmd:CI_RoleCode codeList="http://standards.iso.org/ittf/PubliclyAvailableStandards/ISO_19139_Schemas/resources/Codelist/gmxCodelists.xml#CI_RoleCode" codeListValue="author">author</gmd:CI_RoleCode>
</gmd:role>
</gmd:CI_ResponsibleParty>
</gmd:citedResponsibleParty>
<gmd:citedResponsibleParty>
<gmd:CI_ResponsibleParty>
<gmd:individualName>
<gco:CharacterString>Potter, R. M.</gco:CharacterString>
</gmd:individualName>
<gmd:contactInfo>
<gmd:CI_Contact>
<gmd:address>
<gmd:CI_Address>
<gmd:electronicMailAddress>
<gco:CharacterString>metadata@smu.edu</gco:CharacterString>
</gmd:electronicMailAddress>
</gmd:CI_Address>
</gmd:address>
</gmd:CI_Contact>
</gmd:contactInfo>
<gmd:role>
<gmd:CI_RoleCode codeList="http://standards.iso.org/ittf/PubliclyAvailableStandards/ISO_19139_Schemas/resources/Codelist/gmxCodelists.xml#CI_RoleCode" codeListValue="author">author</gmd:CI_RoleCode>
</gmd:role>
</gmd:CI_ResponsibleParty>
</gmd:citedResponsibleParty>
<gmd:citedResponsibleParty>
<gmd:CI_ResponsibleParty>
<gmd:individualName>
<gco:CharacterString>Zyvoloski, G.</gco:CharacterString>
</gmd:individualName>
<gmd:contactInfo>
<gmd:CI_Contact>
<gmd:address>
<gmd:CI_Address>
<gmd:electronicMailAddress>
<gco:CharacterString>metadata@smu.edu</gco:CharacterString>
</gmd:electronicMailAddress>
</gmd:CI_Address>
</gmd:address>
</gmd:CI_Contact>
</gmd:contactInfo>
<gmd:role>
<gmd:CI_RoleCode codeList="http://standards.iso.org/ittf/PubliclyAvailableStandards/ISO_19139_Schemas/resources/Codelist/gmxCodelists.xml#CI_RoleCode" codeListValue="author">author</gmd:CI_RoleCode>
</gmd:role>
</gmd:CI_ResponsibleParty>
</gmd:citedResponsibleParty>
</gmd:CI_Citation>
</gmd:citation>
<gmd:abstract>
<gco:CharacterString>No Publication Abstract is Available</gco:CharacterString>
</gmd:abstract>
<gmd:status>
<gmd:MD_ProgressCode codeList="http://standards.iso.org/ittf/PubliclyAvailableStandards/ISO_19139_Schemas/resources/Codelist/gmxCodelists.xml#MD_ProgressCode" codeListValue="completed">completed</gmd:MD_ProgressCode>
</gmd:status>
<!-- If there are any keywords associated with this publication's bibliography include them in a block like this.
      <gmd:descriptiveKeywords>
        <gmd:MD_Keywords>
          <gmd:keyword> Repeat this element for each keyword phrase
            <gco:CharacterString>Single key word phrase</gco:CharacterString>
          </gmd:keyword>
          <gmd:type>
            <gmd:MD_KeywordTypeCode codeList="http://standards.iso.org/ittf/PubliclyAvailableStandards/ISO_19139_Schemas/resources/Codelist/gmxCodelists.xml#MD_KeywordTypeCode" codeListValue="theme">theme</gmd:MD_KeywordTypeCode>
          </gmd:type>
        </gmd:MD_Keywords>
      </gmd:descriptiveKeywords>
      -->
<gmd:descriptiveKeywords>
<gmd:MD_Keywords>
<gmd:keyword>
<gco:CharacterString>Exploration</gco:CharacterString>
</gmd:keyword>
<gmd:keyword>
<gco:CharacterString>HDR/EGS</gco:CharacterString>
</gmd:keyword>
<gmd:keyword>
<gco:CharacterString>Heat flow</gco:CharacterString>
</gmd:keyword>
<gmd:keyword>
<gco:CharacterString>Temperature gradients</gco:CharacterString>
</gmd:keyword>
<gmd:keyword>
<gco:CharacterString>Thermal springs</gco:CharacterString>
</gmd:keyword>
<gmd:keyword>
<gco:CharacterString>Reservoir modeling</gco:CharacterString>
</gmd:keyword>
<gmd:keyword>
<gco:CharacterString>Hydrogeology</gco:CharacterString>
</gmd:keyword>
<gmd:keyword>
<gco:CharacterString>Clear Lake, California</gco:CharacterString>
</gmd:keyword>
<gmd:keyword>
<gco:CharacterString>Exploration</gco:CharacterString>
</gmd:keyword>
<gmd:keyword>
<gco:CharacterString>General</gco:CharacterString>
</gmd:keyword>
<gmd:keyword>
<gco:CharacterString>USA</gco:CharacterString>
</gmd:keyword>
<gmd:keyword>
<gco:CharacterString>California</gco:CharacterString>
</gmd:keyword>
<gmd:keyword>
<gco:CharacterString>Clearlake</gco:CharacterString>
</gmd:keyword>
<gmd:keyword>
<gco:CharacterString>Hot Dry Rock</gco:CharacterString>
</gmd:keyword>
<gmd:keyword>
<gco:CharacterString>Heat Flow</gco:CharacterString>
</gmd:keyword>
<gmd:keyword>
<gco:CharacterString>Hot Springs</gco:CharacterString>
</gmd:keyword>
<gmd:keyword>
<gco:CharacterString>Quads</gco:CharacterString>
</gmd:keyword>
<gmd:keyword>
<gco:CharacterString>Fumaroles</gco:CharacterString>
</gmd:keyword>
<gmd:keyword>
<gco:CharacterString>Gradients</gco:CharacterString>
</gmd:keyword>
<gmd:keyword>
<gco:CharacterString>Anomalies</gco:CharacterString>
</gmd:keyword>
<gmd:keyword>
<gco:CharacterString>Liquid Dominated</gco:CharacterString>
</gmd:keyword>
<gmd:keyword>
<gco:CharacterString>The Geysers</gco:CharacterString>
</gmd:keyword>
<gmd:type>
<gmd:MD_KeywordTypeCode codeList="http://standards.iso.org/ittf/PubliclyAvailableStandards/ISO_19139_Schemas/resources/Codelist/gmxCodelists.xml#MD_KeywordTypeCode" codeListValue="theme">theme</gmd:MD_KeywordTypeCode>
</gmd:type>
</gmd:MD_Keywords>
</gmd:descriptiveKeywords>
<gmd:descriptiveKeywords>
<gmd:MD_Keywords>
<!-- For each geographic or spatial keyword in the bibliography insert the following XML fragment for each item in that list. - - >
          <gmd:keyword>
            <gco:CharacterString><!- - A SINGLE KEYWORD PHRASE FOR THE LOCATION e.g. 'New York' (a state) OR 'Rockland County' (a county) - - ></gco:CharacterString>
          </gmd:keyword>
          <!- - (End of XML fragment) -->
<!-- If no geographic or spatial keywords are in the bibliography insert the following block -->
<gmd:keyword>
<gco:CharacterString>non-geographic</gco:CharacterString>
</gmd:keyword>
<gmd:type>
<gmd:MD_KeywordTypeCode codeList="http://standards.iso.org/ittf/PubliclyAvailableStandards/ISO_19139_Schemas/resources/Codelist/gmxCodelists.xml#MD_KeywordTypeCode" codeListValue="place">place</gmd:MD_KeywordTypeCode>
</gmd:type>
</gmd:MD_Keywords>
</gmd:descriptiveKeywords>
<gmd:language>
<gco:CharacterString>eng</gco:CharacterString>
</gmd:language>
<gmd:topicCategory>
<gmd:MD_TopicCategoryCode>geoscientificInformation</gmd:MD_TopicCategoryCode>
</gmd:topicCategory>
<!-- If no extents exist then insert the following block -->
<gmd:extent>
<gmd:EX_Extent/>
</gmd:extent>
<!-- If extents exist for this publication then insert the following block. -->
<!-- gmd:extent>
        <gmd:EX_Extent>
          <gmd:geographicElement>
            <gmd:EX_GeographicBoundingBox>
              <gmd:westBoundLongitude>
                <gco:Decimal>180</gco:Decimal>
              </gmd:westBoundLongitude>
              <gmd:eastBoundLongitude>
                <gco:Decimal>-180</gco:Decimal>
              </gmd:eastBoundLongitude>
              <gmd:southBoundLatitude>
                <gco:Decimal>-90</gco:Decimal>
              </gmd:southBoundLatitude>
              <gmd:northBoundLatitude>
                <gco:Decimal>90</gco:Decimal>
              </gmd:northBoundLatitude>
            </gmd:EX_GeographicBoundingBox>
          </gmd:geographicElement>
        </gmd:EX_Extent>
      </gmd:extent-->
</gmd:MD_DataIdentification>
</gmd:identificationInfo>
<gmd:distributionInfo>
<gmd:MD_Distribution>
<gmd:distributor>
<gmd:MD_Distributor>
<gmd:distributorContact>
<gmd:CI_ResponsibleParty>
<gmd:individualName>
<gco:CharacterString>Maria Richards</gco:CharacterString>
</gmd:individualName>
<gmd:organisationName>
<gco:CharacterString>SMU Geothermal Laboratory, Roy M. Huffington Department of Earth Sciences</gco:CharacterString>
</gmd:organisationName>
<gmd:contactInfo>
<gmd:CI_Contact>
<gmd:phone>
<gmd:CI_Telephone>
<gmd:voice>
<gco:CharacterString>214-768-1975</gco:CharacterString>
</gmd:voice>
</gmd:CI_Telephone>
</gmd:phone>
<gmd:address>
<gmd:CI_Address>
<gmd:deliveryPoint>
<gco:CharacterString>P.O. Box 750395</gco:CharacterString>
</gmd:deliveryPoint>
<gmd:city>
<gco:CharacterString>Dallas</gco:CharacterString>
</gmd:city>
<gmd:administrativeArea>
<gco:CharacterString>TX</gco:CharacterString>
</gmd:administrativeArea>
<gmd:postalCode>
<gco:CharacterString>75275-0395</gco:CharacterString>
</gmd:postalCode>
<gmd:electronicMailAddress>
<gco:CharacterString>mrichard@smu.edu</gco:CharacterString>
</gmd:electronicMailAddress>
</gmd:CI_Address>
</gmd:address>
</gmd:CI_Contact>
</gmd:contactInfo>
<gmd:role>
<gmd:CI_RoleCode codeList="http://standards.iso.org/ittf/PubliclyAvailableStandards/ISO_19139_Schemas/resources/Codelist/gmxCodelists.xml#CI_RoleCode" codeListValue="distributor">distributor</gmd:CI_RoleCode>
</gmd:role>
</gmd:CI_ResponsibleParty>
</gmd:distributorContact>
</gmd:MD_Distributor>
</gmd:distributor>
<gmd:transferOptions>
<gmd:MD_DigitalTransferOptions>
<gmd:onLine>
<gmd:CI_OnlineResource>
<gmd:linkage>
<gmd:URL>https://www.geothermal-library.org/index.php?mode=pubs&amp;action=view&amp;record=1002187</gmd:URL>
</gmd:linkage>
<gmd:name>
<gco:CharacterString>Geothermal Regimes at Clearlake, California</gco:CharacterString>
</gmd:name>
<gmd:description>
<gco:CharacterString>URL by which to download this publication</gco:CharacterString>
</gmd:description>
<gmd:function>
<gmd:CI_OnLineFunctionCode codeList="http://www.fgdc.gov/nap/metadata/register/registerItemClasses.html#IC_88" codeListValue="384">fileAccess</gmd:CI_OnLineFunctionCode>
</gmd:function>
</gmd:CI_OnlineResource>
</gmd:onLine>
</gmd:MD_DigitalTransferOptions>
</gmd:transferOptions>
</gmd:MD_Distribution>
</gmd:distributionInfo>
</gmd:MD_Metadata>
<gmd:MD_Metadata xmlns:fn="http://www.w3.org/2005/xpath-functions">
<gmd:fileIdentifier>
<gco:CharacterString>f0000000-58cc-4372-a567-000000000214</gco:CharacterString>
</gmd:fileIdentifier>
<gmd:language>
<gco:CharacterString>eng</gco:CharacterString>
</gmd:language>
<gmd:characterSet>
<gmd:MD_CharacterSetCode codeList="http://standards.iso.org/ittf/PubliclyAvailableStandards/ISO_19139_Schemas/resources/Codelist/gmxCodelists.xml#MD_CharacterSetCode" codeListValue="utf8">UTF-8</gmd:MD_CharacterSetCode>
</gmd:characterSet>
<gmd:hierarchyLevel>
<gmd:MD_ScopeCode codeList="http://standards.iso.org/ittf/PubliclyAvailableStandards/ISO_19139_Schemas/resources/Codelist/gmxCodelists.xml#MD_ScopeCode" codeListValue="dataset">dataset</gmd:MD_ScopeCode>
</gmd:hierarchyLevel>
<gmd:hierarchyLevelName>
<gco:CharacterString>Dataset</gco:CharacterString>
</gmd:hierarchyLevelName>
<gmd:hierarchyLevelName>
<gco:CharacterString>Collection</gco:CharacterString>
</gmd:hierarchyLevelName>
<!-- Metadata point of contact - Point of contact for the metadata record, e.g. for users to report errors, updates to metadata, etc. -->
<gmd:contact>
<gmd:CI_ResponsibleParty>
<gmd:individualName>
<gco:CharacterString>Michael Lane</gco:CharacterString>
</gmd:individualName>
<gmd:organisationName>
<gco:CharacterString>Oski Energy LLC</gco:CharacterString>
</gmd:organisationName>
<gmd:contactInfo>
<gmd:CI_Contact>
<gmd:address>
<gmd:CI_Address>
<gmd:electronicMailAddress>
<gco:CharacterString>mlane@mcn.org</gco:CharacterString>
</gmd:electronicMailAddress>
</gmd:CI_Address>
</gmd:address>
</gmd:CI_Contact>
</gmd:contactInfo>
<gmd:role>
<gmd:CI_RoleCode codeList="http://www.isotc211.org/2005/resources/Codelist/gmxCodelists.xml#CI_RoleCode" codeListValue="publisher">publisher</gmd:CI_RoleCode>
</gmd:role>
</gmd:CI_ResponsibleParty>
</gmd:contact>
<gmd:dateStamp>
<gco:DateTime>2014-08-04T14:56:33-06:00</gco:DateTime>
</gmd:dateStamp>
<gmd:metadataStandardName>
<gco:CharacterString>ISO-USGIN</gco:CharacterString>
</gmd:metadataStandardName>
<gmd:metadataStandardVersion>
<gco:CharacterString>1.2</gco:CharacterString>
</gmd:metadataStandardVersion>
<gmd:dataSetURI>
<gco:CharacterString>http://gdr.openei.org/files/214/Figure 6. Bouguer gravity map_ML_mpk.mpk</gco:CharacterString>
</gmd:dataSetURI>
<!-- **************** -->
<gmd:identificationInfo>
<gmd:MD_DataIdentification>
<gmd:citation>
<gmd:CI_Citation>
<gmd:title>
<gco:CharacterString>Hot Pot Complete Bouguer Gravity Map Figure 6. Bouguer gravity map_ML_mpk.mpk</gco:CharacterString>
</gmd:title>
<gmd:date>
<gmd:CI_Date>
<gmd:date>
<gco:DateTime>2010-04-15T00:00:00-06:00</gco:DateTime>
</gmd:date>
<gmd:dateType>
<gmd:CI_DateTypeCode codeList="http://standards.iso.org/ittf/PubliclyAvailableStandards/ISO_19139_Schemas/resources/Codelist/gmxCodelists.xml#CI_DateTypeCode" codeListValue="publication">publication</gmd:CI_DateTypeCode>
</gmd:dateType>
</gmd:CI_Date>
</gmd:date>
<gmd:identifier>
<gmd:MD_Identifier>
<gmd:code>
<gco:CharacterString>http://dx.doi.org/10.15121/1148830</gco:CharacterString>
</gmd:code>
</gmd:MD_Identifier>
</gmd:identifier>
<gmd:citedResponsibleParty>
<gmd:CI_ResponsibleParty>
<gmd:individualName>
<gco:CharacterString>Michael Lane</gco:CharacterString>
</gmd:individualName>
<gmd:organisationName>
<gco:CharacterString>Oski Energy LLC</gco:CharacterString>
</gmd:organisationName>
<gmd:positionName>
<gco:CharacterString>primary contact</gco:CharacterString>
</gmd:positionName>
<gmd:contactInfo>
<gmd:CI_Contact>
<gmd:phone>
<gmd:CI_Telephone>
<gmd:voice>
<gco:CharacterString>7077859714</gco:CharacterString>
</gmd:voice>
</gmd:CI_Telephone>
</gmd:phone>
<gmd:address>
<gmd:CI_Address>
<gmd:electronicMailAddress>
<gco:CharacterString>mlane@mcn.org</gco:CharacterString>
</gmd:electronicMailAddress>
</gmd:CI_Address>
</gmd:address>
</gmd:CI_Contact>
</gmd:contactInfo>
<gmd:role>
<gmd:CI_RoleCode codeList="http://www.isotc211.org/2005/resources/Codelist/gmxCodelists.xml#CI_RoleCode" codeListValue="pointOfContact">point of contact</gmd:CI_RoleCode>
</gmd:role>
</gmd:CI_ResponsibleParty>
</gmd:citedResponsibleParty>
</gmd:CI_Citation>
</gmd:citation>
<gmd:abstract>
<gco:CharacterString>Contoured Bouguer gravity survey with lease block outline in 2010 and location of hot springs. ArcGIS map package</gco:CharacterString>
</gmd:abstract>
<!-- (C) Resource point of contact (access contact) - CI_ResponsibleParty element here would contain information for point of contact to access the resource. This information is mandatory for physical resources such as core, cuttings, samples, manuscripts. -->
<gmd:pointOfContact>
<gmd:CI_ResponsibleParty>
<gmd:individualName>
<gco:CharacterString>Michael Lane</gco:CharacterString>
</gmd:individualName>
<gmd:organisationName>
<gco:CharacterString>Oski Energy LLC</gco:CharacterString>
</gmd:organisationName>
<gmd:contactInfo>
<gmd:CI_Contact>
<gmd:address>
<gmd:CI_Address>
<gmd:electronicMailAddress>
<gco:CharacterString>mlane@mcn.org</gco:CharacterString>
</gmd:electronicMailAddress>
</gmd:CI_Address>
</gmd:address>
</gmd:CI_Contact>
</gmd:contactInfo>
<gmd:role>
<gmd:CI_RoleCode codeList="http://www.isotc211.org/2005/resources/Codelist/gmxCodelists.xml#CI_RoleCode" codeListValue="pointOfContact">point of contact</gmd:CI_RoleCode>
</gmd:role>
</gmd:CI_ResponsibleParty>
</gmd:pointOfContact>
<gmd:descriptiveKeywords>
<gmd:MD_Keywords>
<gmd:keyword>
<gco:CharacterString>geothermal</gco:CharacterString>
</gmd:keyword>
<gmd:keyword>
<gco:CharacterString>Nevada</gco:CharacterString>
</gmd:keyword>
<gmd:keyword>
<gco:CharacterString>Hot Pot</gco:CharacterString>
</gmd:keyword>
<gmd:keyword>
<gco:CharacterString>geophysics</gco:CharacterString>
</gmd:keyword>
<gmd:keyword>
<gco:CharacterString>gravity survey</gco:CharacterString>
</gmd:keyword>
<gmd:type>
<gmd:MD_KeywordTypeCode codeList="http://standards.iso.org/ittf/PubliclyAvailableStandards/ISO_19139_Schemas/resources/Codelist/gmxCodelists.xml#MD_KeywordTypeCode" codeListValue="theme">theme</gmd:MD_KeywordTypeCode>
</gmd:type>
</gmd:MD_Keywords>
</gmd:descriptiveKeywords>
<gmd:language>
<gco:CharacterString>eng</gco:CharacterString>
</gmd:language>
<gmd:topicCategory>
<gmd:MD_TopicCategoryCode>geoscientificInformation</gmd:MD_TopicCategoryCode>
</gmd:topicCategory>
<gmd:extent>
<gmd:EX_Extent>
<gmd:geographicElement>
<gmd:EX_GeographicBoundingBox>
<gmd:extentTypeCode>
<gco:Boolean>1</gco:Boolean>
</gmd:extentTypeCode>
<gmd:westBoundLongitude>
<gco:Decimal>-117.108</gco:Decimal>
</gmd:westBoundLongitude>
<gmd:eastBoundLongitude>
<gco:Decimal>-117.088</gco:Decimal>
</gmd:eastBoundLongitude>
<gmd:southBoundLatitude>
<gco:Decimal>40.922</gco:Decimal>
</gmd:southBoundLatitude>
<gmd:northBoundLatitude>
<gco:Decimal>40.942</gco:Decimal>
</gmd:northBoundLatitude>
</gmd:EX_GeographicBoundingBox>
</gmd:geographicElement>
</gmd:EX_Extent>
</gmd:extent>
</gmd:MD_DataIdentification>
</gmd:identificationInfo>
<!-- **************** -->
<gmd:distributionInfo>
<gmd:MD_Distribution>
<gmd:distributor>
<gmd:MD_Distributor>
<!-- (C) Distribution responsible party -->
<gmd:distributorContact>
<gmd:CI_ResponsibleParty>
<gmd:individualName>
<gco:CharacterString>Michael Lane</gco:CharacterString>
</gmd:individualName>
<gmd:organisationName>
<gco:CharacterString>Oski Energy LLC</gco:CharacterString>
</gmd:organisationName>
<gmd:contactInfo>
<gmd:CI_Contact>
<gmd:address>
<gmd:CI_Address>
<gmd:electronicMailAddress>
<gco:CharacterString>mlane@mcn.org</gco:CharacterString>
</gmd:electronicMailAddress>
</gmd:CI_Address>
</gmd:address>
</gmd:CI_Contact>
</gmd:contactInfo>
<gmd:role>
<gmd:CI_RoleCode codeList="http://www.isotc211.org/2005/resources/Codelist/gmxCodelists.xml#CI_RoleCode" codeListValue="pointOfContact">point of contact</gmd:CI_RoleCode>
</gmd:role>
</gmd:CI_ResponsibleParty>
</gmd:distributorContact>
</gmd:MD_Distributor>
</gmd:distributor>
<gmd:transferOptions>
<gmd:MD_DigitalTransferOptions>
<gmd:onLine>
<gmd:CI_OnlineResource>
<gmd:linkage>
<gmd:URL>http://gdr.openei.org/files/214/Figure 6. Bouguer gravity map_ML_mpk.mpk</gmd:URL>
</gmd:linkage>
<gmd:name>
<gco:CharacterString>Figure 6. Bouguer gravity map_ML_mpk.mpk</gco:CharacterString>
</gmd:name>
<gmd:function>
<gmd:CI_OnLineFunctionCode codeList="http://www.fgdc.gov/nap/metadata/register/registerItemClasses.html#IC_88" codeListValue="375">download</gmd:CI_OnLineFunctionCode>
</gmd:function>
</gmd:CI_OnlineResource>
</gmd:onLine>
</gmd:MD_DigitalTransferOptions>
</gmd:transferOptions>
</gmd:MD_Distribution>
</gmd:distributionInfo>
</gmd:MD_Metadata>
<gmd:MD_Metadata xsi:schemaLocation="http://www.isotc211.org/2005/gmd http://schemas.opengis.net/csw/2.0.2/profiles/apiso/1.0.0/apiso.xsd" xmlns:gmi="http://www.isotc211.org/2005/gmi" xmlns:gmx="http://www.isotc211.org/2005/gmx" xmlns:gts="http://www.isotc211.org/2005/gts">
<gmd:fileIdentifier>
<gco:CharacterString>798cf126-097a-4c2b-93f5-ca74d2ae8361</gco:CharacterString>
</gmd:fileIdentifier>
<gmd:language>
<gco:CharacterString>eng</gco:CharacterString>
</gmd:language>
<gmd:characterSet>
<gmd:MD_CharacterSetCode codeList="http://standards.iso.org/ittf/PubliclyAvailableStandards/ISO_19139_Schemas/resources/Codelist/gmxCodelists.xml#MD_CharacterSetCode" codeListValue="utf8">UTF-8</gmd:MD_CharacterSetCode>
</gmd:characterSet>
<gmd:hierarchyLevel>
<gmd:MD_ScopeCode codeList="http://standards.iso.org/ittf/PubliclyAvailableStandards/ISO_19139_Schemas/resources/Codelist/gmxCodelists.xml#MD_ScopeCode" codeListValue="dataset">usginres:document:image:stillimage:human-generated image:map</gmd:MD_ScopeCode>
</gmd:hierarchyLevel>
<gmd:hierarchyLevelName>
<gco:CharacterString>document:image:stillimage:human-generated image:map</gco:CharacterString>
</gmd:hierarchyLevelName>
<gmd:contact>
<gmd:CI_ResponsibleParty>
<gmd:individualName>
<gco:CharacterString>Sumer Bivens</gco:CharacterString>
</gmd:individualName>
<gmd:organisationName>
<gco:CharacterString>University of Utah-EGI</gco:CharacterString>
</gmd:organisationName>
<gmd:positionName>
<gco:CharacterString>Information Coordinator</gco:CharacterString>
</gmd:positionName>
<gmd:contactInfo>
<gmd:CI_Contact>
<gmd:phone>
<gmd:CI_Telephone>
<gmd:voice>
<gco:CharacterString>801-585-7095</gco:CharacterString>
</gmd:voice>
</gmd:CI_Telephone>
</gmd:phone>
<gmd:address>
<gmd:CI_Address>
<gmd:deliveryPoint>
<gco:CharacterString>423 Wakara Way #300</gco:CharacterString>
</gmd:deliveryPoint>
<gmd:city>
<gco:CharacterString>Salt Lake City</gco:CharacterString>
</gmd:city>
<gmd:administrativeArea>
<gco:CharacterString>UT</gco:CharacterString>
</gmd:administrativeArea>
<gmd:postalCode>
<gco:CharacterString>84108</gco:CharacterString>
</gmd:postalCode>
<gmd:country>
<gco:CharacterString>USA</gco:CharacterString>
</gmd:country>
<gmd:electronicMailAddress>
<gco:CharacterString>sbivens@egi.utah.edu</gco:CharacterString>
</gmd:electronicMailAddress>
</gmd:CI_Address>
</gmd:address>
<gmd:onlineResource>
<gmd:CI_OnlineResource>
<gmd:linkage>
<gmd:URL/>
</gmd:linkage>
</gmd:CI_OnlineResource>
</gmd:onlineResource>
</gmd:CI_Contact>
</gmd:contactInfo>
<gmd:role>
<gmd:CI_RoleCode codeList="http://www.isotc211.org/2005/resources/Codelist/gmxCodelists.xml#CI_RoleCode" codeListValue="pointOfContact">pointOfContact</gmd:CI_RoleCode>
</gmd:role>
</gmd:CI_ResponsibleParty>
</gmd:contact>
<gmd:dateStamp>
<gco:DateTime>2014-04-25T09:02:23</gco:DateTime>
</gmd:dateStamp>
<gmd:metadataStandardName>
<gco:CharacterString>ISO-USGIN</gco:CharacterString>
</gmd:metadataStandardName>
<gmd:metadataStandardVersion>
<gco:CharacterString>1.2</gco:CharacterString>
</gmd:metadataStandardVersion>
<gmd:dataSetURI>
<gco:CharacterString>GL05039_20</gco:CharacterString>
</gmd:dataSetURI>
<gmd:identificationInfo>
<gmd:MD_DataIdentification>
<gmd:citation>
<gmd:CI_Citation>
<gmd:title>
<gco:CharacterString>Mount Princeton Area Colorado Apparent Conductance</gco:CharacterString>
</gmd:title>
<gmd:date>
<gmd:CI_Date>
<gmd:date>
<gco:DateTime>1976-01-01T00:00:00</gco:DateTime>
</gmd:date>
<gmd:dateType>
<gmd:CI_DateTypeCode codeList="http://www.isotc211.org/2005/resources/Codelist/gmxCodelists.xml#CI_DateTypeCode" codeListValue="publication">publication</gmd:CI_DateTypeCode>
</gmd:dateType>
</gmd:CI_Date>
</gmd:date>
<gmd:citedResponsibleParty>
<gmd:CI_ResponsibleParty>
<gmd:individualName>
<gco:CharacterString/>
</gmd:individualName>
<gmd:organisationName>
<gco:CharacterString>AMAX Exploration, Inc.</gco:CharacterString>
</gmd:organisationName>
<gmd:positionName>
<gco:CharacterString/>
</gmd:positionName>
<gmd:contactInfo>
<gmd:CI_Contact>
<gmd:phone>
<gmd:CI_Telephone>
<gmd:voice>
<gco:CharacterString>801-585-7095</gco:CharacterString>
</gmd:voice>
</gmd:CI_Telephone>
</gmd:phone>
<gmd:address>
<gmd:CI_Address>
<gmd:deliveryPoint>
<gco:CharacterString>423 Wakara Way #300</gco:CharacterString>
</gmd:deliveryPoint>
<gmd:city>
<gco:CharacterString>Salt Lake City</gco:CharacterString>
</gmd:city>
<gmd:administrativeArea>
<gco:CharacterString>UT</gco:CharacterString>
</gmd:administrativeArea>
<gmd:postalCode>
<gco:CharacterString>84108</gco:CharacterString>
</gmd:postalCode>
<gmd:electronicMailAddress>
<gco:CharacterString>sbivens@egi.utah.edu</gco:CharacterString>
</gmd:electronicMailAddress>
</gmd:CI_Address>
</gmd:address>
<gmd:onlineResource>
<gmd:CI_OnlineResource>
<gmd:linkage>
<gmd:URL/>
</gmd:linkage>
</gmd:CI_OnlineResource>
</gmd:onlineResource>
</gmd:CI_Contact>
</gmd:contactInfo>
<gmd:role>
<gmd:CI_RoleCode codeList="http://www.isotc211.org/2005/resources/Codelist/gmxCodelists.xml#CI_RoleCode" codeListValue="pointOfContact">pointOfContact</gmd:CI_RoleCode>
</gmd:role>
</gmd:CI_ResponsibleParty>
</gmd:citedResponsibleParty>
<gmd:otherCitationDetails>
<gco:CharacterString/>
</gmd:otherCitationDetails>
</gmd:CI_Citation>
</gmd:citation>
<gmd:abstract>
<gco:CharacterString>Mount Princeton Area Colorado Apparent Conductance</gco:CharacterString>
</gmd:abstract>
<gmd:status>
<gmd:MD_ProgressCode codeList="http://standards.iso.org/ittf/PubliclyAvailableStandards/ISO_19139_Schemas/resources/Codelist/gmxCodelists.xml#MD_ProgressCode" codeListValue="completed">completed</gmd:MD_ProgressCode>
</gmd:status>
<gmd:descriptiveKeywords>
<gmd:MD_Keywords>
<gmd:keyword>
<gco:CharacterString>usginres:document:image:stillimage:human-generated image:map</gco:CharacterString>
</gmd:keyword>
<gmd:keyword>
<gco:CharacterString>Conductance</gco:CharacterString>
</gmd:keyword>
<gmd:keyword>
<gco:CharacterString>Apparent</gco:CharacterString>
</gmd:keyword>
<gmd:type>
<gmd:MD_KeywordTypeCode codeList="http://standards.iso.org/ittf/PubliclyAvailableStandards/ISO_19139_Schemas/resources/Codelist/gmxCodelists.xml#MD_KeywordTypeCode" codeListValue="theme">theme</gmd:MD_KeywordTypeCode>
</gmd:type>
</gmd:MD_Keywords>
</gmd:descriptiveKeywords>
<gmd:descriptiveKeywords>
<gmd:MD_Keywords>
<gmd:keyword>
<gco:CharacterString>1976</gco:CharacterString>
</gmd:keyword>
<gmd:type>
<gmd:MD_KeywordTypeCode codeList="http://standards.iso.org/ittf/PubliclyAvailableStandards/ISO_19139_Schemas/resources/Codelist/gmxCodelists.xml#MD_KeywordTypeCode" codeListValue="temporal">temporal</gmd:MD_KeywordTypeCode>
</gmd:type>
</gmd:MD_Keywords>
</gmd:descriptiveKeywords>
<gmd:descriptiveKeywords>
<gmd:MD_Keywords>
<gmd:keyword>
<gco:CharacterString>USA</gco:CharacterString>
</gmd:keyword>
<gmd:keyword>
<gco:CharacterString>Colorado</gco:CharacterString>
</gmd:keyword>
<gmd:keyword>
<gco:CharacterString>Chaffee</gco:CharacterString>
</gmd:keyword>
<gmd:keyword>
<gco:CharacterString>Mount Princeton</gco:CharacterString>
</gmd:keyword>
<gmd:type>
<gmd:MD_KeywordTypeCode codeList="http://standards.iso.org/ittf/PubliclyAvailableStandards/ISO_19139_Schemas/resources/Codelist/gmxCodelists.xml#MD_KeywordTypeCode" codeListValue="place">place</gmd:MD_KeywordTypeCode>
</gmd:type>
</gmd:MD_Keywords>
</gmd:descriptiveKeywords>
<gmd:aggregationInfo>
<gmd:MD_AggregateInformation>
<gmd:aggregateDataSetIdentifier>
<gmd:MD_Identifier>
<gmd:code>
<gco:CharacterString/>
</gmd:code>
</gmd:MD_Identifier>
</gmd:aggregateDataSetIdentifier>
<gmd:associationType>
<gmd:DS_AssociationTypeCode codeList="http://standards.iso.org/ittf/PubliclyAvailableStandards/ISO_19139_Schemas/resources/Codelist/gmxCodelists.xml#DS_AssociationTypeCode" codeListValue="crossReference">crossReference</gmd:DS_AssociationTypeCode>
</gmd:associationType>
</gmd:MD_AggregateInformation>
</gmd:aggregationInfo>
<gmd:language>
<gco:CharacterString>eng</gco:CharacterString>
</gmd:language>
<gmd:characterSet>
<gmd:MD_CharacterSetCode codeList="http://www.isotc211.org/2005/resources/Codelist/gmxCodelists.xml#MD_CharacterSetCode " codeListValue="utf8">UTF-8</gmd:MD_CharacterSetCode>
</gmd:characterSet>
<gmd:topicCategory>
<gmd:MD_TopicCategoryCode>geoscientificInformation</gmd:MD_TopicCategoryCode>
</gmd:topicCategory>
<gmd:extent>
<gmd:EX_Extent>
<gmd:geographicElement>
<gmd:EX_GeographicBoundingBox>
<gmd:extentTypeCode>
<gco:Boolean>1</gco:Boolean>
</gmd:extentTypeCode>
<gmd:westBoundLongitude>
<gco:Decimal>-109.1</gco:Decimal>
</gmd:westBoundLongitude>
<gmd:eastBoundLongitude>
<gco:Decimal>-102</gco:Decimal>
</gmd:eastBoundLongitude>
<gmd:southBoundLatitude>
<gco:Decimal>37</gco:Decimal>
</gmd:southBoundLatitude>
<gmd:northBoundLatitude>
<gco:Decimal>41</gco:Decimal>
</gmd:northBoundLatitude>
</gmd:EX_GeographicBoundingBox>
</gmd:geographicElement>
</gmd:EX_Extent>
</gmd:extent>
<gmd:extent>
<gmd:EX_Extent>
<gmd:temporalElement>
<gmd:EX_TemporalExtent>
<gmd:extent>
<gml:TimePeriod gml:id="ididm4338976">
<gml:name/>
<gml:beginPosition frame="#ISO-8601">1900-01-01T00:00:00</gml:beginPosition>
<gml:endPosition frame="#ISO-8601">1900-01-01T00:00:00</gml:endPosition>
</gml:TimePeriod>
</gmd:extent>
</gmd:EX_TemporalExtent>
</gmd:temporalElement>
</gmd:EX_Extent>
</gmd:extent>
</gmd:MD_DataIdentification>
</gmd:identificationInfo>
<gmd:distributionInfo>
<gmd:MD_Distribution>
<gmd:distributor>
<gmd:MD_Distributor>
<gmd:distributorContact>
<gmd:CI_ResponsibleParty>
<gmd:individualName>
<gco:CharacterString>Sumer Bivens</gco:CharacterString>
</gmd:individualName>
<gmd:organisationName>
<gco:CharacterString>University of Utah-EGI</gco:CharacterString>
</gmd:organisationName>
<gmd:positionName>
<gco:CharacterString>Information Coordinator</gco:CharacterString>
</gmd:positionName>
<gmd:contactInfo>
<gmd:CI_Contact>
<gmd:phone>
<gmd:CI_Telephone>
<gmd:voice>
<gco:CharacterString>801-585-7095</gco:CharacterString>
</gmd:voice>
</gmd:CI_Telephone>
</gmd:phone>
<gmd:address>
<gmd:CI_Address>
<gmd:deliveryPoint>
<gco:CharacterString>423Wakara Way #300</gco:CharacterString>
</gmd:deliveryPoint>
<gmd:city>
<gco:CharacterString>Salt Lake City</gco:CharacterString>
</gmd:city>
<gmd:administrativeArea>
<gco:CharacterString>UT</gco:CharacterString>
</gmd:administrativeArea>
<gmd:postalCode>
<gco:CharacterString>84108</gco:CharacterString>
</gmd:postalCode>
<gmd:electronicMailAddress>
<gco:CharacterString>sbivens@egi.utah.edu</gco:CharacterString>
</gmd:electronicMailAddress>
</gmd:CI_Address>
</gmd:address>
<gmd:onlineResource>
<gmd:CI_OnlineResource>
<gmd:linkage>
<gmd:URL/>
</gmd:linkage>
</gmd:CI_OnlineResource>
</gmd:onlineResource>
</gmd:CI_Contact>
</gmd:contactInfo>
<gmd:role>
<gmd:CI_RoleCode codeList="http://www.isotc211.org/2005/resources/Codelist/gmxCodelists.xml#CI_RoleCode" codeListValue="pointOfContact">pointOfContact</gmd:CI_RoleCode>
</gmd:role>
</gmd:CI_ResponsibleParty>
</gmd:distributorContact>
</gmd:MD_Distributor>
</gmd:distributor>
<gmd:transferOptions>
<gmd:MD_DigitalTransferOptions>
<gmd:onLine>
<gmd:CI_OnlineResource>
<gmd:linkage>
<gmd:URL>http://ngds.egi.utah.edu/files/GL05039/GL05039_20.tif</gmd:URL>
</gmd:linkage>
<gmd:name>
<gco:CharacterString>Downloadable File</gco:CharacterString>
</gmd:name>
</gmd:CI_OnlineResource>
</gmd:onLine>
</gmd:MD_DigitalTransferOptions>
</gmd:transferOptions>
</gmd:MD_Distribution>
</gmd:distributionInfo>
<gmd:dataQualityInfo>
<gmd:DQ_DataQuality>
<gmd:scope>
<gmd:DQ_Scope>
<gmd:level>
<gmd:MD_ScopeCode codeList="http://standards.iso.org/ittf/PubliclyAvailableStandards/ISO_19139_Schemas/resources/Codelist/gmxCodelists.xml#MD_ScopeCode" codeListValue="dataset">dataset</gmd:MD_ScopeCode>
</gmd:level>
</gmd:DQ_Scope>
</gmd:scope>
<gmd:lineage>
<gmd:LI_Lineage>
<gmd:statement>
<gco:CharacterString>missing</gco:CharacterString>
</gmd:statement>
</gmd:LI_Lineage>
</gmd:lineage>
</gmd:DQ_DataQuality>
</gmd:dataQualityInfo>
<gmd:metadataConstraints>
<gmd:MD_Constraints>
<gmd:useLimitation>
<gco:CharacterString/>
</gmd:useLimitation>
</gmd:MD_Constraints>
</gmd:metadataConstraints>
<gmd:metadataMaintenance>
<gmd:MD_MaintenanceInformation>
<gmd:maintenanceAndUpdateFrequency>
<gmd:MD_MaintenanceFrequencyCode codeList="http://www.isotc211.org/2005/resources/Codelist/gmxCodelists.xml#MD_MaintenanceFrequencyCode" codeListValue="IRREGULAR">irregular								</gmd:MD_MaintenanceFrequencyCode>
</gmd:maintenanceAndUpdateFrequency>
<gmd:maintenanceNote>
<gco:CharacterString>This metadata record has been processed by the iso-19115-to-usgin-19115-data XSLT to ensure that all mandatory content for USGIN profile has been added.2013-11-04T12:00:00</gco:CharacterString>
</gmd:maintenanceNote>
</gmd:MD_MaintenanceInformation>
</gmd:metadataMaintenance>
</gmd:MD_Metadata>
<gmd:MD_Metadata xsi:schemaLocation="http://www.isotc211.org/2005/gmd http://schemas.opengis.net/csw/2.0.2/profiles/apiso/1.0.0/apiso.xsd" xmlns:gmi="http://www.isotc211.org/2005/gmi" xmlns:gmx="http://www.isotc211.org/2005/gmx" xmlns:gts="http://www.isotc211.org/2005/gts">
<gmd:fileIdentifier>
<gco:CharacterString>90e5aa8a743c04160c055efb025c384b</gco:CharacterString>
</gmd:fileIdentifier>
<gmd:language>
<gco:CharacterString>eng</gco:CharacterString>
</gmd:language>
<gmd:characterSet>
<gmd:MD_CharacterSetCode codeList="http://standards.iso.org/ittf/PubliclyAvailableStandards/ISO_19139_Schemas/resources/Codelist/gmxCodelists.xml#MD_CharacterSetCode" codeListValue="utf8">UTF-8</gmd:MD_CharacterSetCode>
</gmd:characterSet>
<gmd:hierarchyLevel>
<gmd:MD_ScopeCode codeList="http://standards.iso.org/ittf/PubliclyAvailableStandards/ISO_19139_Schemas/resources/Codelist/gmxCodelists.xml#MD_ScopeCode" codeListValue="Dataset">Dataset</gmd:MD_ScopeCode>
</gmd:hierarchyLevel>
<gmd:hierarchyLevelName>
<gco:CharacterString>document:text</gco:CharacterString>
</gmd:hierarchyLevelName>
<gmd:contact>
<gmd:CI_ResponsibleParty>
<gmd:individualName>
<gco:CharacterString>Marjorie Gale</gco:CharacterString>
</gmd:individualName>
<gmd:organisationName>
<gco:CharacterString>Vermont Agency of Natural Resources</gco:CharacterString>
</gmd:organisationName>
<gmd:positionName>
<gco:CharacterString>missing</gco:CharacterString>
</gmd:positionName>
<gmd:contactInfo>
<gmd:CI_Contact>
<gmd:phone>
<gmd:CI_Telephone>
<gmd:voice>
<gco:CharacterString>802-654-8951</gco:CharacterString>
</gmd:voice>
</gmd:CI_Telephone>
</gmd:phone>
<gmd:address>
<gmd:CI_Address>
<gmd:deliveryPoint>
<gco:CharacterString>103 South Main St</gco:CharacterString>
</gmd:deliveryPoint>
<gmd:city>
<gco:CharacterString>Waterbury</gco:CharacterString>
</gmd:city>
<gmd:administrativeArea>
<gco:CharacterString>VT</gco:CharacterString>
</gmd:administrativeArea>
<gmd:postalCode>
<gco:CharacterString>05671-2420</gco:CharacterString>
</gmd:postalCode>
<gmd:electronicMailAddress>
<gco:CharacterString>marjorie.gale@State.vt.us</gco:CharacterString>
</gmd:electronicMailAddress>
</gmd:CI_Address>
</gmd:address>
</gmd:CI_Contact>
</gmd:contactInfo>
<gmd:role>
<gmd:CI_RoleCode codeList="http://standards.iso.org/ittf/PubliclyAvailableStandards/ISO_19139_Schemas/resources/Codelist/gmxCodelists.xml#CI_RoleCode" codeListValue="pointOfContact">pointOfContact</gmd:CI_RoleCode>
</gmd:role>
</gmd:CI_ResponsibleParty>
</gmd:contact>
<gmd:dateStamp>
<gco:DateTime>2014-02-25T15:54:07Z</gco:DateTime>
</gmd:dateStamp>
<gmd:metadataStandardName>
<gco:CharacterString>ISO-USGIN</gco:CharacterString>
</gmd:metadataStandardName>
<gmd:metadataStandardVersion>
<gco:CharacterString>1.2</gco:CharacterString>
</gmd:metadataStandardVersion>
<gmd:dataSetURI>
<gco:CharacterString>1865</gco:CharacterString>
</gmd:dataSetURI>
<gmd:identificationInfo>
<gmd:MD_DataIdentification>
<gmd:citation>
<gmd:CI_Citation>
<gmd:title>
<gco:CharacterString>Mineral of The Quarter: White Gold (ice)</gco:CharacterString>
</gmd:title>
<gmd:date>
<gmd:CI_Date>
<gmd:date>
<gco:DateTime>1987-12-30T00:00:00</gco:DateTime>
</gmd:date>
<gmd:dateType>
<gmd:CI_DateTypeCode codeList="http://www.isotc211.org/2005/resources/Codelist/gmxCodelists.xml#CI_DateTypeCode" codeListValue="publication">publication</gmd:CI_DateTypeCode>
</gmd:dateType>
</gmd:CI_Date>
</gmd:date>
<gmd:citedResponsibleParty>
<gmd:CI_ResponsibleParty>
<gmd:individualName>
<gco:CharacterString>Schuele Ethel</gco:CharacterString>
</gmd:individualName>
<gmd:organisationName>
<gco:CharacterString>Missing</gco:CharacterString>
</gmd:organisationName>
<gmd:positionName>
<gco:CharacterString>missing</gco:CharacterString>
</gmd:positionName>
<gmd:contactInfo>
<gmd:CI_Contact>
<gmd:phone>
<gmd:CI_Telephone>
<gmd:voice>
<gco:CharacterString>mising@missing.org</gco:CharacterString>
</gmd:voice>
</gmd:CI_Telephone>
</gmd:phone>
<gmd:address>
<gmd:CI_Address>
<gmd:deliveryPoint>
<gco:CharacterString>Missing</gco:CharacterString>
</gmd:deliveryPoint>
<gmd:city>
<gco:CharacterString>Missing</gco:CharacterString>
</gmd:city>
<gmd:administrativeArea>
<gco:CharacterString>Missing</gco:CharacterString>
</gmd:administrativeArea>
<gmd:postalCode>
<gco:CharacterString>Missing</gco:CharacterString>
</gmd:postalCode>
<gmd:electronicMailAddress>
<gco:CharacterString>555-555-5555</gco:CharacterString>
</gmd:electronicMailAddress>
</gmd:CI_Address>
</gmd:address>
</gmd:CI_Contact>
</gmd:contactInfo>
<gmd:role>
<gmd:CI_RoleCode codeList="http://standards.iso.org/ittf/PubliclyAvailableStandards/ISO_19139_Schemas/resources/Codelist/gmxCodelists.xml#CI_RoleCode" codeListValue="originator">originator</gmd:CI_RoleCode>
</gmd:role>
</gmd:CI_ResponsibleParty>
</gmd:citedResponsibleParty>
</gmd:CI_Citation>
</gmd:citation>
<gmd:abstract>
<gco:CharacterString>Mineral of The Quarter: White Gold (ice). Abstract was not provided, for more information on this resource and accessibility options please see the links provided.</gco:CharacterString>
</gmd:abstract>
<gmd:status>
<gmd:MD_ProgressCode codeList="http://standards.iso.org/ittf/PubliclyAvailableStandards/ISO_19139_Schemas/resources/Codelist/gmxCodelists.xml#MD_ProgressCode" codeListValue="completed">completed</gmd:MD_ProgressCode>
</gmd:status>
<gmd:descriptiveKeywords>
<gmd:MD_Keywords>
<gmd:keyword>
<gco:CharacterString>north america</gco:CharacterString>
</gmd:keyword>
<gmd:keyword>
<gco:CharacterString>usa</gco:CharacterString>
</gmd:keyword>
<gmd:keyword>
<gco:CharacterString>vermont</gco:CharacterString>
</gmd:keyword>
<gmd:keyword>
<gco:CharacterString>usginres:document:text</gco:CharacterString>
</gmd:keyword>
<gmd:type>
<gmd:MD_KeywordTypeCode codeList="http://standards.iso.org/ittf/PubliclyAvailableStandards/ISO_19139_Schemas/resources/Codelist/gmxCodelists.xml#MD_KeywordTypeCode" codeListValue="theme">theme</gmd:MD_KeywordTypeCode>
</gmd:type>
</gmd:MD_Keywords>
</gmd:descriptiveKeywords>
<gmd:descriptiveKeywords>
<gmd:MD_Keywords>
<gmd:keyword>
<gco:CharacterString>Downloadable Files</gco:CharacterString>
</gmd:keyword>
<gmd:keyword>
<gco:CharacterString>Vermont</gco:CharacterString>
</gmd:keyword>
<gmd:keyword>
<gco:CharacterString>Vermont Biblio Geothermal Metadata Compilation</gco:CharacterString>
</gmd:keyword>
<gmd:keyword>
<gco:CharacterString>Vermont Geological Survey </gco:CharacterString>
</gmd:keyword>
<gmd:thesaurusName xlink:href="/metadata/collection/">
<gmd:CI_Citation>
<gmd:title>
<gco:CharacterString>Server Collections</gco:CharacterString>
</gmd:title>
<gmd:date>
<gmd:CI_Date>
<gmd:date>
<gco:Date>2012-06-06</gco:Date>
</gmd:date>
<gmd:dateType>
<gmd:CI_DateTypeCode codeList="http://standards.iso.org/ittf/PubliclyAvailableStandards/ISO_19139_Schemas/resources/Codelist/gmxCodelists.xml#CI_DateTypeCode" codeListValue="publication"/>
</gmd:dateType>
</gmd:CI_Date>
</gmd:date>
</gmd:CI_Citation>
</gmd:thesaurusName>
</gmd:MD_Keywords>
</gmd:descriptiveKeywords>
<gmd:language>
<gco:CharacterString>eng</gco:CharacterString>
</gmd:language>
<gmd:characterSet>
<gmd:MD_CharacterSetCode codeList="http://www.isotc211.org/2005/resources/Codelist/gmxCodelists.xml#MD_CharacterSetCode " codeListValue="utf8">UTF-8</gmd:MD_CharacterSetCode>
</gmd:characterSet>
<gmd:topicCategory>
<gmd:MD_TopicCategoryCode>geoscientificInformation</gmd:MD_TopicCategoryCode>
</gmd:topicCategory>
<gmd:extent>
<gmd:EX_Extent>
<gmd:geographicElement>
<gmd:EX_GeographicBoundingBox>
<gmd:westBoundLongitude>
<gco:Decimal>-73.437903</gco:Decimal>
</gmd:westBoundLongitude>
<gmd:eastBoundLongitude>
<gco:Decimal>-71.465282</gco:Decimal>
</gmd:eastBoundLongitude>
<gmd:southBoundLatitude>
<gco:Decimal>42.727119</gco:Decimal>
</gmd:southBoundLatitude>
<gmd:northBoundLatitude>
<gco:Decimal>45.01674</gco:Decimal>
</gmd:northBoundLatitude>
</gmd:EX_GeographicBoundingBox>
</gmd:geographicElement>
</gmd:EX_Extent>
</gmd:extent>
</gmd:MD_DataIdentification>
</gmd:identificationInfo>
<gmd:distributionInfo>
<gmd:MD_Distribution>
<gmd:distributor>
<gmd:MD_Distributor>
<gmd:distributorContact>
<gmd:CI_ResponsibleParty>
<gmd:individualName>
<gco:CharacterString>Marjorie Gale</gco:CharacterString>
</gmd:individualName>
<gmd:organisationName>
<gco:CharacterString>Vermont Agency of Natural Resources</gco:CharacterString>
</gmd:organisationName>
<gmd:positionName>
<gco:CharacterString>missing</gco:CharacterString>
</gmd:positionName>
<gmd:contactInfo>
<gmd:CI_Contact>
<gmd:phone>
<gmd:CI_Telephone>
<gmd:voice>
<gco:CharacterString>802-654-8951</gco:CharacterString>
</gmd:voice>
</gmd:CI_Telephone>
</gmd:phone>
<gmd:address>
<gmd:CI_Address>
<gmd:deliveryPoint>
<gco:CharacterString>103 South Main St</gco:CharacterString>
</gmd:deliveryPoint>
<gmd:city>
<gco:CharacterString>Waterbury</gco:CharacterString>
</gmd:city>
<gmd:administrativeArea>
<gco:CharacterString>VT</gco:CharacterString>
</gmd:administrativeArea>
<gmd:postalCode>
<gco:CharacterString>05671-2420</gco:CharacterString>
</gmd:postalCode>
<gmd:electronicMailAddress>
<gco:CharacterString>marjorie.gale@State.vt.us</gco:CharacterString>
</gmd:electronicMailAddress>
</gmd:CI_Address>
</gmd:address>
</gmd:CI_Contact>
</gmd:contactInfo>
<gmd:role>
<gmd:CI_RoleCode codeList="http://standards.iso.org/ittf/PubliclyAvailableStandards/ISO_19139_Schemas/resources/Codelist/gmxCodelists.xml#CI_RoleCode" codeListValue="distributor">distributor</gmd:CI_RoleCode>
</gmd:role>
</gmd:CI_ResponsibleParty>
</gmd:distributorContact>
</gmd:MD_Distributor>
</gmd:distributor>
<gmd:transferOptions>
<gmd:MD_DigitalTransferOptions id="http___www_anr_State_vt_us_dec_geo_GMGVTSoc_GMG_1987_pdf">
<gmd:onLine>
<gmd:CI_OnlineResource>
<gmd:linkage>
<gmd:URL>http://www.anr.State.vt.us/dec/geo/GMGVTSoc/GMG_1987.pdf</gmd:URL>
</gmd:linkage>
<gmd:name>
<gco:CharacterString>Resource URL</gco:CharacterString>
</gmd:name>
<gmd:description>
<gco:CharacterString>No Description Was Provided</gco:CharacterString>
</gmd:description>
<gmd:function>
<gmd:CI_OnLineFunctionCode codeList="http://www.fgdc.gov/nap/metadata/register/registerItemClasses.html#IC_88" codeListValue="375">download</gmd:CI_OnLineFunctionCode>
</gmd:function>
</gmd:CI_OnlineResource>
</gmd:onLine>
</gmd:MD_DigitalTransferOptions>
</gmd:transferOptions>
</gmd:MD_Distribution>
</gmd:distributionInfo>
<gmd:metadataMaintenance>
<gmd:MD_MaintenanceInformation>
<gmd:maintenanceAndUpdateFrequency>
<gmd:MD_MaintenanceFrequencyCode codeList="http://www.isotc211.org/2005/resources/Codelist/gmxCodelists.xml#MD_MaintenanceFrequencyCode" codeListValue="IRREGULAR">irregular								</gmd:MD_MaintenanceFrequencyCode>
</gmd:maintenanceAndUpdateFrequency>
<gmd:maintenanceNote>
<gco:CharacterString>This metadata record has been processed by the iso-19115-to-usgin-19115-data XSLT to ensure that all mandatory content for USGIN profile has been added.2013-11-04T12:00:00</gco:CharacterString>
</gmd:maintenanceNote>
</gmd:MD_MaintenanceInformation>
</gmd:metadataMaintenance>
</gmd:MD_Metadata>
<gmd:MD_Metadata xsi:schemaLocation="http://www.isotc211.org/2005/gmi http://ngdc.noaa.gov/metadata/published/xsd/schema.xsd" xmlns:gmi="http://www.isotc211.org/2005/gmi" xmlns:gmx="http://www.isotc211.org/2005/gmx">
<gmd:fileIdentifier>
<gco:CharacterString>4f4e4ac7e4b07f02db67b043</gco:CharacterString>
</gmd:fileIdentifier>
<gmd:language>
<gco:CharacterString>eng</gco:CharacterString>
</gmd:language>
<gmd:characterSet>
<gmd:MD_CharacterSetCode codeList="http://www.isotc211.org/2005/resources/Codelist/gmxCodelists.xml#MD_CharacterSetCode" codeListValue="utf8">UTF-8</gmd:MD_CharacterSetCode>
</gmd:characterSet>
<gmd:hierarchyLevel>
<gmd:MD_ScopeCode codeList="https://www.sciencebase.gov/vocab/category/4f4e475de4b07f02db47ded7" codeListValue="Publication">Publication</gmd:MD_ScopeCode>
</gmd:hierarchyLevel>
<gmd:hierarchyLevelName>
<gco:CharacterString>Publication</gco:CharacterString>
</gmd:hierarchyLevelName>
<gmd:contact>
<gmd:CI_ResponsibleParty>
<gmd:individualName>
<gco:CharacterString>Duffield, Wendell A.</gco:CharacterString>
</gmd:individualName>
<gmd:organisationName>
<gco:CharacterString>Unknown</gco:CharacterString>
</gmd:organisationName>
<gmd:contactInfo>
<gmd:CI_Contact/>
</gmd:contactInfo>
<gmd:role>
<gmd:CI_RoleCode codeList="http://www.isotc211.org/2005/resources/Codelist/gmxCodelists.xml#CI_RoleCode" codeListValue="author">author</gmd:CI_RoleCode>
</gmd:role>
</gmd:CI_ResponsibleParty>
</gmd:contact>
<gmd:contact>
<gmd:CI_ResponsibleParty>
<gmd:individualName>
<gco:CharacterString>Sass, John H.</gco:CharacterString>
</gmd:individualName>
<gmd:organisationName>
<gco:CharacterString>Unknown</gco:CharacterString>
</gmd:organisationName>
<gmd:contactInfo>
<gmd:CI_Contact/>
</gmd:contactInfo>
<gmd:role>
<gmd:CI_RoleCode codeList="http://www.isotc211.org/2005/resources/Codelist/gmxCodelists.xml#CI_RoleCode" codeListValue="author">author</gmd:CI_RoleCode>
</gmd:role>
</gmd:CI_ResponsibleParty>
</gmd:contact>
<gmd:dateStamp>
<gco:DateTime>2014-07-21T18:41:35Z</gco:DateTime>
</gmd:dateStamp>
<gmd:metadataStandardName>
<gco:CharacterString>ISO19115</gco:CharacterString>
</gmd:metadataStandardName>
<gmd:metadataStandardVersion>
<gco:CharacterString>1.0</gco:CharacterString>
</gmd:metadataStandardVersion>
<gmd:dataSetURI>
<gco:CharacterString>https://www.sciencebase.gov/catalog/item/4f4e4ac7e4b07f02db67b043</gco:CharacterString>
</gmd:dataSetURI>
<gmd:identificationInfo>
<gmd:MD_DataIdentification>
<gmd:citation>
<gmd:CI_Citation>
<gmd:title>
<gco:CharacterString>Geothermal energy : clean power from the Earth's heat</gco:CharacterString>
</gmd:title>
<gmd:date>
<gmd:CI_Date>
<gmd:date>
<gco:Date>2003</gco:Date>
</gmd:date>
<gmd:dateType>
<gmd:CI_DateTypeCode codeList="https://www.sciencebase.gov/vocab/category/4f4e475de4b07f02db47ded1" codeListValue="Publication">Publication</gmd:CI_DateTypeCode>
</gmd:dateType>
</gmd:CI_Date>
</gmd:date>
</gmd:CI_Citation>
</gmd:citation>
<gmd:abstract>
<gco:CharacterString>REQUIRED FIELD</gco:CharacterString>
</gmd:abstract>
<gmd:descriptiveKeywords>
<gmd:MD_Keywords>
<gmd:keyword>
<gco:CharacterString>Circular</gco:CharacterString>
</gmd:keyword>
<gmd:type>
<gmd:MD_KeywordTypeCode codeList="https://www.sciencebase.gov/vocab/category/51084af0e4b0df796f216f17" codeListValue="Publication">Publication</gmd:MD_KeywordTypeCode>
</gmd:type>
</gmd:MD_Keywords>
</gmd:descriptiveKeywords>
<gmd:language>
<gco:CharacterString>eng</gco:CharacterString>
</gmd:language>
<gmd:topicCategory>
<gmd:MD_TopicCategoryCode>geoscientificInformation</gmd:MD_TopicCategoryCode>
</gmd:topicCategory>
</gmd:MD_DataIdentification>
</gmd:identificationInfo>
<gmd:distributionInfo>
<gmd:MD_Distribution>
<gmd:transferOptions>
<gmd:MD_DigitalTransferOptions>
<gmd:onLine>
<gmd:CI_OnlineResource>
<gmd:linkage>
<gmd:URL>https://www.sciencebase.gov/catalog/item/4f4e4ac7e4b07f02db67b043</gmd:URL>
</gmd:linkage>
<gmd:protocol>
<gco:CharacterString>WWW:LINK-1.0-http--link</gco:CharacterString>
</gmd:protocol>
<gmd:applicationProfile>
<gco:CharacterString>Web Browser</gco:CharacterString>
</gmd:applicationProfile>
<gmd:name>
<gco:CharacterString>ScienceBase Item Summary Page</gco:CharacterString>
</gmd:name>
<gmd:description>
<gco:CharacterString>Link to the ScienceBase Item Summary page for the item described by this metadata record</gco:CharacterString>
</gmd:description>
<gmd:function>
<gmd:CI_OnLineFunctionCode codeList="http://www.isotc211.org/2005/resources/Codelist/gmxCodelists.xml#CI_OnLineFunctionCode" codeListValue="information">information</gmd:CI_OnLineFunctionCode>
</gmd:function>
</gmd:CI_OnlineResource>
</gmd:onLine>
<gmd:onLine>
<gmd:CI_OnlineResource>
<gmd:linkage>
<gmd:URL>http://pubs.usgs.gov/circ/2004/c1249/</gmd:URL>
</gmd:linkage>
<gmd:protocol>
<gco:CharacterString>WWW:LINK-1.0-http--link</gco:CharacterString>
</gmd:protocol>
<gmd:applicationProfile>
<gco:CharacterString>Web Browser</gco:CharacterString>
</gmd:applicationProfile>
<gmd:name>
<gco:CharacterString>INDEX PAGE</gco:CharacterString>
</gmd:name>
<gmd:description>
<gco:CharacterString>ScienceBase WebLink</gco:CharacterString>
</gmd:description>
<gmd:function>
<gmd:CI_OnLineFunctionCode codeList="http://www.isotc211.org/2005/resources/Codelist/gmxCodelists.xml#CI_OnLineFunctionCode" codeListValue="information">information</gmd:CI_OnLineFunctionCode>
</gmd:function>
</gmd:CI_OnlineResource>
</gmd:onLine>
<gmd:onLine>
<gmd:CI_OnlineResource>
<gmd:linkage>
<gmd:URL>http://pubs.er.usgs.gov/publication/cir1249</gmd:URL>
</gmd:linkage>
<gmd:protocol>
<gco:CharacterString>WWW:LINK-1.0-http--link</gco:CharacterString>
</gmd:protocol>
<gmd:applicationProfile>
<gco:CharacterString>Web Browser</gco:CharacterString>
</gmd:applicationProfile>
<gmd:name>
<gco:CharacterString>index page</gco:CharacterString>
</gmd:name>
<gmd:description>
<gco:CharacterString>ScienceBase WebLink</gco:CharacterString>
</gmd:description>
<gmd:function>
<gmd:CI_OnLineFunctionCode codeList="http://www.isotc211.org/2005/resources/Codelist/gmxCodelists.xml#CI_OnLineFunctionCode" codeListValue="information">information</gmd:CI_OnLineFunctionCode>
</gmd:function>
</gmd:CI_OnlineResource>
</gmd:onLine>
<gmd:onLine>
<gmd:CI_OnlineResource>
<gmd:linkage>
<gmd:URL>https://www.sciencebase.gov/catalog/file/get/4f4e4ac7e4b07f02db67b043</gmd:URL>
</gmd:linkage>
<gmd:protocol>
<gco:CharacterString>WWW:LINK-1.0-http--link</gco:CharacterString>
</gmd:protocol>
<gmd:applicationProfile>
<gco:CharacterString>Web Browser</gco:CharacterString>
</gmd:applicationProfile>
<gmd:name>
<gco:CharacterString>Download Attached Files</gco:CharacterString>
</gmd:name>
<gmd:description>
<gco:CharacterString>Download Link</gco:CharacterString>
</gmd:description>
<gmd:function>
<gmd:CI_OnLineFunctionCode codeList="http://www.isotc211.org/2005/resources/Codelist/gmxCodelists.xml#CI_OnLineFunctionCode" codeListValue="information">information</gmd:CI_OnLineFunctionCode>
</gmd:function>
</gmd:CI_OnlineResource>
</gmd:onLine>
</gmd:MD_DigitalTransferOptions>
</gmd:transferOptions>
</gmd:MD_Distribution>
</gmd:distributionInfo>
<gmd:metadataConstraints>
<gmd:MD_Constraints>
<gmd:useLimitation>
<gco:CharacterString>none</gco:CharacterString>
</gmd:useLimitation>
</gmd:MD_Constraints>
</gmd:metadataConstraints>
</gmd:MD_Metadata>
<gmd:MD_Metadata xsi:schemaLocation="http://www.isotc211.org/2005/gmd http://schemas.opengis.net/csw/2.0.2/profiles/apiso/1.0.0/apiso.xsd" xmlns:gmi="http://www.isotc211.org/2005/gmi" xmlns:gmx="http://www.isotc211.org/2005/gmx" xmlns:gts="http://www.isotc211.org/2005/gts">
<gmd:fileIdentifier>
<gco:CharacterString>90e5aa8a743c04160c055efb025bfca3</gco:CharacterString>
</gmd:fileIdentifier>
<gmd:language>
<gco:CharacterString>eng</gco:CharacterString>
</gmd:language>
<gmd:characterSet>
<gmd:MD_CharacterSetCode codeList="http://standards.iso.org/ittf/PubliclyAvailableStandards/ISO_19139_Schemas/resources/Codelist/gmxCodelists.xml#MD_CharacterSetCode" codeListValue="utf8">UTF-8</gmd:MD_CharacterSetCode>
</gmd:characterSet>
<gmd:hierarchyLevel>
<gmd:MD_ScopeCode codeList="http://standards.iso.org/ittf/PubliclyAvailableStandards/ISO_19139_Schemas/resources/Codelist/gmxCodelists.xml#MD_ScopeCode" codeListValue="Dataset">Dataset</gmd:MD_ScopeCode>
</gmd:hierarchyLevel>
<gmd:hierarchyLevelName>
<gco:CharacterString>document:text</gco:CharacterString>
</gmd:hierarchyLevelName>
<gmd:contact>
<gmd:CI_ResponsibleParty>
<gmd:individualName>
<gco:CharacterString>Marjorie Gale</gco:CharacterString>
</gmd:individualName>
<gmd:organisationName>
<gco:CharacterString>Vermont Agency of Natural Resources</gco:CharacterString>
</gmd:organisationName>
<gmd:positionName>
<gco:CharacterString>missing</gco:CharacterString>
</gmd:positionName>
<gmd:contactInfo>
<gmd:CI_Contact>
<gmd:phone>
<gmd:CI_Telephone>
<gmd:voice>
<gco:CharacterString>802-654-8951</gco:CharacterString>
</gmd:voice>
</gmd:CI_Telephone>
</gmd:phone>
<gmd:address>
<gmd:CI_Address>
<gmd:deliveryPoint>
<gco:CharacterString>103 South Main St</gco:CharacterString>
</gmd:deliveryPoint>
<gmd:city>
<gco:CharacterString>Waterbury</gco:CharacterString>
</gmd:city>
<gmd:administrativeArea>
<gco:CharacterString>VT</gco:CharacterString>
</gmd:administrativeArea>
<gmd:postalCode>
<gco:CharacterString>05671-2420</gco:CharacterString>
</gmd:postalCode>
<gmd:electronicMailAddress>
<gco:CharacterString>marjorie.gale@State.vt.us</gco:CharacterString>
</gmd:electronicMailAddress>
</gmd:CI_Address>
</gmd:address>
</gmd:CI_Contact>
</gmd:contactInfo>
<gmd:role>
<gmd:CI_RoleCode codeList="http://standards.iso.org/ittf/PubliclyAvailableStandards/ISO_19139_Schemas/resources/Codelist/gmxCodelists.xml#CI_RoleCode" codeListValue="pointOfContact">pointOfContact</gmd:CI_RoleCode>
</gmd:role>
</gmd:CI_ResponsibleParty>
</gmd:contact>
<gmd:dateStamp>
<gco:DateTime>2014-02-25T15:54:06Z</gco:DateTime>
</gmd:dateStamp>
<gmd:metadataStandardName>
<gco:CharacterString>ISO-USGIN</gco:CharacterString>
</gmd:metadataStandardName>
<gmd:metadataStandardVersion>
<gco:CharacterString>1.2</gco:CharacterString>
</gmd:metadataStandardVersion>
<gmd:dataSetURI>
<gco:CharacterString>816</gco:CharacterString>
</gmd:dataSetURI>
<gmd:identificationInfo>
<gmd:MD_DataIdentification>
<gmd:citation>
<gmd:CI_Citation>
<gmd:title>
<gco:CharacterString>Metasomatism of Greenstones Associated With Small-scale Shear Zones Near Camels Hump, Central Vermont</gco:CharacterString>
</gmd:title>
<gmd:date>
<gmd:CI_Date>
<gmd:date>
<gco:DateTime>1984-12-30T00:00:00</gco:DateTime>
</gmd:date>
<gmd:dateType>
<gmd:CI_DateTypeCode codeList="http://www.isotc211.org/2005/resources/Codelist/gmxCodelists.xml#CI_DateTypeCode" codeListValue="publication">publication</gmd:CI_DateTypeCode>
</gmd:dateType>
</gmd:CI_Date>
</gmd:date>
<gmd:citedResponsibleParty>
<gmd:CI_ResponsibleParty>
<gmd:individualName>
<gco:CharacterString>Goldfinger Michael</gco:CharacterString>
</gmd:individualName>
<gmd:organisationName>
<gco:CharacterString>Missing</gco:CharacterString>
</gmd:organisationName>
<gmd:positionName>
<gco:CharacterString>missing</gco:CharacterString>
</gmd:positionName>
<gmd:contactInfo>
<gmd:CI_Contact>
<gmd:phone>
<gmd:CI_Telephone>
<gmd:voice>
<gco:CharacterString>mising@missing.org</gco:CharacterString>
</gmd:voice>
</gmd:CI_Telephone>
</gmd:phone>
<gmd:address>
<gmd:CI_Address>
<gmd:deliveryPoint>
<gco:CharacterString>Missing</gco:CharacterString>
</gmd:deliveryPoint>
<gmd:city>
<gco:CharacterString>Missing</gco:CharacterString>
</gmd:city>
<gmd:administrativeArea>
<gco:CharacterString>Missing</gco:CharacterString>
</gmd:administrativeArea>
<gmd:postalCode>
<gco:CharacterString>Missing</gco:CharacterString>
</gmd:postalCode>
<gmd:electronicMailAddress>
<gco:CharacterString>555-555-5555</gco:CharacterString>
</gmd:electronicMailAddress>
</gmd:CI_Address>
</gmd:address>
</gmd:CI_Contact>
</gmd:contactInfo>
<gmd:role>
<gmd:CI_RoleCode codeList="http://standards.iso.org/ittf/PubliclyAvailableStandards/ISO_19139_Schemas/resources/Codelist/gmxCodelists.xml#CI_RoleCode" codeListValue="originator">originator</gmd:CI_RoleCode>
</gmd:role>
</gmd:CI_ResponsibleParty>
</gmd:citedResponsibleParty>
</gmd:CI_Citation>
</gmd:citation>
<gmd:abstract>
<gco:CharacterString>Metasomatism of Greenstones Associated With Small-scale Shear Zones Near Camels Hump, Central Vermont. Abstract was not provided, for more information on this resource and accessibility options please see the links provided.</gco:CharacterString>
</gmd:abstract>
<gmd:status>
<gmd:MD_ProgressCode codeList="http://standards.iso.org/ittf/PubliclyAvailableStandards/ISO_19139_Schemas/resources/Codelist/gmxCodelists.xml#MD_ProgressCode" codeListValue="completed">completed</gmd:MD_ProgressCode>
</gmd:status>
<gmd:descriptiveKeywords>
<gmd:MD_Keywords>
<gmd:keyword>
<gco:CharacterString>north america</gco:CharacterString>
</gmd:keyword>
<gmd:keyword>
<gco:CharacterString>usa</gco:CharacterString>
</gmd:keyword>
<gmd:keyword>
<gco:CharacterString>vermont</gco:CharacterString>
</gmd:keyword>
<gmd:keyword>
<gco:CharacterString>paleozoic</gco:CharacterString>
</gmd:keyword>
<gmd:keyword>
<gco:CharacterString>usginres:document:text</gco:CharacterString>
</gmd:keyword>
<gmd:type>
<gmd:MD_KeywordTypeCode codeList="http://standards.iso.org/ittf/PubliclyAvailableStandards/ISO_19139_Schemas/resources/Codelist/gmxCodelists.xml#MD_KeywordTypeCode" codeListValue="theme">theme</gmd:MD_KeywordTypeCode>
</gmd:type>
</gmd:MD_Keywords>
</gmd:descriptiveKeywords>
<gmd:descriptiveKeywords>
<gmd:MD_Keywords>
<gmd:keyword>
<gco:CharacterString>Downloadable Files</gco:CharacterString>
</gmd:keyword>
<gmd:keyword>
<gco:CharacterString>Vermont</gco:CharacterString>
</gmd:keyword>
<gmd:keyword>
<gco:CharacterString>Vermont Biblio Geothermal Metadata Compilation</gco:CharacterString>
</gmd:keyword>
<gmd:keyword>
<gco:CharacterString>Vermont Geological Survey </gco:CharacterString>
</gmd:keyword>
<gmd:thesaurusName xlink:href="/metadata/collection/">
<gmd:CI_Citation>
<gmd:title>
<gco:CharacterString>Server Collections</gco:CharacterString>
</gmd:title>
<gmd:date>
<gmd:CI_Date>
<gmd:date>
<gco:Date>2012-06-06</gco:Date>
</gmd:date>
<gmd:dateType>
<gmd:CI_DateTypeCode codeList="http://standards.iso.org/ittf/PubliclyAvailableStandards/ISO_19139_Schemas/resources/Codelist/gmxCodelists.xml#CI_DateTypeCode" codeListValue="publication"/>
</gmd:dateType>
</gmd:CI_Date>
</gmd:date>
</gmd:CI_Citation>
</gmd:thesaurusName>
</gmd:MD_Keywords>
</gmd:descriptiveKeywords>
<gmd:language>
<gco:CharacterString>eng</gco:CharacterString>
</gmd:language>
<gmd:characterSet>
<gmd:MD_CharacterSetCode codeList="http://www.isotc211.org/2005/resources/Codelist/gmxCodelists.xml#MD_CharacterSetCode " codeListValue="utf8">UTF-8</gmd:MD_CharacterSetCode>
</gmd:characterSet>
<gmd:topicCategory>
<gmd:MD_TopicCategoryCode>geoscientificInformation</gmd:MD_TopicCategoryCode>
</gmd:topicCategory>
<gmd:extent>
<gmd:EX_Extent>
<gmd:geographicElement>
<gmd:EX_GeographicBoundingBox>
<gmd:westBoundLongitude>
<gco:Decimal>-72.952205</gco:Decimal>
</gmd:westBoundLongitude>
<gmd:eastBoundLongitude>
<gco:Decimal>-72.217079</gco:Decimal>
</gmd:eastBoundLongitude>
<gmd:southBoundLatitude>
<gco:Decimal>44.012818</gco:Decimal>
</gmd:southBoundLatitude>
<gmd:northBoundLatitude>
<gco:Decimal>44.505248</gco:Decimal>
</gmd:northBoundLatitude>
</gmd:EX_GeographicBoundingBox>
</gmd:geographicElement>
</gmd:EX_Extent>
</gmd:extent>
</gmd:MD_DataIdentification>
</gmd:identificationInfo>
<gmd:distributionInfo>
<gmd:MD_Distribution>
<gmd:distributor>
<gmd:MD_Distributor>
<gmd:distributorContact>
<gmd:CI_ResponsibleParty>
<gmd:individualName>
<gco:CharacterString>Marjorie Gale</gco:CharacterString>
</gmd:individualName>
<gmd:organisationName>
<gco:CharacterString>Vermont Agency of Natural Resources</gco:CharacterString>
</gmd:organisationName>
<gmd:positionName>
<gco:CharacterString>missing</gco:CharacterString>
</gmd:positionName>
<gmd:contactInfo>
<gmd:CI_Contact>
<gmd:phone>
<gmd:CI_Telephone>
<gmd:voice>
<gco:CharacterString>802-654-8951</gco:CharacterString>
</gmd:voice>
</gmd:CI_Telephone>
</gmd:phone>
<gmd:address>
<gmd:CI_Address>
<gmd:deliveryPoint>
<gco:CharacterString>103 South Main St</gco:CharacterString>
</gmd:deliveryPoint>
<gmd:city>
<gco:CharacterString>Waterbury</gco:CharacterString>
</gmd:city>
<gmd:administrativeArea>
<gco:CharacterString>VT</gco:CharacterString>
</gmd:administrativeArea>
<gmd:postalCode>
<gco:CharacterString>05671-2420</gco:CharacterString>
</gmd:postalCode>
<gmd:electronicMailAddress>
<gco:CharacterString>marjorie.gale@State.vt.us</gco:CharacterString>
</gmd:electronicMailAddress>
</gmd:CI_Address>
</gmd:address>
</gmd:CI_Contact>
</gmd:contactInfo>
<gmd:role>
<gmd:CI_RoleCode codeList="http://standards.iso.org/ittf/PubliclyAvailableStandards/ISO_19139_Schemas/resources/Codelist/gmxCodelists.xml#CI_RoleCode" codeListValue="distributor">distributor</gmd:CI_RoleCode>
</gmd:role>
</gmd:CI_ResponsibleParty>
</gmd:distributorContact>
</gmd:MD_Distributor>
</gmd:distributor>
<gmd:transferOptions>
<gmd:MD_DigitalTransferOptions id="http___www_anr_State_vt_us_dec_geo_GMGVTSoc_GMG_1984_pdf">
<gmd:onLine>
<gmd:CI_OnlineResource>
<gmd:linkage>
<gmd:URL>http://www.anr.State.vt.us/dec/geo/GMGVTSoc/GMG_1984.pdf</gmd:URL>
</gmd:linkage>
<gmd:name>
<gco:CharacterString>Resource URL</gco:CharacterString>
</gmd:name>
<gmd:description>
<gco:CharacterString>No Description Was Provided</gco:CharacterString>
</gmd:description>
<gmd:function>
<gmd:CI_OnLineFunctionCode codeList="http://www.fgdc.gov/nap/metadata/register/registerItemClasses.html#IC_88" codeListValue="375">download</gmd:CI_OnLineFunctionCode>
</gmd:function>
</gmd:CI_OnlineResource>
</gmd:onLine>
</gmd:MD_DigitalTransferOptions>
</gmd:transferOptions>
</gmd:MD_Distribution>
</gmd:distributionInfo>
<gmd:metadataMaintenance>
<gmd:MD_MaintenanceInformation>
<gmd:maintenanceAndUpdateFrequency>
<gmd:MD_MaintenanceFrequencyCode codeList="http://www.isotc211.org/2005/resources/Codelist/gmxCodelists.xml#MD_MaintenanceFrequencyCode" codeListValue="IRREGULAR">irregular								</gmd:MD_MaintenanceFrequencyCode>
</gmd:maintenanceAndUpdateFrequency>
<gmd:maintenanceNote>
<gco:CharacterString>This metadata record has been processed by the iso-19115-to-usgin-19115-data XSLT to ensure that all mandatory content for USGIN profile has been added.2013-11-04T12:00:00</gco:CharacterString>
</gmd:maintenanceNote>
</gmd:MD_MaintenanceInformation>
</gmd:metadataMaintenance>
</gmd:MD_Metadata>
<gmd:MD_Metadata xsi:schemaLocation="http://www.isotc211.org/2005/gmd http://schemas.opengis.net/csw/2.0.2/profiles/apiso/1.0.0/apiso.xsd">
<gmd:fileIdentifier>
<gco:CharacterString>8c1fec75-f7b1-3d44-9b8e-c2c95c591910</gco:CharacterString>
</gmd:fileIdentifier>
<gmd:language>
<gco:CharacterString>eng</gco:CharacterString>
</gmd:language>
<gmd:characterSet>
<gmd:MD_CharacterSetCode codeList="http://standards.iso.org/ittf/PubliclyAvailableStandards/ISO_19139_Schemas/resources/Codelist/gmxCodelists.xml#MD_CharacterSetCode" codeListValue="utf8">UTF-8</gmd:MD_CharacterSetCode>
</gmd:characterSet>
<gmd:hierarchyLevel>
<gmd:MD_ScopeCode codeList="http://standards.iso.org/ittf/PubliclyAvailableStandards/ISO_19139_Schemas/resources/Codelist/gmxCodelists.xml#MD_ScopeCode" codeListValue="Dataset">Dataset</gmd:MD_ScopeCode>
</gmd:hierarchyLevel>
<gmd:hierarchyLevelName>
<gco:CharacterString>Document</gco:CharacterString>
</gmd:hierarchyLevelName>
<gmd:contact>
<gmd:CI_ResponsibleParty>
<gmd:individualName>
<gco:CharacterString>Maria Richards</gco:CharacterString>
</gmd:individualName>
<gmd:organisationName>
<gco:CharacterString>SMU Geothermal Laboratory, Roy M. Huffington Department of Earth Sciences</gco:CharacterString>
</gmd:organisationName>
<gmd:contactInfo>
<gmd:CI_Contact>
<gmd:phone>
<gmd:CI_Telephone>
<gmd:voice>
<gco:CharacterString>214-768-1975</gco:CharacterString>
</gmd:voice>
</gmd:CI_Telephone>
</gmd:phone>
<gmd:address>
<gmd:CI_Address>
<gmd:deliveryPoint>
<gco:CharacterString>P.O. Box 750395</gco:CharacterString>
</gmd:deliveryPoint>
<gmd:city>
<gco:CharacterString>Dallas</gco:CharacterString>
</gmd:city>
<gmd:administrativeArea>
<gco:CharacterString>TX</gco:CharacterString>
</gmd:administrativeArea>
<gmd:postalCode>
<gco:CharacterString>75275-0395</gco:CharacterString>
</gmd:postalCode>
<gmd:electronicMailAddress>
<gco:CharacterString>mrichard@smu.edu</gco:CharacterString>
</gmd:electronicMailAddress>
</gmd:CI_Address>
</gmd:address>
</gmd:CI_Contact>
</gmd:contactInfo>
<gmd:role>
<gmd:CI_RoleCode codeList="http://standards.iso.org/ittf/PubliclyAvailableStandards/ISO_19139_Schemas/resources/Codelist/gmxCodelists.xml#CI_RoleCode" codeListValue="pointOfContact">pointOfContact</gmd:CI_RoleCode>
</gmd:role>
</gmd:CI_ResponsibleParty>
</gmd:contact>
<gmd:dateStamp>
<gco:DateTime>2014-04-29T19:05:43Z</gco:DateTime>
</gmd:dateStamp>
<gmd:metadataStandardName>
<gco:CharacterString>ISO-USGIN</gco:CharacterString>
</gmd:metadataStandardName>
<gmd:metadataStandardVersion>
<gco:CharacterString>1.2</gco:CharacterString>
</gmd:metadataStandardVersion>
<gmd:dataSetURI>
<gco:CharacterString/>
</gmd:dataSetURI>
<gmd:identificationInfo>
<gmd:MD_DataIdentification>
<gmd:citation>
<gmd:CI_Citation>
<gmd:title>
<gco:CharacterString>Water and Gas Chemistry from HGP-A Geothermal Well: January 1980 Flow Test</gco:CharacterString>
</gmd:title>
<gmd:date>
<gmd:CI_Date>
<gmd:date>
<!--
                    The element here must be a gco:DateTime in the form YYYY-MM-DDThh:mm:ssZ
                    If we do not know hh:mm:ss then set them to zeros (midnight)
                    If we only know YYYY-MM then set DD to 01
                    If we only know YYYY then set MM and DD to 01
                    If we don't know the YYYY then set it to 1900-01-01 and the time to zeros (midnight)
                -->
<gco:DateTime>1980-01-01T00:00:00Z</gco:DateTime>
</gmd:date>
<gmd:dateType>
<gmd:CI_DateTypeCode codeList="http://standards.iso.org/ittf/PubliclyAvailableStandards/ISO_19139_Schemas/resources/Codelist/gmxCodelists.xml#CI_DateTypeCode" codeListValue="publication">publication</gmd:CI_DateTypeCode>
</gmd:dateType>
</gmd:CI_Date>
</gmd:date>
<gmd:citedResponsibleParty>
<gmd:CI_ResponsibleParty>
<gmd:individualName>
<gco:CharacterString>Thomas, Donald M.</gco:CharacterString>
</gmd:individualName>
<gmd:contactInfo>
<gmd:CI_Contact>
<gmd:address>
<gmd:CI_Address>
<gmd:electronicMailAddress>
<gco:CharacterString>metadata@smu.edu</gco:CharacterString>
</gmd:electronicMailAddress>
</gmd:CI_Address>
</gmd:address>
</gmd:CI_Contact>
</gmd:contactInfo>
<gmd:role>
<gmd:CI_RoleCode codeList="http://standards.iso.org/ittf/PubliclyAvailableStandards/ISO_19139_Schemas/resources/Codelist/gmxCodelists.xml#CI_RoleCode" codeListValue="author">author</gmd:CI_RoleCode>
</gmd:role>
</gmd:CI_ResponsibleParty>
</gmd:citedResponsibleParty>
</gmd:CI_Citation>
</gmd:citation>
<gmd:abstract>
<gco:CharacterString>No Publication Abstract is Available</gco:CharacterString>
</gmd:abstract>
<gmd:status>
<gmd:MD_ProgressCode codeList="http://standards.iso.org/ittf/PubliclyAvailableStandards/ISO_19139_Schemas/resources/Codelist/gmxCodelists.xml#MD_ProgressCode" codeListValue="completed">completed</gmd:MD_ProgressCode>
</gmd:status>
<!-- If there are any keywords associated with this publication's bibliography include them in a block like this.
      <gmd:descriptiveKeywords>
        <gmd:MD_Keywords>
          <gmd:keyword> Repeat this element for each keyword phrase
            <gco:CharacterString>Single key word phrase</gco:CharacterString>
          </gmd:keyword>
          <gmd:type>
            <gmd:MD_KeywordTypeCode codeList="http://standards.iso.org/ittf/PubliclyAvailableStandards/ISO_19139_Schemas/resources/Codelist/gmxCodelists.xml#MD_KeywordTypeCode" codeListValue="theme">theme</gmd:MD_KeywordTypeCode>
          </gmd:type>
        </gmd:MD_Keywords>
      </gmd:descriptiveKeywords>
      -->
<gmd:descriptiveKeywords>
<gmd:MD_Keywords>
<gmd:keyword>
<gco:CharacterString>Brine chemistry</gco:CharacterString>
</gmd:keyword>
<gmd:keyword>
<gco:CharacterString>Isotopes</gco:CharacterString>
</gmd:keyword>
<gmd:keyword>
<gco:CharacterString>Well testing</gco:CharacterString>
</gmd:keyword>
<gmd:keyword>
<gco:CharacterString>Puna, Hawaii</gco:CharacterString>
</gmd:keyword>
<gmd:keyword>
<gco:CharacterString>Kilauea East Rift Zone, Hawaii</gco:CharacterString>
</gmd:keyword>
<gmd:keyword>
<gco:CharacterString>Reservoir Engineering</gco:CharacterString>
</gmd:keyword>
<gmd:keyword>
<gco:CharacterString>USA</gco:CharacterString>
</gmd:keyword>
<gmd:keyword>
<gco:CharacterString>Hawaii</gco:CharacterString>
</gmd:keyword>
<gmd:keyword>
<gco:CharacterString>Puna</gco:CharacterString>
</gmd:keyword>
<gmd:keyword>
<gco:CharacterString>Well Tests</gco:CharacterString>
</gmd:keyword>
<gmd:keyword>
<gco:CharacterString>Production</gco:CharacterString>
</gmd:keyword>
<gmd:keyword>
<gco:CharacterString>Geochemistry Surveys</gco:CharacterString>
</gmd:keyword>
<gmd:keyword>
<gco:CharacterString>Chemical Analysis</gco:CharacterString>
</gmd:keyword>
<gmd:keyword>
<gco:CharacterString>Isotopes</gco:CharacterString>
</gmd:keyword>
<gmd:type>
<gmd:MD_KeywordTypeCode codeList="http://standards.iso.org/ittf/PubliclyAvailableStandards/ISO_19139_Schemas/resources/Codelist/gmxCodelists.xml#MD_KeywordTypeCode" codeListValue="theme">theme</gmd:MD_KeywordTypeCode>
</gmd:type>
</gmd:MD_Keywords>
</gmd:descriptiveKeywords>
<gmd:descriptiveKeywords>
<gmd:MD_Keywords>
<!-- For each geographic or spatial keyword in the bibliography insert the following XML fragment for each item in that list. - - >
          <gmd:keyword>
            <gco:CharacterString><!- - A SINGLE KEYWORD PHRASE FOR THE LOCATION e.g. 'New York' (a state) OR 'Rockland County' (a county) - - ></gco:CharacterString>
          </gmd:keyword>
          <!- - (End of XML fragment) -->
<!-- If no geographic or spatial keywords are in the bibliography insert the following block -->
<gmd:keyword>
<gco:CharacterString>non-geographic</gco:CharacterString>
</gmd:keyword>
<gmd:type>
<gmd:MD_KeywordTypeCode codeList="http://standards.iso.org/ittf/PubliclyAvailableStandards/ISO_19139_Schemas/resources/Codelist/gmxCodelists.xml#MD_KeywordTypeCode" codeListValue="place">place</gmd:MD_KeywordTypeCode>
</gmd:type>
</gmd:MD_Keywords>
</gmd:descriptiveKeywords>
<gmd:language>
<gco:CharacterString>eng</gco:CharacterString>
</gmd:language>
<gmd:topicCategory>
<gmd:MD_TopicCategoryCode>geoscientificInformation</gmd:MD_TopicCategoryCode>
</gmd:topicCategory>
<!-- If no extents exist then insert the following block -->
<gmd:extent>
<gmd:EX_Extent/>
</gmd:extent>
<!-- If extents exist for this publication then insert the following block. -->
<!-- gmd:extent>
        <gmd:EX_Extent>
          <gmd:geographicElement>
            <gmd:EX_GeographicBoundingBox>
              <gmd:westBoundLongitude>
                <gco:Decimal>180</gco:Decimal>
              </gmd:westBoundLongitude>
              <gmd:eastBoundLongitude>
                <gco:Decimal>-180</gco:Decimal>
              </gmd:eastBoundLongitude>
              <gmd:southBoundLatitude>
                <gco:Decimal>-90</gco:Decimal>
              </gmd:southBoundLatitude>
              <gmd:northBoundLatitude>
                <gco:Decimal>90</gco:Decimal>
              </gmd:northBoundLatitude>
            </gmd:EX_GeographicBoundingBox>
          </gmd:geographicElement>
        </gmd:EX_Extent>
      </gmd:extent-->
</gmd:MD_DataIdentification>
</gmd:identificationInfo>
<gmd:distributionInfo>
<gmd:MD_Distribution>
<gmd:distributor>
<gmd:MD_Distributor>
<gmd:distributorContact>
<gmd:CI_ResponsibleParty>
<gmd:individualName>
<gco:CharacterString>Maria Richards</gco:CharacterString>
</gmd:individualName>
<gmd:organisationName>
<gco:CharacterString>SMU Geothermal Laboratory, Roy M. Huffington Department of Earth Sciences</gco:CharacterString>
</gmd:organisationName>
<gmd:contactInfo>
<gmd:CI_Contact>
<gmd:phone>
<gmd:CI_Telephone>
<gmd:voice>
<gco:CharacterString>214-768-1975</gco:CharacterString>
</gmd:voice>
</gmd:CI_Telephone>
</gmd:phone>
<gmd:address>
<gmd:CI_Address>
<gmd:deliveryPoint>
<gco:CharacterString>P.O. Box 750395</gco:CharacterString>
</gmd:deliveryPoint>
<gmd:city>
<gco:CharacterString>Dallas</gco:CharacterString>
</gmd:city>
<gmd:administrativeArea>
<gco:CharacterString>TX</gco:CharacterString>
</gmd:administrativeArea>
<gmd:postalCode>
<gco:CharacterString>75275-0395</gco:CharacterString>
</gmd:postalCode>
<gmd:electronicMailAddress>
<gco:CharacterString>mrichard@smu.edu</gco:CharacterString>
</gmd:electronicMailAddress>
</gmd:CI_Address>
</gmd:address>
</gmd:CI_Contact>
</gmd:contactInfo>
<gmd:role>
<gmd:CI_RoleCode codeList="http://standards.iso.org/ittf/PubliclyAvailableStandards/ISO_19139_Schemas/resources/Codelist/gmxCodelists.xml#CI_RoleCode" codeListValue="distributor">distributor</gmd:CI_RoleCode>
</gmd:role>
</gmd:CI_ResponsibleParty>
</gmd:distributorContact>
</gmd:MD_Distributor>
</gmd:distributor>
<gmd:transferOptions>
<gmd:MD_DigitalTransferOptions>
<gmd:onLine>
<gmd:CI_OnlineResource>
<gmd:linkage>
<gmd:URL>https://www.geothermal-library.org/index.php?mode=pubs&amp;action=view&amp;record=1000557</gmd:URL>
</gmd:linkage>
<gmd:name>
<gco:CharacterString>Water and Gas Chemistry from HGP-A Geothermal Well: January 1980 Flow Test</gco:CharacterString>
</gmd:name>
<gmd:description>
<gco:CharacterString>URL by which to download this publication</gco:CharacterString>
</gmd:description>
<gmd:function>
<gmd:CI_OnLineFunctionCode codeList="http://www.fgdc.gov/nap/metadata/register/registerItemClasses.html#IC_88" codeListValue="384">fileAccess</gmd:CI_OnLineFunctionCode>
</gmd:function>
</gmd:CI_OnlineResource>
</gmd:onLine>
</gmd:MD_DigitalTransferOptions>
</gmd:transferOptions>
</gmd:MD_Distribution>
</gmd:distributionInfo>
</gmd:MD_Metadata>
<gmd:MD_Metadata xsi:schemaLocation="http://www.isotc211.org/2005/gmd http://schemas.opengis.net/csw/2.0.2/profiles/apiso/1.0.0/apiso.xsd">
<gmd:fileIdentifier>
<gco:CharacterString>92cd2a5a-bb4d-38e8-b332-1d55680b76d6</gco:CharacterString>
</gmd:fileIdentifier>
<gmd:language>
<gco:CharacterString>eng</gco:CharacterString>
</gmd:language>
<gmd:characterSet>
<gmd:MD_CharacterSetCode codeList="http://standards.iso.org/ittf/PubliclyAvailableStandards/ISO_19139_Schemas/resources/Codelist/gmxCodelists.xml#MD_CharacterSetCode" codeListValue="utf8">UTF-8</gmd:MD_CharacterSetCode>
</gmd:characterSet>
<gmd:hierarchyLevel>
<gmd:MD_ScopeCode codeList="http://standards.iso.org/ittf/PubliclyAvailableStandards/ISO_19139_Schemas/resources/Codelist/gmxCodelists.xml#MD_ScopeCode" codeListValue="Dataset">Dataset</gmd:MD_ScopeCode>
</gmd:hierarchyLevel>
<gmd:hierarchyLevelName>
<gco:CharacterString>Document</gco:CharacterString>
</gmd:hierarchyLevelName>
<gmd:contact>
<gmd:CI_ResponsibleParty>
<gmd:individualName>
<gco:CharacterString>Maria Richards</gco:CharacterString>
</gmd:individualName>
<gmd:organisationName>
<gco:CharacterString>SMU Geothermal Laboratory, Roy M. Huffington Department of Earth Sciences</gco:CharacterString>
</gmd:organisationName>
<gmd:contactInfo>
<gmd:CI_Contact>
<gmd:phone>
<gmd:CI_Telephone>
<gmd:voice>
<gco:CharacterString>214-768-1975</gco:CharacterString>
</gmd:voice>
</gmd:CI_Telephone>
</gmd:phone>
<gmd:address>
<gmd:CI_Address>
<gmd:deliveryPoint>
<gco:CharacterString>P.O. Box 750395</gco:CharacterString>
</gmd:deliveryPoint>
<gmd:city>
<gco:CharacterString>Dallas</gco:CharacterString>
</gmd:city>
<gmd:administrativeArea>
<gco:CharacterString>TX</gco:CharacterString>
</gmd:administrativeArea>
<gmd:postalCode>
<gco:CharacterString>75275-0395</gco:CharacterString>
</gmd:postalCode>
<gmd:electronicMailAddress>
<gco:CharacterString>mrichard@smu.edu</gco:CharacterString>
</gmd:electronicMailAddress>
</gmd:CI_Address>
</gmd:address>
</gmd:CI_Contact>
</gmd:contactInfo>
<gmd:role>
<gmd:CI_RoleCode codeList="http://standards.iso.org/ittf/PubliclyAvailableStandards/ISO_19139_Schemas/resources/Codelist/gmxCodelists.xml#CI_RoleCode" codeListValue="pointOfContact">pointOfContact</gmd:CI_RoleCode>
</gmd:role>
</gmd:CI_ResponsibleParty>
</gmd:contact>
<gmd:dateStamp>
<gco:DateTime>2014-04-29T19:05:43Z</gco:DateTime>
</gmd:dateStamp>
<gmd:metadataStandardName>
<gco:CharacterString>ISO-USGIN</gco:CharacterString>
</gmd:metadataStandardName>
<gmd:metadataStandardVersion>
<gco:CharacterString>1.2</gco:CharacterString>
</gmd:metadataStandardVersion>
<gmd:dataSetURI>
<gco:CharacterString/>
</gmd:dataSetURI>
<gmd:identificationInfo>
<gmd:MD_DataIdentification>
<gmd:citation>
<gmd:CI_Citation>
<gmd:title>
<gco:CharacterString>SDG and E - DOE Geothermal Loop Experimental Facility. Quarterly report, July-September 1977 and annual report for the year ending September 1977</gco:CharacterString>
</gmd:title>
<gmd:date>
<gmd:CI_Date>
<gmd:date>
<!--
                    The element here must be a gco:DateTime in the form YYYY-MM-DDThh:mm:ssZ
                    If we do not know hh:mm:ss then set them to zeros (midnight)
                    If we only know YYYY-MM then set DD to 01
                    If we only know YYYY then set MM and DD to 01
                    If we don't know the YYYY then set it to 1900-01-01 and the time to zeros (midnight)
                -->
<gco:DateTime>1977-01-01T00:00:00Z</gco:DateTime>
</gmd:date>
<gmd:dateType>
<gmd:CI_DateTypeCode codeList="http://standards.iso.org/ittf/PubliclyAvailableStandards/ISO_19139_Schemas/resources/Codelist/gmxCodelists.xml#CI_DateTypeCode" codeListValue="publication">publication</gmd:CI_DateTypeCode>
</gmd:dateType>
</gmd:CI_Date>
</gmd:date>
<gmd:citedResponsibleParty>
<gmd:CI_ResponsibleParty>
<gmd:individualName>
<gco:CharacterString>Bishop, H.K.</gco:CharacterString>
</gmd:individualName>
<gmd:contactInfo>
<gmd:CI_Contact>
<gmd:address>
<gmd:CI_Address>
<gmd:electronicMailAddress>
<gco:CharacterString>metadata@smu.edu</gco:CharacterString>
</gmd:electronicMailAddress>
</gmd:CI_Address>
</gmd:address>
</gmd:CI_Contact>
</gmd:contactInfo>
<gmd:role>
<gmd:CI_RoleCode codeList="http://standards.iso.org/ittf/PubliclyAvailableStandards/ISO_19139_Schemas/resources/Codelist/gmxCodelists.xml#CI_RoleCode" codeListValue="author">author</gmd:CI_RoleCode>
</gmd:role>
</gmd:CI_ResponsibleParty>
</gmd:citedResponsibleParty>
<gmd:citedResponsibleParty>
<gmd:CI_ResponsibleParty>
<gmd:individualName>
<gco:CharacterString>Bricarello, J.R.</gco:CharacterString>
</gmd:individualName>
<gmd:contactInfo>
<gmd:CI_Contact>
<gmd:address>
<gmd:CI_Address>
<gmd:electronicMailAddress>
<gco:CharacterString>metadata@smu.edu</gco:CharacterString>
</gmd:electronicMailAddress>
</gmd:CI_Address>
</gmd:address>
</gmd:CI_Contact>
</gmd:contactInfo>
<gmd:role>
<gmd:CI_RoleCode codeList="http://standards.iso.org/ittf/PubliclyAvailableStandards/ISO_19139_Schemas/resources/Codelist/gmxCodelists.xml#CI_RoleCode" codeListValue="author">author</gmd:CI_RoleCode>
</gmd:role>
</gmd:CI_ResponsibleParty>
</gmd:citedResponsibleParty>
<gmd:citedResponsibleParty>
<gmd:CI_ResponsibleParty>
<gmd:individualName>
<gco:CharacterString>Enos, F.L.</gco:CharacterString>
</gmd:individualName>
<gmd:contactInfo>
<gmd:CI_Contact>
<gmd:address>
<gmd:CI_Address>
<gmd:electronicMailAddress>
<gco:CharacterString>metadata@smu.edu</gco:CharacterString>
</gmd:electronicMailAddress>
</gmd:CI_Address>
</gmd:address>
</gmd:CI_Contact>
</gmd:contactInfo>
<gmd:role>
<gmd:CI_RoleCode codeList="http://standards.iso.org/ittf/PubliclyAvailableStandards/ISO_19139_Schemas/resources/Codelist/gmxCodelists.xml#CI_RoleCode" codeListValue="author">author</gmd:CI_RoleCode>
</gmd:role>
</gmd:CI_ResponsibleParty>
</gmd:citedResponsibleParty>
<gmd:citedResponsibleParty>
<gmd:CI_ResponsibleParty>
<gmd:individualName>
<gco:CharacterString>Hanenburg, W.H.</gco:CharacterString>
</gmd:individualName>
<gmd:contactInfo>
<gmd:CI_Contact>
<gmd:address>
<gmd:CI_Address>
<gmd:electronicMailAddress>
<gco:CharacterString>metadata@smu.edu</gco:CharacterString>
</gmd:electronicMailAddress>
</gmd:CI_Address>
</gmd:address>
</gmd:CI_Contact>
</gmd:contactInfo>
<gmd:role>
<gmd:CI_RoleCode codeList="http://standards.iso.org/ittf/PubliclyAvailableStandards/ISO_19139_Schemas/resources/Codelist/gmxCodelists.xml#CI_RoleCode" codeListValue="author">author</gmd:CI_RoleCode>
</gmd:role>
</gmd:CI_ResponsibleParty>
</gmd:citedResponsibleParty>
<gmd:citedResponsibleParty>
<gmd:CI_ResponsibleParty>
<gmd:individualName>
<gco:CharacterString>Hodgdon, N.C.</gco:CharacterString>
</gmd:individualName>
<gmd:contactInfo>
<gmd:CI_Contact>
<gmd:address>
<gmd:CI_Address>
<gmd:electronicMailAddress>
<gco:CharacterString>metadata@smu.edu</gco:CharacterString>
</gmd:electronicMailAddress>
</gmd:CI_Address>
</gmd:address>
</gmd:CI_Contact>
</gmd:contactInfo>
<gmd:role>
<gmd:CI_RoleCode codeList="http://standards.iso.org/ittf/PubliclyAvailableStandards/ISO_19139_Schemas/resources/Codelist/gmxCodelists.xml#CI_RoleCode" codeListValue="author">author</gmd:CI_RoleCode>
</gmd:role>
</gmd:CI_ResponsibleParty>
</gmd:citedResponsibleParty>
<gmd:citedResponsibleParty>
<gmd:CI_ResponsibleParty>
<gmd:individualName>
<gco:CharacterString>Jacobson, W.O.</gco:CharacterString>
</gmd:individualName>
<gmd:contactInfo>
<gmd:CI_Contact>
<gmd:address>
<gmd:CI_Address>
<gmd:electronicMailAddress>
<gco:CharacterString>metadata@smu.edu</gco:CharacterString>
</gmd:electronicMailAddress>
</gmd:CI_Address>
</gmd:address>
</gmd:CI_Contact>
</gmd:contactInfo>
<gmd:role>
<gmd:CI_RoleCode codeList="http://standards.iso.org/ittf/PubliclyAvailableStandards/ISO_19139_Schemas/resources/Codelist/gmxCodelists.xml#CI_RoleCode" codeListValue="author">author</gmd:CI_RoleCode>
</gmd:role>
</gmd:CI_ResponsibleParty>
</gmd:citedResponsibleParty>
<gmd:citedResponsibleParty>
<gmd:CI_ResponsibleParty>
<gmd:individualName>
<gco:CharacterString>Li, K.K.</gco:CharacterString>
</gmd:individualName>
<gmd:contactInfo>
<gmd:CI_Contact>
<gmd:address>
<gmd:CI_Address>
<gmd:electronicMailAddress>
<gco:CharacterString>metadata@smu.edu</gco:CharacterString>
</gmd:electronicMailAddress>
</gmd:CI_Address>
</gmd:address>
</gmd:CI_Contact>
</gmd:contactInfo>
<gmd:role>
<gmd:CI_RoleCode codeList="http://standards.iso.org/ittf/PubliclyAvailableStandards/ISO_19139_Schemas/resources/Codelist/gmxCodelists.xml#CI_RoleCode" codeListValue="author">author</gmd:CI_RoleCode>
</gmd:role>
</gmd:CI_ResponsibleParty>
</gmd:citedResponsibleParty>
<gmd:citedResponsibleParty>
<gmd:CI_ResponsibleParty>
<gmd:individualName>
<gco:CharacterString>Swanson, C.R.</gco:CharacterString>
</gmd:individualName>
<gmd:contactInfo>
<gmd:CI_Contact>
<gmd:address>
<gmd:CI_Address>
<gmd:electronicMailAddress>
<gco:CharacterString>metadata@smu.edu</gco:CharacterString>
</gmd:electronicMailAddress>
</gmd:CI_Address>
</gmd:address>
</gmd:CI_Contact>
</gmd:contactInfo>
<gmd:role>
<gmd:CI_RoleCode codeList="http://standards.iso.org/ittf/PubliclyAvailableStandards/ISO_19139_Schemas/resources/Codelist/gmxCodelists.xml#CI_RoleCode" codeListValue="author">author</gmd:CI_RoleCode>
</gmd:role>
</gmd:CI_ResponsibleParty>
</gmd:citedResponsibleParty>
</gmd:CI_Citation>
</gmd:citation>
<gmd:abstract>
<gco:CharacterString>No Publication Abstract is Available</gco:CharacterString>
</gmd:abstract>
<gmd:status>
<gmd:MD_ProgressCode codeList="http://standards.iso.org/ittf/PubliclyAvailableStandards/ISO_19139_Schemas/resources/Codelist/gmxCodelists.xml#MD_ProgressCode" codeListValue="completed">completed</gmd:MD_ProgressCode>
</gmd:status>
<!-- If there are any keywords associated with this publication's bibliography include them in a block like this.
      <gmd:descriptiveKeywords>
        <gmd:MD_Keywords>
          <gmd:keyword> Repeat this element for each keyword phrase
            <gco:CharacterString>Single key word phrase</gco:CharacterString>
          </gmd:keyword>
          <gmd:type>
            <gmd:MD_KeywordTypeCode codeList="http://standards.iso.org/ittf/PubliclyAvailableStandards/ISO_19139_Schemas/resources/Codelist/gmxCodelists.xml#MD_KeywordTypeCode" codeListValue="theme">theme</gmd:MD_KeywordTypeCode>
          </gmd:type>
        </gmd:MD_Keywords>
      </gmd:descriptiveKeywords>
      -->
<gmd:descriptiveKeywords>
<gmd:MD_Keywords>
<gmd:keyword>
<gco:CharacterString>15 GEOTHERMAL ENERGY</gco:CharacterString>
</gmd:keyword>
<gmd:keyword>
<gco:CharacterString>BRINES</gco:CharacterString>
</gmd:keyword>
<gmd:keyword>
<gco:CharacterString>CORROSIVE EFFECTS</gco:CharacterString>
</gmd:keyword>
<gmd:keyword>
<gco:CharacterString>GEOTHERMAL FLUIDS</gco:CharacterString>
</gmd:keyword>
<gmd:keyword>
<gco:CharacterString>GEOTHERMAL WELLS</gco:CharacterString>
</gmd:keyword>
<gmd:keyword>
<gco:CharacterString>TEST FACILITIES</gco:CharacterString>
</gmd:keyword>
<gmd:keyword>
<gco:CharacterString>BINARY-FLUID SYSTEMS</gco:CharacterString>
</gmd:keyword>
<gmd:keyword>
<gco:CharacterString>FLASHED STEAM SYSTEMS</gco:CharacterString>
</gmd:keyword>
<gmd:keyword>
<gco:CharacterString>FLUID INJECTION</gco:CharacterString>
</gmd:keyword>
<gmd:keyword>
<gco:CharacterString>INJECTION WELLS</gco:CharacterString>
</gmd:keyword>
<gmd:keyword>
<gco:CharacterString>MAINTENANCE</gco:CharacterString>
</gmd:keyword>
<gmd:keyword>
<gco:CharacterString>MODIFICATIONS</gco:CharacterString>
</gmd:keyword>
<gmd:keyword>
<gco:CharacterString>OPTIMIZATION</gco:CharacterString>
</gmd:keyword>
<gmd:keyword>
<gco:CharacterString>PUMPS</gco:CharacterString>
</gmd:keyword>
<gmd:keyword>
<gco:CharacterString>SALTON SEA GEOTHERMAL FIELD</gco:CharacterString>
</gmd:keyword>
<gmd:keyword>
<gco:CharacterString>SCALE CONTROL</gco:CharacterString>
</gmd:keyword>
<gmd:keyword>
<gco:CharacterString>SCALING</gco:CharacterString>
</gmd:keyword>
<gmd:keyword>
<gco:CharacterString>CONTROL</gco:CharacterString>
</gmd:keyword>
<gmd:keyword>
<gco:CharacterString>ENERGY SYSTEMS</gco:CharacterString>
</gmd:keyword>
<gmd:keyword>
<gco:CharacterString>FLUIDS</gco:CharacterString>
</gmd:keyword>
<gmd:keyword>
<gco:CharacterString>GEOTHERMAL FIELDS</gco:CharacterString>
</gmd:keyword>
<gmd:keyword>
<gco:CharacterString>STEAM SYSTEMS</gco:CharacterString>
</gmd:keyword>
<gmd:keyword>
<gco:CharacterString>WELLS</gco:CharacterString>
</gmd:keyword>
<gmd:keyword>
<gco:CharacterString>Geothermal Legacy</gco:CharacterString>
</gmd:keyword>
<gmd:type>
<gmd:MD_KeywordTypeCode codeList="http://standards.iso.org/ittf/PubliclyAvailableStandards/ISO_19139_Schemas/resources/Codelist/gmxCodelists.xml#MD_KeywordTypeCode" codeListValue="theme">theme</gmd:MD_KeywordTypeCode>
</gmd:type>
</gmd:MD_Keywords>
</gmd:descriptiveKeywords>
<gmd:descriptiveKeywords>
<gmd:MD_Keywords>
<!-- For each geographic or spatial keyword in the bibliography insert the following XML fragment for each item in that list. - - >
          <gmd:keyword>
            <gco:CharacterString><!- - A SINGLE KEYWORD PHRASE FOR THE LOCATION e.g. 'New York' (a state) OR 'Rockland County' (a county) - - ></gco:CharacterString>
          </gmd:keyword>
          <!- - (End of XML fragment) -->
<!-- If no geographic or spatial keywords are in the bibliography insert the following block -->
<gmd:keyword>
<gco:CharacterString>non-geographic</gco:CharacterString>
</gmd:keyword>
<gmd:type>
<gmd:MD_KeywordTypeCode codeList="http://standards.iso.org/ittf/PubliclyAvailableStandards/ISO_19139_Schemas/resources/Codelist/gmxCodelists.xml#MD_KeywordTypeCode" codeListValue="place">place</gmd:MD_KeywordTypeCode>
</gmd:type>
</gmd:MD_Keywords>
</gmd:descriptiveKeywords>
<gmd:language>
<gco:CharacterString>eng</gco:CharacterString>
</gmd:language>
<gmd:topicCategory>
<gmd:MD_TopicCategoryCode>geoscientificInformation</gmd:MD_TopicCategoryCode>
</gmd:topicCategory>
<!-- If no extents exist then insert the following block -->
<gmd:extent>
<gmd:EX_Extent/>
</gmd:extent>
<!-- If extents exist for this publication then insert the following block. -->
<!-- gmd:extent>
        <gmd:EX_Extent>
          <gmd:geographicElement>
            <gmd:EX_GeographicBoundingBox>
              <gmd:westBoundLongitude>
                <gco:Decimal>180</gco:Decimal>
              </gmd:westBoundLongitude>
              <gmd:eastBoundLongitude>
                <gco:Decimal>-180</gco:Decimal>
              </gmd:eastBoundLongitude>
              <gmd:southBoundLatitude>
                <gco:Decimal>-90</gco:Decimal>
              </gmd:southBoundLatitude>
              <gmd:northBoundLatitude>
                <gco:Decimal>90</gco:Decimal>
              </gmd:northBoundLatitude>
            </gmd:EX_GeographicBoundingBox>
          </gmd:geographicElement>
        </gmd:EX_Extent>
      </gmd:extent-->
</gmd:MD_DataIdentification>
</gmd:identificationInfo>
<gmd:distributionInfo>
<gmd:MD_Distribution>
<gmd:distributor>
<gmd:MD_Distributor>
<gmd:distributorContact>
<gmd:CI_ResponsibleParty>
<gmd:individualName>
<gco:CharacterString>Maria Richards</gco:CharacterString>
</gmd:individualName>
<gmd:organisationName>
<gco:CharacterString>SMU Geothermal Laboratory, Roy M. Huffington Department of Earth Sciences</gco:CharacterString>
</gmd:organisationName>
<gmd:contactInfo>
<gmd:CI_Contact>
<gmd:phone>
<gmd:CI_Telephone>
<gmd:voice>
<gco:CharacterString>214-768-1975</gco:CharacterString>
</gmd:voice>
</gmd:CI_Telephone>
</gmd:phone>
<gmd:address>
<gmd:CI_Address>
<gmd:deliveryPoint>
<gco:CharacterString>P.O. Box 750395</gco:CharacterString>
</gmd:deliveryPoint>
<gmd:city>
<gco:CharacterString>Dallas</gco:CharacterString>
</gmd:city>
<gmd:administrativeArea>
<gco:CharacterString>TX</gco:CharacterString>
</gmd:administrativeArea>
<gmd:postalCode>
<gco:CharacterString>75275-0395</gco:CharacterString>
</gmd:postalCode>
<gmd:electronicMailAddress>
<gco:CharacterString>mrichard@smu.edu</gco:CharacterString>
</gmd:electronicMailAddress>
</gmd:CI_Address>
</gmd:address>
</gmd:CI_Contact>
</gmd:contactInfo>
<gmd:role>
<gmd:CI_RoleCode codeList="http://standards.iso.org/ittf/PubliclyAvailableStandards/ISO_19139_Schemas/resources/Codelist/gmxCodelists.xml#CI_RoleCode" codeListValue="distributor">distributor</gmd:CI_RoleCode>
</gmd:role>
</gmd:CI_ResponsibleParty>
</gmd:distributorContact>
</gmd:MD_Distributor>
</gmd:distributor>
<gmd:transferOptions>
<gmd:MD_DigitalTransferOptions>
<gmd:onLine>
<gmd:CI_OnlineResource>
<gmd:linkage>
<gmd:URL>http://www.osti.gov/geothermal/servlets/purl/6036362-KaFk5W/</gmd:URL>
</gmd:linkage>
<gmd:name>
<gco:CharacterString>SDG and E - DOE Geothermal Loop Experimental Facility. Quarterly report, July-September 1977 and annual report for the year ending September 1977</gco:CharacterString>
</gmd:name>
<gmd:description>
<gco:CharacterString>URL by which to download this publication</gco:CharacterString>
</gmd:description>
<gmd:function>
<gmd:CI_OnLineFunctionCode codeList="http://www.fgdc.gov/nap/metadata/register/registerItemClasses.html#IC_88" codeListValue="384">fileAccess</gmd:CI_OnLineFunctionCode>
</gmd:function>
</gmd:CI_OnlineResource>
</gmd:onLine>
</gmd:MD_DigitalTransferOptions>
</gmd:transferOptions>
</gmd:MD_Distribution>
</gmd:distributionInfo>
</gmd:MD_Metadata>
<gmd:MD_Metadata xsi:schemaLocation="http://www.isotc211.org/2005/gmd http://schemas.opengis.net/csw/2.0.2/profiles/apiso/1.0.0/apiso.xsd">
<gmd:fileIdentifier>
<gco:CharacterString>d06b348c-ba54-3ab7-94fd-3786f52b631a</gco:CharacterString>
</gmd:fileIdentifier>
<gmd:language>
<gco:CharacterString>eng</gco:CharacterString>
</gmd:language>
<gmd:characterSet>
<gmd:MD_CharacterSetCode codeList="http://standards.iso.org/ittf/PubliclyAvailableStandards/ISO_19139_Schemas/resources/Codelist/gmxCodelists.xml#MD_CharacterSetCode" codeListValue="utf8">UTF-8</gmd:MD_CharacterSetCode>
</gmd:characterSet>
<gmd:hierarchyLevel>
<gmd:MD_ScopeCode codeList="http://standards.iso.org/ittf/PubliclyAvailableStandards/ISO_19139_Schemas/resources/Codelist/gmxCodelists.xml#MD_ScopeCode" codeListValue="Dataset">Dataset</gmd:MD_ScopeCode>
</gmd:hierarchyLevel>
<gmd:hierarchyLevelName>
<gco:CharacterString>Document</gco:CharacterString>
</gmd:hierarchyLevelName>
<gmd:contact>
<gmd:CI_ResponsibleParty>
<gmd:individualName>
<gco:CharacterString>Maria Richards</gco:CharacterString>
</gmd:individualName>
<gmd:organisationName>
<gco:CharacterString>SMU Geothermal Laboratory, Roy M. Huffington Department of Earth Sciences</gco:CharacterString>
</gmd:organisationName>
<gmd:contactInfo>
<gmd:CI_Contact>
<gmd:phone>
<gmd:CI_Telephone>
<gmd:voice>
<gco:CharacterString>214-768-1975</gco:CharacterString>
</gmd:voice>
</gmd:CI_Telephone>
</gmd:phone>
<gmd:address>
<gmd:CI_Address>
<gmd:deliveryPoint>
<gco:CharacterString>P.O. Box 750395</gco:CharacterString>
</gmd:deliveryPoint>
<gmd:city>
<gco:CharacterString>Dallas</gco:CharacterString>
</gmd:city>
<gmd:administrativeArea>
<gco:CharacterString>TX</gco:CharacterString>
</gmd:administrativeArea>
<gmd:postalCode>
<gco:CharacterString>75275-0395</gco:CharacterString>
</gmd:postalCode>
<gmd:electronicMailAddress>
<gco:CharacterString>mrichard@smu.edu</gco:CharacterString>
</gmd:electronicMailAddress>
</gmd:CI_Address>
</gmd:address>
</gmd:CI_Contact>
</gmd:contactInfo>
<gmd:role>
<gmd:CI_RoleCode codeList="http://standards.iso.org/ittf/PubliclyAvailableStandards/ISO_19139_Schemas/resources/Codelist/gmxCodelists.xml#CI_RoleCode" codeListValue="pointOfContact">pointOfContact</gmd:CI_RoleCode>
</gmd:role>
</gmd:CI_ResponsibleParty>
</gmd:contact>
<gmd:dateStamp>
<gco:DateTime>2014-04-29T19:05:43Z</gco:DateTime>
</gmd:dateStamp>
<gmd:metadataStandardName>
<gco:CharacterString>ISO-USGIN</gco:CharacterString>
</gmd:metadataStandardName>
<gmd:metadataStandardVersion>
<gco:CharacterString>1.2</gco:CharacterString>
</gmd:metadataStandardVersion>
<gmd:dataSetURI>
<gco:CharacterString/>
</gmd:dataSetURI>
<gmd:identificationInfo>
<gmd:MD_DataIdentification>
<gmd:citation>
<gmd:CI_Citation>
<gmd:title>
<gco:CharacterString>Summary of the Models and Methods for the FEHM Application-A Finite-Element Heat- and Mass-Transfer Code</gco:CharacterString>
</gmd:title>
<gmd:date>
<gmd:CI_Date>
<gmd:date>
<!--
                    The element here must be a gco:DateTime in the form YYYY-MM-DDThh:mm:ssZ
                    If we do not know hh:mm:ss then set them to zeros (midnight)
                    If we only know YYYY-MM then set DD to 01
                    If we only know YYYY then set MM and DD to 01
                    If we don't know the YYYY then set it to 1900-01-01 and the time to zeros (midnight)
                -->
<gco:DateTime>1997-07-01T00:00:00Z</gco:DateTime>
</gmd:date>
<gmd:dateType>
<gmd:CI_DateTypeCode codeList="http://standards.iso.org/ittf/PubliclyAvailableStandards/ISO_19139_Schemas/resources/Codelist/gmxCodelists.xml#CI_DateTypeCode" codeListValue="publication">publication</gmd:CI_DateTypeCode>
</gmd:dateType>
</gmd:CI_Date>
</gmd:date>
<gmd:citedResponsibleParty>
<gmd:CI_ResponsibleParty>
<gmd:individualName>
<gco:CharacterString>George A. Zyvoloski</gco:CharacterString>
</gmd:individualName>
<gmd:contactInfo>
<gmd:CI_Contact>
<gmd:address>
<gmd:CI_Address>
<gmd:electronicMailAddress>
<gco:CharacterString>metadata@smu.edu</gco:CharacterString>
</gmd:electronicMailAddress>
</gmd:CI_Address>
</gmd:address>
</gmd:CI_Contact>
</gmd:contactInfo>
<gmd:role>
<gmd:CI_RoleCode codeList="http://standards.iso.org/ittf/PubliclyAvailableStandards/ISO_19139_Schemas/resources/Codelist/gmxCodelists.xml#CI_RoleCode" codeListValue="author">author</gmd:CI_RoleCode>
</gmd:role>
</gmd:CI_ResponsibleParty>
</gmd:citedResponsibleParty>
<gmd:citedResponsibleParty>
<gmd:CI_ResponsibleParty>
<gmd:individualName>
<gco:CharacterString>Bruce A. Robinson</gco:CharacterString>
</gmd:individualName>
<gmd:contactInfo>
<gmd:CI_Contact>
<gmd:address>
<gmd:CI_Address>
<gmd:electronicMailAddress>
<gco:CharacterString>metadata@smu.edu</gco:CharacterString>
</gmd:electronicMailAddress>
</gmd:CI_Address>
</gmd:address>
</gmd:CI_Contact>
</gmd:contactInfo>
<gmd:role>
<gmd:CI_RoleCode codeList="http://standards.iso.org/ittf/PubliclyAvailableStandards/ISO_19139_Schemas/resources/Codelist/gmxCodelists.xml#CI_RoleCode" codeListValue="author">author</gmd:CI_RoleCode>
</gmd:role>
</gmd:CI_ResponsibleParty>
</gmd:citedResponsibleParty>
<gmd:citedResponsibleParty>
<gmd:CI_ResponsibleParty>
<gmd:individualName>
<gco:CharacterString>Zora V. Dash</gco:CharacterString>
</gmd:individualName>
<gmd:contactInfo>
<gmd:CI_Contact>
<gmd:address>
<gmd:CI_Address>
<gmd:electronicMailAddress>
<gco:CharacterString>metadata@smu.edu</gco:CharacterString>
</gmd:electronicMailAddress>
</gmd:CI_Address>
</gmd:address>
</gmd:CI_Contact>
</gmd:contactInfo>
<gmd:role>
<gmd:CI_RoleCode codeList="http://standards.iso.org/ittf/PubliclyAvailableStandards/ISO_19139_Schemas/resources/Codelist/gmxCodelists.xml#CI_RoleCode" codeListValue="author">author</gmd:CI_RoleCode>
</gmd:role>
</gmd:CI_ResponsibleParty>
</gmd:citedResponsibleParty>
<gmd:citedResponsibleParty>
<gmd:CI_ResponsibleParty>
<gmd:individualName>
<gco:CharacterString>Lynn L. Trease</gco:CharacterString>
</gmd:individualName>
<gmd:contactInfo>
<gmd:CI_Contact>
<gmd:address>
<gmd:CI_Address>
<gmd:electronicMailAddress>
<gco:CharacterString>metadata@smu.edu</gco:CharacterString>
</gmd:electronicMailAddress>
</gmd:CI_Address>
</gmd:address>
</gmd:CI_Contact>
</gmd:contactInfo>
<gmd:role>
<gmd:CI_RoleCode codeList="http://standards.iso.org/ittf/PubliclyAvailableStandards/ISO_19139_Schemas/resources/Codelist/gmxCodelists.xml#CI_RoleCode" codeListValue="author">author</gmd:CI_RoleCode>
</gmd:role>
</gmd:CI_ResponsibleParty>
</gmd:citedResponsibleParty>
</gmd:CI_Citation>
</gmd:citation>
<gmd:abstract>
<gco:CharacterString>No Publication Abstract is Available</gco:CharacterString>
</gmd:abstract>
<gmd:status>
<gmd:MD_ProgressCode codeList="http://standards.iso.org/ittf/PubliclyAvailableStandards/ISO_19139_Schemas/resources/Codelist/gmxCodelists.xml#MD_ProgressCode" codeListValue="completed">completed</gmd:MD_ProgressCode>
</gmd:status>
<!-- If there are any keywords associated with this publication's bibliography include them in a block like this.
      <gmd:descriptiveKeywords>
        <gmd:MD_Keywords>
          <gmd:keyword> Repeat this element for each keyword phrase
            <gco:CharacterString>Single key word phrase</gco:CharacterString>
          </gmd:keyword>
          <gmd:type>
            <gmd:MD_KeywordTypeCode codeList="http://standards.iso.org/ittf/PubliclyAvailableStandards/ISO_19139_Schemas/resources/Codelist/gmxCodelists.xml#MD_KeywordTypeCode" codeListValue="theme">theme</gmd:MD_KeywordTypeCode>
          </gmd:type>
        </gmd:MD_Keywords>
      </gmd:descriptiveKeywords>
      -->
<gmd:descriptiveKeywords>
<gmd:MD_Keywords>
<gmd:keyword>
<gco:CharacterString>12 MANAGEMENT OF RADIOACTIVE WASTES, AND NON-RADIOACTIVE WASTES FROM NUCLEAR FACILITIES</gco:CharacterString>
</gmd:keyword>
<gmd:keyword>
<gco:CharacterString>15 GEOTHERMAL ENERGY</gco:CharacterString>
</gmd:keyword>
<gmd:keyword>
<gco:CharacterString>99 GENERAL AND MISCELLANEOUS//MATHEMATICS, COMPUTING, AND INFORMATION SCIENCE</gco:CharacterString>
</gmd:keyword>
<gmd:keyword>
<gco:CharacterString>CHEMICAL REACTIONS</gco:CharacterString>
</gmd:keyword>
<gmd:keyword>
<gco:CharacterString>F CODES</gco:CharacterString>
</gmd:keyword>
<gmd:keyword>
<gco:CharacterString>GEOLOGIC FRACTURES</gco:CharacterString>
</gmd:keyword>
<gmd:keyword>
<gco:CharacterString>GEOTHERMAL SYSTEMS</gco:CharacterString>
</gmd:keyword>
<gmd:keyword>
<gco:CharacterString>MASS TRANSFER</gco:CharacterString>
</gmd:keyword>
<gmd:keyword>
<gco:CharacterString>HEAT TRANSFER</gco:CharacterString>
</gmd:keyword>
<gmd:keyword>
<gco:CharacterString>MATHEMATICAL MODELS</gco:CharacterString>
</gmd:keyword>
<gmd:keyword>
<gco:CharacterString>RADIOACTIVE WASTE DISPOSAL</gco:CharacterString>
</gmd:keyword>
<gmd:keyword>
<gco:CharacterString>GROUND WATER</gco:CharacterString>
</gmd:keyword>
<gmd:keyword>
<gco:CharacterString>FINITE ELEMENT METHOD</gco:CharacterString>
</gmd:keyword>
<gmd:keyword>
<gco:CharacterString>MULTIPHASE FLOW</gco:CharacterString>
</gmd:keyword>
<gmd:keyword>
<gco:CharacterString>Geothermal Legacy</gco:CharacterString>
</gmd:keyword>
<gmd:type>
<gmd:MD_KeywordTypeCode codeList="http://standards.iso.org/ittf/PubliclyAvailableStandards/ISO_19139_Schemas/resources/Codelist/gmxCodelists.xml#MD_KeywordTypeCode" codeListValue="theme">theme</gmd:MD_KeywordTypeCode>
</gmd:type>
</gmd:MD_Keywords>
</gmd:descriptiveKeywords>
<gmd:descriptiveKeywords>
<gmd:MD_Keywords>
<!-- For each geographic or spatial keyword in the bibliography insert the following XML fragment for each item in that list. - - >
          <gmd:keyword>
            <gco:CharacterString><!- - A SINGLE KEYWORD PHRASE FOR THE LOCATION e.g. 'New York' (a state) OR 'Rockland County' (a county) - - ></gco:CharacterString>
          </gmd:keyword>
          <!- - (End of XML fragment) -->
<!-- If no geographic or spatial keywords are in the bibliography insert the following block -->
<gmd:keyword>
<gco:CharacterString>non-geographic</gco:CharacterString>
</gmd:keyword>
<gmd:type>
<gmd:MD_KeywordTypeCode codeList="http://standards.iso.org/ittf/PubliclyAvailableStandards/ISO_19139_Schemas/resources/Codelist/gmxCodelists.xml#MD_KeywordTypeCode" codeListValue="place">place</gmd:MD_KeywordTypeCode>
</gmd:type>
</gmd:MD_Keywords>
</gmd:descriptiveKeywords>
<gmd:language>
<gco:CharacterString>eng</gco:CharacterString>
</gmd:language>
<gmd:topicCategory>
<gmd:MD_TopicCategoryCode>geoscientificInformation</gmd:MD_TopicCategoryCode>
</gmd:topicCategory>
<!-- If no extents exist then insert the following block -->
<gmd:extent>
<gmd:EX_Extent/>
</gmd:extent>
<!-- If extents exist for this publication then insert the following block. -->
<!-- gmd:extent>
        <gmd:EX_Extent>
          <gmd:geographicElement>
            <gmd:EX_GeographicBoundingBox>
              <gmd:westBoundLongitude>
                <gco:Decimal>180</gco:Decimal>
              </gmd:westBoundLongitude>
              <gmd:eastBoundLongitude>
                <gco:Decimal>-180</gco:Decimal>
              </gmd:eastBoundLongitude>
              <gmd:southBoundLatitude>
                <gco:Decimal>-90</gco:Decimal>
              </gmd:southBoundLatitude>
              <gmd:northBoundLatitude>
                <gco:Decimal>90</gco:Decimal>
              </gmd:northBoundLatitude>
            </gmd:EX_GeographicBoundingBox>
          </gmd:geographicElement>
        </gmd:EX_Extent>
      </gmd:extent-->
</gmd:MD_DataIdentification>
</gmd:identificationInfo>
<gmd:distributionInfo>
<gmd:MD_Distribution>
<gmd:distributor>
<gmd:MD_Distributor>
<gmd:distributorContact>
<gmd:CI_ResponsibleParty>
<gmd:individualName>
<gco:CharacterString>Maria Richards</gco:CharacterString>
</gmd:individualName>
<gmd:organisationName>
<gco:CharacterString>SMU Geothermal Laboratory, Roy M. Huffington Department of Earth Sciences</gco:CharacterString>
</gmd:organisationName>
<gmd:contactInfo>
<gmd:CI_Contact>
<gmd:phone>
<gmd:CI_Telephone>
<gmd:voice>
<gco:CharacterString>214-768-1975</gco:CharacterString>
</gmd:voice>
</gmd:CI_Telephone>
</gmd:phone>
<gmd:address>
<gmd:CI_Address>
<gmd:deliveryPoint>
<gco:CharacterString>P.O. Box 750395</gco:CharacterString>
</gmd:deliveryPoint>
<gmd:city>
<gco:CharacterString>Dallas</gco:CharacterString>
</gmd:city>
<gmd:administrativeArea>
<gco:CharacterString>TX</gco:CharacterString>
</gmd:administrativeArea>
<gmd:postalCode>
<gco:CharacterString>75275-0395</gco:CharacterString>
</gmd:postalCode>
<gmd:electronicMailAddress>
<gco:CharacterString>mrichard@smu.edu</gco:CharacterString>
</gmd:electronicMailAddress>
</gmd:CI_Address>
</gmd:address>
</gmd:CI_Contact>
</gmd:contactInfo>
<gmd:role>
<gmd:CI_RoleCode codeList="http://standards.iso.org/ittf/PubliclyAvailableStandards/ISO_19139_Schemas/resources/Codelist/gmxCodelists.xml#CI_RoleCode" codeListValue="distributor">distributor</gmd:CI_RoleCode>
</gmd:role>
</gmd:CI_ResponsibleParty>
</gmd:distributorContact>
</gmd:MD_Distributor>
</gmd:distributor>
<gmd:transferOptions>
<gmd:MD_DigitalTransferOptions>
<gmd:onLine>
<gmd:CI_OnlineResource>
<gmd:linkage>
<gmd:URL>http://www.osti.gov/geothermal/servlets/purl/14903-KERkUk/webviewable/</gmd:URL>
</gmd:linkage>
<gmd:name>
<gco:CharacterString>Summary of the Models and Methods for the FEHM Application-A Finite-Element Heat- and Mass-Transfer Code</gco:CharacterString>
</gmd:name>
<gmd:description>
<gco:CharacterString>URL by which to download this publication</gco:CharacterString>
</gmd:description>
<gmd:function>
<gmd:CI_OnLineFunctionCode codeList="http://www.fgdc.gov/nap/metadata/register/registerItemClasses.html#IC_88" codeListValue="384">fileAccess</gmd:CI_OnLineFunctionCode>
</gmd:function>
</gmd:CI_OnlineResource>
</gmd:onLine>
</gmd:MD_DigitalTransferOptions>
</gmd:transferOptions>
</gmd:MD_Distribution>
</gmd:distributionInfo>
</gmd:MD_Metadata>
<gmd:MD_Metadata xsi:schemaLocation="http://www.isotc211.org/2005/gmd http://schemas.opengis.net/csw/2.0.2/profiles/apiso/1.0.0/apiso.xsd">
<gmd:fileIdentifier>
<gco:CharacterString>93c90144-88c5-34b6-8b8c-d803e03cc54e</gco:CharacterString>
</gmd:fileIdentifier>
<gmd:language>
<gco:CharacterString>eng</gco:CharacterString>
</gmd:language>
<gmd:characterSet>
<gmd:MD_CharacterSetCode codeList="http://standards.iso.org/ittf/PubliclyAvailableStandards/ISO_19139_Schemas/resources/Codelist/gmxCodelists.xml#MD_CharacterSetCode" codeListValue="utf8">UTF-8</gmd:MD_CharacterSetCode>
</gmd:characterSet>
<gmd:hierarchyLevel>
<gmd:MD_ScopeCode codeList="http://standards.iso.org/ittf/PubliclyAvailableStandards/ISO_19139_Schemas/resources/Codelist/gmxCodelists.xml#MD_ScopeCode" codeListValue="Dataset">Dataset</gmd:MD_ScopeCode>
</gmd:hierarchyLevel>
<gmd:hierarchyLevelName>
<gco:CharacterString>Document</gco:CharacterString>
</gmd:hierarchyLevelName>
<gmd:contact>
<gmd:CI_ResponsibleParty>
<gmd:individualName>
<gco:CharacterString>Maria Richards</gco:CharacterString>
</gmd:individualName>
<gmd:organisationName>
<gco:CharacterString>SMU Geothermal Laboratory, Roy M. Huffington Department of Earth Sciences</gco:CharacterString>
</gmd:organisationName>
<gmd:contactInfo>
<gmd:CI_Contact>
<gmd:phone>
<gmd:CI_Telephone>
<gmd:voice>
<gco:CharacterString>214-768-1975</gco:CharacterString>
</gmd:voice>
</gmd:CI_Telephone>
</gmd:phone>
<gmd:address>
<gmd:CI_Address>
<gmd:deliveryPoint>
<gco:CharacterString>P.O. Box 750395</gco:CharacterString>
</gmd:deliveryPoint>
<gmd:city>
<gco:CharacterString>Dallas</gco:CharacterString>
</gmd:city>
<gmd:administrativeArea>
<gco:CharacterString>TX</gco:CharacterString>
</gmd:administrativeArea>
<gmd:postalCode>
<gco:CharacterString>75275-0395</gco:CharacterString>
</gmd:postalCode>
<gmd:electronicMailAddress>
<gco:CharacterString>mrichard@smu.edu</gco:CharacterString>
</gmd:electronicMailAddress>
</gmd:CI_Address>
</gmd:address>
</gmd:CI_Contact>
</gmd:contactInfo>
<gmd:role>
<gmd:CI_RoleCode codeList="http://standards.iso.org/ittf/PubliclyAvailableStandards/ISO_19139_Schemas/resources/Codelist/gmxCodelists.xml#CI_RoleCode" codeListValue="pointOfContact">pointOfContact</gmd:CI_RoleCode>
</gmd:role>
</gmd:CI_ResponsibleParty>
</gmd:contact>
<gmd:dateStamp>
<gco:DateTime>2014-04-29T19:05:43Z</gco:DateTime>
</gmd:dateStamp>
<gmd:metadataStandardName>
<gco:CharacterString>ISO-USGIN</gco:CharacterString>
</gmd:metadataStandardName>
<gmd:metadataStandardVersion>
<gco:CharacterString>1.2</gco:CharacterString>
</gmd:metadataStandardVersion>
<gmd:dataSetURI>
<gco:CharacterString/>
</gmd:dataSetURI>
<gmd:identificationInfo>
<gmd:MD_DataIdentification>
<gmd:citation>
<gmd:CI_Citation>
<gmd:title>
<gco:CharacterString>Resistivity Structure of the Tongariro Geothermal System</gco:CharacterString>
</gmd:title>
<gmd:date>
<gmd:CI_Date>
<gmd:date>
<!--
                    The element here must be a gco:DateTime in the form YYYY-MM-DDThh:mm:ssZ
                    If we do not know hh:mm:ss then set them to zeros (midnight)
                    If we only know YYYY-MM then set DD to 01
                    If we only know YYYY then set MM and DD to 01
                    If we don't know the YYYY then set it to 1900-01-01 and the time to zeros (midnight)
                -->
<gco:DateTime>1979-01-01T00:00:00Z</gco:DateTime>
</gmd:date>
<gmd:dateType>
<gmd:CI_DateTypeCode codeList="http://standards.iso.org/ittf/PubliclyAvailableStandards/ISO_19139_Schemas/resources/Codelist/gmxCodelists.xml#CI_DateTypeCode" codeListValue="publication">publication</gmd:CI_DateTypeCode>
</gmd:dateType>
</gmd:CI_Date>
</gmd:date>
<gmd:citedResponsibleParty>
<gmd:CI_ResponsibleParty>
<gmd:individualName>
<gco:CharacterString>M. Hochstein and C.J. Bromley</gco:CharacterString>
</gmd:individualName>
<gmd:contactInfo>
<gmd:CI_Contact>
<gmd:address>
<gmd:CI_Address>
<gmd:electronicMailAddress>
<gco:CharacterString>metadata@smu.edu</gco:CharacterString>
</gmd:electronicMailAddress>
</gmd:CI_Address>
</gmd:address>
</gmd:CI_Contact>
</gmd:contactInfo>
<gmd:role>
<gmd:CI_RoleCode codeList="http://standards.iso.org/ittf/PubliclyAvailableStandards/ISO_19139_Schemas/resources/Codelist/gmxCodelists.xml#CI_RoleCode" codeListValue="author">author</gmd:CI_RoleCode>
</gmd:role>
</gmd:CI_ResponsibleParty>
</gmd:citedResponsibleParty>
</gmd:CI_Citation>
</gmd:citation>
<gmd:abstract>
<gco:CharacterString>No Publication Abstract is Available</gco:CharacterString>
</gmd:abstract>
<gmd:status>
<gmd:MD_ProgressCode codeList="http://standards.iso.org/ittf/PubliclyAvailableStandards/ISO_19139_Schemas/resources/Codelist/gmxCodelists.xml#MD_ProgressCode" codeListValue="completed">completed</gmd:MD_ProgressCode>
</gmd:status>
<!-- If there are any keywords associated with this publication's bibliography include them in a block like this.
      <gmd:descriptiveKeywords>
        <gmd:MD_Keywords>
          <gmd:keyword> Repeat this element for each keyword phrase
            <gco:CharacterString>Single key word phrase</gco:CharacterString>
          </gmd:keyword>
          <gmd:type>
            <gmd:MD_KeywordTypeCode codeList="http://standards.iso.org/ittf/PubliclyAvailableStandards/ISO_19139_Schemas/resources/Codelist/gmxCodelists.xml#MD_KeywordTypeCode" codeListValue="theme">theme</gmd:MD_KeywordTypeCode>
          </gmd:type>
        </gmd:MD_Keywords>
      </gmd:descriptiveKeywords>
      -->
<gmd:descriptiveKeywords>
<gmd:MD_Keywords>
<!-- For each geographic or spatial keyword in the bibliography insert the following XML fragment for each item in that list. - - >
          <gmd:keyword>
            <gco:CharacterString><!- - A SINGLE KEYWORD PHRASE FOR THE LOCATION e.g. 'New York' (a state) OR 'Rockland County' (a county) - - ></gco:CharacterString>
          </gmd:keyword>
          <!- - (End of XML fragment) -->
<!-- If no geographic or spatial keywords are in the bibliography insert the following block -->
<gmd:keyword>
<gco:CharacterString>non-geographic</gco:CharacterString>
</gmd:keyword>
<gmd:type>
<gmd:MD_KeywordTypeCode codeList="http://standards.iso.org/ittf/PubliclyAvailableStandards/ISO_19139_Schemas/resources/Codelist/gmxCodelists.xml#MD_KeywordTypeCode" codeListValue="place">place</gmd:MD_KeywordTypeCode>
</gmd:type>
</gmd:MD_Keywords>
</gmd:descriptiveKeywords>
<gmd:language>
<gco:CharacterString>eng</gco:CharacterString>
</gmd:language>
<gmd:topicCategory>
<gmd:MD_TopicCategoryCode>geoscientificInformation</gmd:MD_TopicCategoryCode>
</gmd:topicCategory>
<!-- If no extents exist then insert the following block -->
<gmd:extent>
<gmd:EX_Extent/>
</gmd:extent>
<!-- If extents exist for this publication then insert the following block. -->
<!-- gmd:extent>
        <gmd:EX_Extent>
          <gmd:geographicElement>
            <gmd:EX_GeographicBoundingBox>
              <gmd:westBoundLongitude>
                <gco:Decimal>180</gco:Decimal>
              </gmd:westBoundLongitude>
              <gmd:eastBoundLongitude>
                <gco:Decimal>-180</gco:Decimal>
              </gmd:eastBoundLongitude>
              <gmd:southBoundLatitude>
                <gco:Decimal>-90</gco:Decimal>
              </gmd:southBoundLatitude>
              <gmd:northBoundLatitude>
                <gco:Decimal>90</gco:Decimal>
              </gmd:northBoundLatitude>
            </gmd:EX_GeographicBoundingBox>
          </gmd:geographicElement>
        </gmd:EX_Extent>
      </gmd:extent-->
</gmd:MD_DataIdentification>
</gmd:identificationInfo>
<gmd:distributionInfo>
<gmd:MD_Distribution>
<gmd:distributor>
<gmd:MD_Distributor>
<gmd:distributorContact>
<gmd:CI_ResponsibleParty>
<gmd:individualName>
<gco:CharacterString>Maria Richards</gco:CharacterString>
</gmd:individualName>
<gmd:organisationName>
<gco:CharacterString>SMU Geothermal Laboratory, Roy M. Huffington Department of Earth Sciences</gco:CharacterString>
</gmd:organisationName>
<gmd:contactInfo>
<gmd:CI_Contact>
<gmd:phone>
<gmd:CI_Telephone>
<gmd:voice>
<gco:CharacterString>214-768-1975</gco:CharacterString>
</gmd:voice>
</gmd:CI_Telephone>
</gmd:phone>
<gmd:address>
<gmd:CI_Address>
<gmd:deliveryPoint>
<gco:CharacterString>P.O. Box 750395</gco:CharacterString>
</gmd:deliveryPoint>
<gmd:city>
<gco:CharacterString>Dallas</gco:CharacterString>
</gmd:city>
<gmd:administrativeArea>
<gco:CharacterString>TX</gco:CharacterString>
</gmd:administrativeArea>
<gmd:postalCode>
<gco:CharacterString>75275-0395</gco:CharacterString>
</gmd:postalCode>
<gmd:electronicMailAddress>
<gco:CharacterString>mrichard@smu.edu</gco:CharacterString>
</gmd:electronicMailAddress>
</gmd:CI_Address>
</gmd:address>
</gmd:CI_Contact>
</gmd:contactInfo>
<gmd:role>
<gmd:CI_RoleCode codeList="http://standards.iso.org/ittf/PubliclyAvailableStandards/ISO_19139_Schemas/resources/Codelist/gmxCodelists.xml#CI_RoleCode" codeListValue="distributor">distributor</gmd:CI_RoleCode>
</gmd:role>
</gmd:CI_ResponsibleParty>
</gmd:distributorContact>
</gmd:MD_Distributor>
</gmd:distributor>
<gmd:transferOptions>
<gmd:MD_DigitalTransferOptions>
<gmd:onLine>
<gmd:CI_OnlineResource>
<gmd:linkage>
<gmd:URL>https://pangea.stanford.edu/ERE/db/IGAstandard/record_detail.php?id=3738</gmd:URL>
</gmd:linkage>
<gmd:name>
<gco:CharacterString>Resistivity Structure of the Tongariro Geothermal System</gco:CharacterString>
</gmd:name>
<gmd:description>
<gco:CharacterString>URL by which to download this publication</gco:CharacterString>
</gmd:description>
<gmd:function>
<gmd:CI_OnLineFunctionCode codeList="http://www.fgdc.gov/nap/metadata/register/registerItemClasses.html#IC_88" codeListValue="384">fileAccess</gmd:CI_OnLineFunctionCode>
</gmd:function>
</gmd:CI_OnlineResource>
</gmd:onLine>
</gmd:MD_DigitalTransferOptions>
</gmd:transferOptions>
</gmd:MD_Distribution>
</gmd:distributionInfo>
</gmd:MD_Metadata>
<gmd:MD_Metadata xsi:schemaLocation="http://www.isotc211.org/2005/gmd http://schemas.opengis.net/csw/2.0.2/profiles/apiso/1.0.0/apiso.xsd">
<gmd:fileIdentifier>
<gco:CharacterString>70199251-7f9d-3c96-af17-dc38094d15d8</gco:CharacterString>
</gmd:fileIdentifier>
<gmd:language>
<gco:CharacterString>eng</gco:CharacterString>
</gmd:language>
<gmd:characterSet>
<gmd:MD_CharacterSetCode codeList="http://standards.iso.org/ittf/PubliclyAvailableStandards/ISO_19139_Schemas/resources/Codelist/gmxCodelists.xml#MD_CharacterSetCode" codeListValue="utf8">UTF-8</gmd:MD_CharacterSetCode>
</gmd:characterSet>
<gmd:hierarchyLevel>
<gmd:MD_ScopeCode codeList="http://standards.iso.org/ittf/PubliclyAvailableStandards/ISO_19139_Schemas/resources/Codelist/gmxCodelists.xml#MD_ScopeCode" codeListValue="Dataset">Dataset</gmd:MD_ScopeCode>
</gmd:hierarchyLevel>
<gmd:hierarchyLevelName>
<gco:CharacterString>Document</gco:CharacterString>
</gmd:hierarchyLevelName>
<gmd:contact>
<gmd:CI_ResponsibleParty>
<gmd:individualName>
<gco:CharacterString>Maria Richards</gco:CharacterString>
</gmd:individualName>
<gmd:organisationName>
<gco:CharacterString>SMU Geothermal Laboratory, Roy M. Huffington Department of Earth Sciences</gco:CharacterString>
</gmd:organisationName>
<gmd:contactInfo>
<gmd:CI_Contact>
<gmd:phone>
<gmd:CI_Telephone>
<gmd:voice>
<gco:CharacterString>214-768-1975</gco:CharacterString>
</gmd:voice>
</gmd:CI_Telephone>
</gmd:phone>
<gmd:address>
<gmd:CI_Address>
<gmd:deliveryPoint>
<gco:CharacterString>P.O. Box 750395</gco:CharacterString>
</gmd:deliveryPoint>
<gmd:city>
<gco:CharacterString>Dallas</gco:CharacterString>
</gmd:city>
<gmd:administrativeArea>
<gco:CharacterString>TX</gco:CharacterString>
</gmd:administrativeArea>
<gmd:postalCode>
<gco:CharacterString>75275-0395</gco:CharacterString>
</gmd:postalCode>
<gmd:electronicMailAddress>
<gco:CharacterString>mrichard@smu.edu</gco:CharacterString>
</gmd:electronicMailAddress>
</gmd:CI_Address>
</gmd:address>
</gmd:CI_Contact>
</gmd:contactInfo>
<gmd:role>
<gmd:CI_RoleCode codeList="http://standards.iso.org/ittf/PubliclyAvailableStandards/ISO_19139_Schemas/resources/Codelist/gmxCodelists.xml#CI_RoleCode" codeListValue="pointOfContact">pointOfContact</gmd:CI_RoleCode>
</gmd:role>
</gmd:CI_ResponsibleParty>
</gmd:contact>
<gmd:dateStamp>
<gco:DateTime>2014-04-29T19:05:43Z</gco:DateTime>
</gmd:dateStamp>
<gmd:metadataStandardName>
<gco:CharacterString>ISO-USGIN</gco:CharacterString>
</gmd:metadataStandardName>
<gmd:metadataStandardVersion>
<gco:CharacterString>1.2</gco:CharacterString>
</gmd:metadataStandardVersion>
<gmd:dataSetURI>
<gco:CharacterString/>
</gmd:dataSetURI>
<gmd:identificationInfo>
<gmd:MD_DataIdentification>
<gmd:citation>
<gmd:CI_Citation>
<gmd:title>
<gco:CharacterString>Thermal Water Complex and Direct Use in Agriculture in Hungary</gco:CharacterString>
</gmd:title>
<gmd:date>
<gmd:CI_Date>
<gmd:date>
<!--
                    The element here must be a gco:DateTime in the form YYYY-MM-DDThh:mm:ssZ
                    If we do not know hh:mm:ss then set them to zeros (midnight)
                    If we only know YYYY-MM then set DD to 01
                    If we only know YYYY then set MM and DD to 01
                    If we don't know the YYYY then set it to 1900-01-01 and the time to zeros (midnight)
                -->
<gco:DateTime>2007-01-01T00:00:00Z</gco:DateTime>
</gmd:date>
<gmd:dateType>
<gmd:CI_DateTypeCode codeList="http://standards.iso.org/ittf/PubliclyAvailableStandards/ISO_19139_Schemas/resources/Codelist/gmxCodelists.xml#CI_DateTypeCode" codeListValue="publication">publication</gmd:CI_DateTypeCode>
</gmd:dateType>
</gmd:CI_Date>
</gmd:date>
<gmd:citedResponsibleParty>
<gmd:CI_ResponsibleParty>
<gmd:individualName>
<gco:CharacterString>Janos Nagygal</gco:CharacterString>
</gmd:individualName>
<gmd:contactInfo>
<gmd:CI_Contact>
<gmd:address>
<gmd:CI_Address>
<gmd:electronicMailAddress>
<gco:CharacterString>metadata@smu.edu</gco:CharacterString>
</gmd:electronicMailAddress>
</gmd:CI_Address>
</gmd:address>
</gmd:CI_Contact>
</gmd:contactInfo>
<gmd:role>
<gmd:CI_RoleCode codeList="http://standards.iso.org/ittf/PubliclyAvailableStandards/ISO_19139_Schemas/resources/Codelist/gmxCodelists.xml#CI_RoleCode" codeListValue="author">author</gmd:CI_RoleCode>
</gmd:role>
</gmd:CI_ResponsibleParty>
</gmd:citedResponsibleParty>
</gmd:CI_Citation>
</gmd:citation>
<gmd:abstract>
<gco:CharacterString>No Publication Abstract is Available</gco:CharacterString>
</gmd:abstract>
<gmd:status>
<gmd:MD_ProgressCode codeList="http://standards.iso.org/ittf/PubliclyAvailableStandards/ISO_19139_Schemas/resources/Codelist/gmxCodelists.xml#MD_ProgressCode" codeListValue="completed">completed</gmd:MD_ProgressCode>
</gmd:status>
<!-- If there are any keywords associated with this publication's bibliography include them in a block like this.
      <gmd:descriptiveKeywords>
        <gmd:MD_Keywords>
          <gmd:keyword> Repeat this element for each keyword phrase
            <gco:CharacterString>Single key word phrase</gco:CharacterString>
          </gmd:keyword>
          <gmd:type>
            <gmd:MD_KeywordTypeCode codeList="http://standards.iso.org/ittf/PubliclyAvailableStandards/ISO_19139_Schemas/resources/Codelist/gmxCodelists.xml#MD_KeywordTypeCode" codeListValue="theme">theme</gmd:MD_KeywordTypeCode>
          </gmd:type>
        </gmd:MD_Keywords>
      </gmd:descriptiveKeywords>
      -->
<gmd:descriptiveKeywords>
<gmd:MD_Keywords>
<!-- For each geographic or spatial keyword in the bibliography insert the following XML fragment for each item in that list. - - >
          <gmd:keyword>
            <gco:CharacterString><!- - A SINGLE KEYWORD PHRASE FOR THE LOCATION e.g. 'New York' (a state) OR 'Rockland County' (a county) - - ></gco:CharacterString>
          </gmd:keyword>
          <!- - (End of XML fragment) -->
<!-- If no geographic or spatial keywords are in the bibliography insert the following block -->
<gmd:keyword>
<gco:CharacterString>non-geographic</gco:CharacterString>
</gmd:keyword>
<gmd:type>
<gmd:MD_KeywordTypeCode codeList="http://standards.iso.org/ittf/PubliclyAvailableStandards/ISO_19139_Schemas/resources/Codelist/gmxCodelists.xml#MD_KeywordTypeCode" codeListValue="place">place</gmd:MD_KeywordTypeCode>
</gmd:type>
</gmd:MD_Keywords>
</gmd:descriptiveKeywords>
<gmd:language>
<gco:CharacterString>eng</gco:CharacterString>
</gmd:language>
<gmd:topicCategory>
<gmd:MD_TopicCategoryCode>geoscientificInformation</gmd:MD_TopicCategoryCode>
</gmd:topicCategory>
<!-- If no extents exist then insert the following block -->
<gmd:extent>
<gmd:EX_Extent/>
</gmd:extent>
<!-- If extents exist for this publication then insert the following block. -->
<!-- gmd:extent>
        <gmd:EX_Extent>
          <gmd:geographicElement>
            <gmd:EX_GeographicBoundingBox>
              <gmd:westBoundLongitude>
                <gco:Decimal>180</gco:Decimal>
              </gmd:westBoundLongitude>
              <gmd:eastBoundLongitude>
                <gco:Decimal>-180</gco:Decimal>
              </gmd:eastBoundLongitude>
              <gmd:southBoundLatitude>
                <gco:Decimal>-90</gco:Decimal>
              </gmd:southBoundLatitude>
              <gmd:northBoundLatitude>
                <gco:Decimal>90</gco:Decimal>
              </gmd:northBoundLatitude>
            </gmd:EX_GeographicBoundingBox>
          </gmd:geographicElement>
        </gmd:EX_Extent>
      </gmd:extent-->
</gmd:MD_DataIdentification>
</gmd:identificationInfo>
<gmd:distributionInfo>
<gmd:MD_Distribution>
<gmd:distributor>
<gmd:MD_Distributor>
<gmd:distributorContact>
<gmd:CI_ResponsibleParty>
<gmd:individualName>
<gco:CharacterString>Maria Richards</gco:CharacterString>
</gmd:individualName>
<gmd:organisationName>
<gco:CharacterString>SMU Geothermal Laboratory, Roy M. Huffington Department of Earth Sciences</gco:CharacterString>
</gmd:organisationName>
<gmd:contactInfo>
<gmd:CI_Contact>
<gmd:phone>
<gmd:CI_Telephone>
<gmd:voice>
<gco:CharacterString>214-768-1975</gco:CharacterString>
</gmd:voice>
</gmd:CI_Telephone>
</gmd:phone>
<gmd:address>
<gmd:CI_Address>
<gmd:deliveryPoint>
<gco:CharacterString>P.O. Box 750395</gco:CharacterString>
</gmd:deliveryPoint>
<gmd:city>
<gco:CharacterString>Dallas</gco:CharacterString>
</gmd:city>
<gmd:administrativeArea>
<gco:CharacterString>TX</gco:CharacterString>
</gmd:administrativeArea>
<gmd:postalCode>
<gco:CharacterString>75275-0395</gco:CharacterString>
</gmd:postalCode>
<gmd:electronicMailAddress>
<gco:CharacterString>mrichard@smu.edu</gco:CharacterString>
</gmd:electronicMailAddress>
</gmd:CI_Address>
</gmd:address>
</gmd:CI_Contact>
</gmd:contactInfo>
<gmd:role>
<gmd:CI_RoleCode codeList="http://standards.iso.org/ittf/PubliclyAvailableStandards/ISO_19139_Schemas/resources/Codelist/gmxCodelists.xml#CI_RoleCode" codeListValue="distributor">distributor</gmd:CI_RoleCode>
</gmd:role>
</gmd:CI_ResponsibleParty>
</gmd:distributorContact>
</gmd:MD_Distributor>
</gmd:distributor>
<gmd:transferOptions>
<gmd:MD_DigitalTransferOptions>
<gmd:onLine>
<gmd:CI_OnlineResource>
<gmd:linkage>
<gmd:URL>https://pangea.stanford.edu/ERE/db/IGAstandard/record_detail.php?id=5234</gmd:URL>
</gmd:linkage>
<gmd:name>
<gco:CharacterString>Thermal Water Complex and Direct Use in Agriculture in Hungary</gco:CharacterString>
</gmd:name>
<gmd:description>
<gco:CharacterString>URL by which to download this publication</gco:CharacterString>
</gmd:description>
<gmd:function>
<gmd:CI_OnLineFunctionCode codeList="http://www.fgdc.gov/nap/metadata/register/registerItemClasses.html#IC_88" codeListValue="384">fileAccess</gmd:CI_OnLineFunctionCode>
</gmd:function>
</gmd:CI_OnlineResource>
</gmd:onLine>
</gmd:MD_DigitalTransferOptions>
</gmd:transferOptions>
</gmd:MD_Distribution>
</gmd:distributionInfo>
</gmd:MD_Metadata>
<gmd:MD_Metadata xsi:schemaLocation="http://www.isotc211.org/2005/gmd http://schemas.opengis.net/csw/2.0.2/profiles/apiso/1.0.0/apiso.xsd" xmlns:gmi="http://www.isotc211.org/2005/gmi" xmlns:gmx="http://www.isotc211.org/2005/gmx" xmlns:gts="http://www.isotc211.org/2005/gts">
<gmd:fileIdentifier>
<gco:CharacterString>c1065404d8b9831acb74d625bc099a6d</gco:CharacterString>
</gmd:fileIdentifier>
<gmd:language>
<gco:CharacterString>eng</gco:CharacterString>
</gmd:language>
<gmd:characterSet>
<gmd:MD_CharacterSetCode codeList="http://standards.iso.org/ittf/PubliclyAvailableStandards/ISO_19139_Schemas/resources/Codelist/gmxCodelists.xml#MD_CharacterSetCode" codeListValue="utf8">UTF-8</gmd:MD_CharacterSetCode>
</gmd:characterSet>
<gmd:hierarchyLevel>
<gmd:MD_ScopeCode codeList="http://standards.iso.org/ittf/PubliclyAvailableStandards/ISO_19139_Schemas/resources/Codelist/gmxCodelists.xml#MD_ScopeCode" codeListValue="Dataset">Dataset</gmd:MD_ScopeCode>
</gmd:hierarchyLevel>
<gmd:hierarchyLevelName>
<gco:CharacterString>collection:dataset</gco:CharacterString>
</gmd:hierarchyLevelName>
<gmd:contact>
<gmd:CI_ResponsibleParty>
<gmd:individualName>
<gco:CharacterString>No Name Was Given</gco:CharacterString>
</gmd:individualName>
<gmd:organisationName>
<gco:CharacterString>Arizona Geological Survey</gco:CharacterString>
</gmd:organisationName>
<gmd:positionName>
<gco:CharacterString>missing</gco:CharacterString>
</gmd:positionName>
<gmd:contactInfo>
<gmd:CI_Contact>
<gmd:phone>
<gmd:CI_Telephone>
<gmd:voice>
<gco:CharacterString>520-770-3500</gco:CharacterString>
</gmd:voice>
</gmd:CI_Telephone>
</gmd:phone>
<gmd:address>
<gmd:CI_Address>
<gmd:deliveryPoint>
<gco:CharacterString>416 W. Congress St. Ste. 100</gco:CharacterString>
</gmd:deliveryPoint>
<gmd:city>
<gco:CharacterString>Tucson</gco:CharacterString>
</gmd:city>
<gmd:administrativeArea>
<gco:CharacterString>Arizona</gco:CharacterString>
</gmd:administrativeArea>
<gmd:postalCode>
<gco:CharacterString>85701</gco:CharacterString>
</gmd:postalCode>
<gmd:electronicMailAddress>
<gco:CharacterString>metadata@azgs.az.gov</gco:CharacterString>
</gmd:electronicMailAddress>
</gmd:CI_Address>
</gmd:address>
</gmd:CI_Contact>
</gmd:contactInfo>
<gmd:role>
<gmd:CI_RoleCode codeList="http://standards.iso.org/ittf/PubliclyAvailableStandards/ISO_19139_Schemas/resources/Codelist/gmxCodelists.xml#CI_RoleCode" codeListValue="pointOfContact">pointOfContact</gmd:CI_RoleCode>
</gmd:role>
</gmd:CI_ResponsibleParty>
</gmd:contact>
<gmd:dateStamp>
<gco:DateTime>2014-04-28T18:18:23Z</gco:DateTime>
</gmd:dateStamp>
<gmd:metadataStandardName>
<gco:CharacterString>ISO-USGIN</gco:CharacterString>
</gmd:metadataStandardName>
<gmd:metadataStandardVersion>
<gco:CharacterString>1.2</gco:CharacterString>
</gmd:metadataStandardVersion>
<gmd:dataSetURI>
<gco:CharacterString>http://repository.usgin.org/uri_gin/usgin/dlio/530</gco:CharacterString>
</gmd:dataSetURI>
<gmd:identificationInfo>
<gmd:MD_DataIdentification>
<gmd:citation>
<gmd:CI_Citation>
<gmd:title>
<gco:CharacterString>Alabama Aqueous Well Chemistry</gco:CharacterString>
</gmd:title>
<gmd:date>
<gmd:CI_Date>
<gmd:date>
<gco:DateTime>2012-07-06T12:00:00</gco:DateTime>
</gmd:date>
<gmd:dateType>
<gmd:CI_DateTypeCode codeList="http://www.isotc211.org/2005/resources/Codelist/gmxCodelists.xml#CI_DateTypeCode" codeListValue="publication">publication</gmd:CI_DateTypeCode>
</gmd:dateType>
</gmd:CI_Date>
</gmd:date>
<gmd:citedResponsibleParty>
<gmd:CI_ResponsibleParty>
<gmd:individualName>
<gco:CharacterString>Hills, Denise</gco:CharacterString>
</gmd:individualName>
<gmd:organisationName>
<gco:CharacterString>Alabama Geological Survey</gco:CharacterString>
</gmd:organisationName>
<gmd:positionName>
<gco:CharacterString>missing</gco:CharacterString>
</gmd:positionName>
<gmd:contactInfo>
<gmd:CI_Contact>
<gmd:phone>
<gmd:CI_Telephone>
<gmd:voice>
<gco:CharacterString>205-247-3642</gco:CharacterString>
</gmd:voice>
</gmd:CI_Telephone>
</gmd:phone>
<gmd:address>
<gmd:CI_Address>
<gmd:deliveryPoint>
<gco:CharacterString>400 Hackberry Drive   P.O.Box 869999</gco:CharacterString>
</gmd:deliveryPoint>
<gmd:city>
<gco:CharacterString>Tuscaloosa</gco:CharacterString>
</gmd:city>
<gmd:administrativeArea>
<gco:CharacterString>AL</gco:CharacterString>
</gmd:administrativeArea>
<gmd:postalCode>
<gco:CharacterString>35486-6999</gco:CharacterString>
</gmd:postalCode>
<gmd:electronicMailAddress>
<gco:CharacterString>dhills@gsa.state.al.us</gco:CharacterString>
</gmd:electronicMailAddress>
</gmd:CI_Address>
</gmd:address>
</gmd:CI_Contact>
</gmd:contactInfo>
<gmd:role>
<gmd:CI_RoleCode codeList="http://standards.iso.org/ittf/PubliclyAvailableStandards/ISO_19139_Schemas/resources/Codelist/gmxCodelists.xml#CI_RoleCode" codeListValue="originator">originator</gmd:CI_RoleCode>
</gmd:role>
</gmd:CI_ResponsibleParty>
</gmd:citedResponsibleParty>
</gmd:CI_Citation>
</gmd:citation>
<gmd:abstract>
<gco:CharacterString>This resource is a compilation of Alabama Aqueous Well Chemistry observations compiled by the Geological Survey of Alabama. The data is available in the following formats: web feature service, web map service, ESRI service and an Excel workbook for download. The workbook contains 10 worksheets, including information about the template with notes related to revisions of the template, resource provider information, the data provided in two worksheets, Common Analytes and Water Quality, which represent the layers in the web services, a field list (to assist data mapping), Analyte Suites and dictionary, AqChem Template, and vocabularies used to describe the data (data valid terms)  This data was provided by the Geological Survey of Alabama and made available for distribution through the AASG National Geothermal Data System.</gco:CharacterString>
</gmd:abstract>
<gmd:status>
<gmd:MD_ProgressCode codeList="http://standards.iso.org/ittf/PubliclyAvailableStandards/ISO_19139_Schemas/resources/Codelist/gmxCodelists.xml#MD_ProgressCode" codeListValue="completed">completed</gmd:MD_ProgressCode>
</gmd:status>
<gmd:descriptiveKeywords>
<gmd:MD_Keywords>
<gmd:keyword>
<gco:CharacterString>usgincm:aqueous chemistry</gco:CharacterString>
</gmd:keyword>
<gmd:keyword>
<gco:CharacterString>wms</gco:CharacterString>
</gmd:keyword>
<gmd:keyword>
<gco:CharacterString>aqueous chemistry</gco:CharacterString>
</gmd:keyword>
<gmd:keyword>
<gco:CharacterString>dissolved silica</gco:CharacterString>
</gmd:keyword>
<gmd:keyword>
<gco:CharacterString>geothermal</gco:CharacterString>
</gmd:keyword>
<gmd:keyword>
<gco:CharacterString>groundwater</gco:CharacterString>
</gmd:keyword>
<gmd:keyword>
<gco:CharacterString>template</gco:CharacterString>
</gmd:keyword>
<gmd:keyword>
<gco:CharacterString>well</gco:CharacterString>
</gmd:keyword>
<gmd:keyword>
<gco:CharacterString>alabama</gco:CharacterString>
</gmd:keyword>
<gmd:keyword>
<gco:CharacterString>north america</gco:CharacterString>
</gmd:keyword>
<gmd:keyword>
<gco:CharacterString>united states</gco:CharacterString>
</gmd:keyword>
<gmd:keyword>
<gco:CharacterString>data</gco:CharacterString>
</gmd:keyword>
<gmd:keyword>
<gco:CharacterString>hydrogeology</gco:CharacterString>
</gmd:keyword>
<gmd:keyword>
<gco:CharacterString>geothermal system</gco:CharacterString>
</gmd:keyword>
<gmd:keyword>
<gco:CharacterString>water analyses</gco:CharacterString>
</gmd:keyword>
<gmd:keyword>
<gco:CharacterString>geothermal fluid</gco:CharacterString>
</gmd:keyword>
<gmd:keyword>
<gco:CharacterString>usginres:collection:dataset</gco:CharacterString>
</gmd:keyword>
<gmd:keyword>
<gco:CharacterString>usginres:document:image:stillimage:human-generated image:map</gco:CharacterString>
</gmd:keyword>
<gmd:type>
<gmd:MD_KeywordTypeCode codeList="http://standards.iso.org/ittf/PubliclyAvailableStandards/ISO_19139_Schemas/resources/Codelist/gmxCodelists.xml#MD_KeywordTypeCode" codeListValue="theme">theme</gmd:MD_KeywordTypeCode>
</gmd:type>
</gmd:MD_Keywords>
</gmd:descriptiveKeywords>
<gmd:descriptiveKeywords>
<gmd:MD_Keywords>
<gmd:keyword>
<gco:CharacterString>Alabama</gco:CharacterString>
</gmd:keyword>
<gmd:keyword>
<gco:CharacterString>Aqueous Chemistry</gco:CharacterString>
</gmd:keyword>
<gmd:keyword>
<gco:CharacterString>Downloadable Files</gco:CharacterString>
</gmd:keyword>
<gmd:keyword>
<gco:CharacterString>WMS Services</gco:CharacterString>
</gmd:keyword>
<gmd:keyword>
<gco:CharacterString>WFS Services</gco:CharacterString>
</gmd:keyword>
<gmd:keyword>
<gco:CharacterString>ESRI Services</gco:CharacterString>
</gmd:keyword>
<gmd:keyword>
<gco:CharacterString>Alabama Geological Survey</gco:CharacterString>
</gmd:keyword>
<gmd:thesaurusName xlink:href="/metadata/collection/">
<gmd:CI_Citation>
<gmd:title>
<gco:CharacterString>Server Collections</gco:CharacterString>
</gmd:title>
<gmd:date>
<gmd:CI_Date>
<gmd:date>
<gco:Date>2012-06-06</gco:Date>
</gmd:date>
<gmd:dateType>
<gmd:CI_DateTypeCode codeList="http://standards.iso.org/ittf/PubliclyAvailableStandards/ISO_19139_Schemas/resources/Codelist/gmxCodelists.xml#CI_DateTypeCode" codeListValue="publication"/>
</gmd:dateType>
</gmd:CI_Date>
</gmd:date>
</gmd:CI_Citation>
</gmd:thesaurusName>
</gmd:MD_Keywords>
</gmd:descriptiveKeywords>
<gmd:language>
<gco:CharacterString>eng</gco:CharacterString>
</gmd:language>
<gmd:characterSet>
<gmd:MD_CharacterSetCode codeList="http://www.isotc211.org/2005/resources/Codelist/gmxCodelists.xml#MD_CharacterSetCode " codeListValue="utf8">UTF-8</gmd:MD_CharacterSetCode>
</gmd:characterSet>
<gmd:topicCategory>
<gmd:MD_TopicCategoryCode>geoscientificInformation</gmd:MD_TopicCategoryCode>
</gmd:topicCategory>
<gmd:extent>
<gmd:EX_Extent>
<gmd:geographicElement>
<gmd:EX_GeographicBoundingBox>
<gmd:westBoundLongitude>
<gco:Decimal>-88.5498</gco:Decimal>
</gmd:westBoundLongitude>
<gmd:eastBoundLongitude>
<gco:Decimal>-84.7266</gco:Decimal>
</gmd:eastBoundLongitude>
<gmd:southBoundLatitude>
<gco:Decimal>30.025</gco:Decimal>
</gmd:southBoundLatitude>
<gmd:northBoundLatitude>
<gco:Decimal>35.0602</gco:Decimal>
</gmd:northBoundLatitude>
</gmd:EX_GeographicBoundingBox>
</gmd:geographicElement>
</gmd:EX_Extent>
</gmd:extent>
</gmd:MD_DataIdentification>
</gmd:identificationInfo>
<gmd:distributionInfo>
<gmd:MD_Distribution>
<gmd:distributor>
<gmd:MD_Distributor>
<gmd:distributorContact>
<gmd:CI_ResponsibleParty>
<gmd:individualName>
<gco:CharacterString>No Name Was Given</gco:CharacterString>
</gmd:individualName>
<gmd:organisationName>
<gco:CharacterString>Kentucky Geological Survey</gco:CharacterString>
</gmd:organisationName>
<gmd:positionName>
<gco:CharacterString>missing</gco:CharacterString>
</gmd:positionName>
<gmd:contactInfo>
<gmd:CI_Contact>
<gmd:phone>
<gmd:CI_Telephone>
<gmd:voice>
<gco:CharacterString>859-232-0519</gco:CharacterString>
</gmd:voice>
</gmd:CI_Telephone>
</gmd:phone>
<gmd:address>
<gmd:CI_Address>
<gmd:deliveryPoint>
<gco:CharacterString>228 MMRB, University of Kentucky </gco:CharacterString>
</gmd:deliveryPoint>
<gmd:city>
<gco:CharacterString>Lexington</gco:CharacterString>
</gmd:city>
<gmd:administrativeArea>
<gco:CharacterString>Kentucky</gco:CharacterString>
</gmd:administrativeArea>
<gmd:postalCode>
<gco:CharacterString>40506</gco:CharacterString>
</gmd:postalCode>
<gmd:electronicMailAddress>
<gco:CharacterString>kgsmail@uky.edu</gco:CharacterString>
</gmd:electronicMailAddress>
</gmd:CI_Address>
</gmd:address>
</gmd:CI_Contact>
</gmd:contactInfo>
<gmd:role>
<gmd:CI_RoleCode codeList="http://standards.iso.org/ittf/PubliclyAvailableStandards/ISO_19139_Schemas/resources/Codelist/gmxCodelists.xml#CI_RoleCode" codeListValue="distributor">distributor</gmd:CI_RoleCode>
</gmd:role>
</gmd:CI_ResponsibleParty>
</gmd:distributorContact>
</gmd:MD_Distributor>
</gmd:distributor>
<gmd:distributor>
<gmd:MD_Distributor>
<gmd:distributorContact>
<gmd:CI_ResponsibleParty>
<gmd:individualName>
<gco:CharacterString>No Name Was Given</gco:CharacterString>
</gmd:individualName>
<gmd:organisationName>
<gco:CharacterString>Arizona Geological Survey</gco:CharacterString>
</gmd:organisationName>
<gmd:positionName>
<gco:CharacterString>missing</gco:CharacterString>
</gmd:positionName>
<gmd:contactInfo>
<gmd:CI_Contact>
<gmd:phone>
<gmd:CI_Telephone>
<gmd:voice>
<gco:CharacterString>520-770-3500</gco:CharacterString>
</gmd:voice>
</gmd:CI_Telephone>
</gmd:phone>
<gmd:address>
<gmd:CI_Address>
<gmd:deliveryPoint>
<gco:CharacterString>416 W. Congress St., Suite 100</gco:CharacterString>
</gmd:deliveryPoint>
<gmd:city>
<gco:CharacterString>Tucson</gco:CharacterString>
</gmd:city>
<gmd:administrativeArea>
<gco:CharacterString>AZ</gco:CharacterString>
</gmd:administrativeArea>
<gmd:postalCode>
<gco:CharacterString>85701</gco:CharacterString>
</gmd:postalCode>
<gmd:electronicMailAddress>
<gco:CharacterString>metadata@azgs.az.gov</gco:CharacterString>
</gmd:electronicMailAddress>
</gmd:CI_Address>
</gmd:address>
</gmd:CI_Contact>
</gmd:contactInfo>
<gmd:role>
<gmd:CI_RoleCode codeList="http://standards.iso.org/ittf/PubliclyAvailableStandards/ISO_19139_Schemas/resources/Codelist/gmxCodelists.xml#CI_RoleCode" codeListValue="distributor">distributor</gmd:CI_RoleCode>
</gmd:role>
</gmd:CI_ResponsibleParty>
</gmd:distributorContact>
</gmd:MD_Distributor>
</gmd:distributor>
<gmd:transferOptions>
<gmd:MD_DigitalTransferOptions id="http___kgs_uky_edu_arcgis_rest_services_aasggeothermal_ALaqWellChemistry_MapServer">
<gmd:onLine>
<gmd:CI_OnlineResource>
<gmd:linkage>
<gmd:URL>http://kgs.uky.edu/arcgis/rest/services/aasggeothermal/ALaqWellChemistry/MapServer</gmd:URL>
</gmd:linkage>
<gmd:protocol>
<gco:CharacterString>ESRI</gco:CharacterString>
</gmd:protocol>
<gmd:name>
<gco:CharacterString>Service Description</gco:CharacterString>
</gmd:name>
<gmd:description>
<gco:CharacterString>ESRI</gco:CharacterString>
</gmd:description>
<gmd:function>
<gmd:CI_OnLineFunctionCode codeList="http://www.fgdc.gov/nap/metadata/register/registerItemClasses.html#IC_88" codeListValue="381">webService</gmd:CI_OnLineFunctionCode>
</gmd:function>
</gmd:CI_OnlineResource>
</gmd:onLine>
</gmd:MD_DigitalTransferOptions>
</gmd:transferOptions>
<gmd:transferOptions>
<gmd:MD_DigitalTransferOptions id="http___kgs_uky_edu_arcgis_services_aasggeothermal_ALaqWellChemistry_MapServer_WMSServer_request_GetCapabilities_service_WMS">
<gmd:onLine>
<gmd:CI_OnlineResource>
<gmd:linkage>
<gmd:URL>http://kgs.uky.edu/arcgis/services/aasggeothermal/ALaqWellChemistry/MapServer/WMSServer?request=GetCapabilities&amp;service=WMS</gmd:URL>
</gmd:linkage>
<gmd:protocol>
<gco:CharacterString>OGC:WMS</gco:CharacterString>
</gmd:protocol>
<gmd:name>
<gco:CharacterString>Service Description</gco:CharacterString>
</gmd:name>
<gmd:description>
<gco:CharacterString>WMS parameters: {"layers": "OGC:WMS"}</gco:CharacterString>
</gmd:description>
<gmd:function>
<gmd:CI_OnLineFunctionCode codeList="http://www.fgdc.gov/nap/metadata/register/registerItemClasses.html#IC_88" codeListValue="381">webService</gmd:CI_OnLineFunctionCode>
</gmd:function>
</gmd:CI_OnlineResource>
</gmd:onLine>
</gmd:MD_DigitalTransferOptions>
</gmd:transferOptions>
<gmd:transferOptions>
<gmd:MD_DigitalTransferOptions id="http___kgs_uky_edu_arcgis_services_aasggeothermal_ALaqWellChemistry_MapServer_WFSServer_request_GetCapabilities_service_WFS">
<gmd:onLine>
<gmd:CI_OnlineResource>
<gmd:linkage>
<gmd:URL>http://kgs.uky.edu/arcgis/services/aasggeothermal/ALaqWellChemistry/MapServer/WFSServer?request=GetCapabilities&amp;service=WFS</gmd:URL>
</gmd:linkage>
<gmd:protocol>
<gco:CharacterString>OGC:WFS</gco:CharacterString>
</gmd:protocol>
<gmd:name>
<gco:CharacterString>Service Description</gco:CharacterString>
</gmd:name>
<gmd:description>
<gco:CharacterString>WFS parameters: {"featureTypes": "OGC:WFS"}</gco:CharacterString>
</gmd:description>
<gmd:function>
<gmd:CI_OnLineFunctionCode codeList="http://www.fgdc.gov/nap/metadata/register/registerItemClasses.html#IC_88" codeListValue="381">webService</gmd:CI_OnLineFunctionCode>
</gmd:function>
</gmd:CI_OnlineResource>
</gmd:onLine>
</gmd:MD_DigitalTransferOptions>
</gmd:transferOptions>
<gmd:transferOptions>
<gmd:MD_DigitalTransferOptions id="http___repository_stategeothermaldata_org_metadata_record_c1065404d8b9831acb74d625bc099a6d_file_al_well_aqueouschemistrytemplate1_9_1_xls">
<gmd:onLine>
<gmd:CI_OnlineResource>
<gmd:linkage>
<gmd:URL>http://repository.stategeothermaldata.org/metadata/record/c1065404d8b9831acb74d625bc099a6d/file/al-well_aqueouschemistrytemplate1.9.1.xls</gmd:URL>
</gmd:linkage>
<gmd:name>
<gco:CharacterString>Alabama Aqueous Well Chemistry data, Water Isotopes and Free Gas</gco:CharacterString>
</gmd:name>
<gmd:function>
<gmd:CI_OnLineFunctionCode codeList="http://www.fgdc.gov/nap/metadata/register/registerItemClasses.html#IC_88" codeListValue="375">download</gmd:CI_OnLineFunctionCode>
</gmd:function>
</gmd:CI_OnlineResource>
</gmd:onLine>
</gmd:MD_DigitalTransferOptions>
</gmd:transferOptions>
<gmd:transferOptions>
<gmd:MD_DigitalTransferOptions id="http___repository_stategeothermaldata_org_metadata_record_c1065404d8b9831acb74d625bc099a6d_file_al_well_aqueouschemistrytemplate1_9_1_xls-duplicate">
<gmd:onLine>
<gmd:CI_OnlineResource>
<gmd:linkage>
<gmd:URL>http://repository.stategeothermaldata.org/metadata/record/c1065404d8b9831acb74d625bc099a6d/file/al-well_aqueouschemistrytemplate1.9.1.xls</gmd:URL>
</gmd:linkage>
<gmd:name>
<gco:CharacterString>Alabama Aqueous Well Chemistry Observations  in Excel Workbook</gco:CharacterString>
</gmd:name>
<gmd:function>
<gmd:CI_OnLineFunctionCode codeList="http://www.fgdc.gov/nap/metadata/register/registerItemClasses.html#IC_88" codeListValue="375">download</gmd:CI_OnLineFunctionCode>
</gmd:function>
</gmd:CI_OnlineResource>
</gmd:onLine>
</gmd:MD_DigitalTransferOptions>
</gmd:transferOptions>
<gmd:transferOptions>
<gmd:MD_DigitalTransferOptions id="http___notifications_usgin_org_">
<gmd:onLine>
<gmd:CI_OnlineResource>
<gmd:linkage>
<gmd:URL>http://notifications.usgin.org/</gmd:URL>
</gmd:linkage>
<gmd:name>
<gco:CharacterString>NGDS RSS feed for services notifications</gco:CharacterString>
</gmd:name>
<gmd:function>
<gmd:CI_OnLineFunctionCode codeList="http://www.fgdc.gov/nap/metadata/register/registerItemClasses.html#IC_88" codeListValue="375">download</gmd:CI_OnLineFunctionCode>
</gmd:function>
</gmd:CI_OnlineResource>
</gmd:onLine>
</gmd:MD_DigitalTransferOptions>
</gmd:transferOptions>
</gmd:MD_Distribution>
</gmd:distributionInfo>
<gmd:metadataMaintenance>
<gmd:MD_MaintenanceInformation>
<gmd:maintenanceAndUpdateFrequency>
<gmd:MD_MaintenanceFrequencyCode codeList="http://www.isotc211.org/2005/resources/Codelist/gmxCodelists.xml#MD_MaintenanceFrequencyCode" codeListValue="IRREGULAR">irregular								</gmd:MD_MaintenanceFrequencyCode>
</gmd:maintenanceAndUpdateFrequency>
<gmd:maintenanceNote>
<gco:CharacterString>This metadata record has been processed by the iso-19115-to-usgin-19115-data XSLT to ensure that all mandatory content for USGIN profile has been added.2013-11-04T12:00:00</gco:CharacterString>
</gmd:maintenanceNote>
</gmd:MD_MaintenanceInformation>
</gmd:metadataMaintenance>
</gmd:MD_Metadata>
<gmd:MD_Metadata xsi:schemaLocation="http://www.isotc211.org/2005/gmd http://schemas.opengis.net/csw/2.0.2/profiles/apiso/1.0.0/apiso.xsd">
<gmd:fileIdentifier>
<gco:CharacterString>a2eaf3ef-654c-3f89-8f7c-e58ce2bf2a06</gco:CharacterString>
</gmd:fileIdentifier>
<gmd:language>
<gco:CharacterString>eng</gco:CharacterString>
</gmd:language>
<gmd:characterSet>
<gmd:MD_CharacterSetCode codeList="http://standards.iso.org/ittf/PubliclyAvailableStandards/ISO_19139_Schemas/resources/Codelist/gmxCodelists.xml#MD_CharacterSetCode" codeListValue="utf8">UTF-8</gmd:MD_CharacterSetCode>
</gmd:characterSet>
<gmd:hierarchyLevel>
<gmd:MD_ScopeCode codeList="http://standards.iso.org/ittf/PubliclyAvailableStandards/ISO_19139_Schemas/resources/Codelist/gmxCodelists.xml#MD_ScopeCode" codeListValue="Dataset">Dataset</gmd:MD_ScopeCode>
</gmd:hierarchyLevel>
<gmd:hierarchyLevelName>
<gco:CharacterString>Document</gco:CharacterString>
</gmd:hierarchyLevelName>
<gmd:contact>
<gmd:CI_ResponsibleParty>
<gmd:individualName>
<gco:CharacterString>Maria Richards</gco:CharacterString>
</gmd:individualName>
<gmd:organisationName>
<gco:CharacterString>SMU Geothermal Laboratory, Roy M. Huffington Department of Earth Sciences</gco:CharacterString>
</gmd:organisationName>
<gmd:contactInfo>
<gmd:CI_Contact>
<gmd:phone>
<gmd:CI_Telephone>
<gmd:voice>
<gco:CharacterString>214-768-1975</gco:CharacterString>
</gmd:voice>
</gmd:CI_Telephone>
</gmd:phone>
<gmd:address>
<gmd:CI_Address>
<gmd:deliveryPoint>
<gco:CharacterString>P.O. Box 750395</gco:CharacterString>
</gmd:deliveryPoint>
<gmd:city>
<gco:CharacterString>Dallas</gco:CharacterString>
</gmd:city>
<gmd:administrativeArea>
<gco:CharacterString>TX</gco:CharacterString>
</gmd:administrativeArea>
<gmd:postalCode>
<gco:CharacterString>75275-0395</gco:CharacterString>
</gmd:postalCode>
<gmd:electronicMailAddress>
<gco:CharacterString>mrichard@smu.edu</gco:CharacterString>
</gmd:electronicMailAddress>
</gmd:CI_Address>
</gmd:address>
</gmd:CI_Contact>
</gmd:contactInfo>
<gmd:role>
<gmd:CI_RoleCode codeList="http://standards.iso.org/ittf/PubliclyAvailableStandards/ISO_19139_Schemas/resources/Codelist/gmxCodelists.xml#CI_RoleCode" codeListValue="pointOfContact">pointOfContact</gmd:CI_RoleCode>
</gmd:role>
</gmd:CI_ResponsibleParty>
</gmd:contact>
<gmd:dateStamp>
<gco:DateTime>2014-04-29T19:05:43Z</gco:DateTime>
</gmd:dateStamp>
<gmd:metadataStandardName>
<gco:CharacterString>ISO-USGIN</gco:CharacterString>
</gmd:metadataStandardName>
<gmd:metadataStandardVersion>
<gco:CharacterString>1.2</gco:CharacterString>
</gmd:metadataStandardVersion>
<gmd:dataSetURI>
<gco:CharacterString/>
</gmd:dataSetURI>
<gmd:identificationInfo>
<gmd:MD_DataIdentification>
<gmd:citation>
<gmd:CI_Citation>
<gmd:title>
<gco:CharacterString>Natural convection in nonvertical wells</gco:CharacterString>
</gmd:title>
<gmd:date>
<gmd:CI_Date>
<gmd:date>
<!--
                    The element here must be a gco:DateTime in the form YYYY-MM-DDThh:mm:ssZ
                    If we do not know hh:mm:ss then set them to zeros (midnight)
                    If we only know YYYY-MM then set DD to 01
                    If we only know YYYY then set MM and DD to 01
                    If we don't know the YYYY then set it to 1900-01-01 and the time to zeros (midnight)
                -->
<gco:DateTime>1985-01-01T00:00:00Z</gco:DateTime>
</gmd:date>
<gmd:dateType>
<gmd:CI_DateTypeCode codeList="http://standards.iso.org/ittf/PubliclyAvailableStandards/ISO_19139_Schemas/resources/Codelist/gmxCodelists.xml#CI_DateTypeCode" codeListValue="publication">publication</gmd:CI_DateTypeCode>
</gmd:dateType>
</gmd:CI_Date>
</gmd:date>
<gmd:citedResponsibleParty>
<gmd:CI_ResponsibleParty>
<gmd:individualName>
<gco:CharacterString>Denbow, D.A.</gco:CharacterString>
</gmd:individualName>
<gmd:contactInfo>
<gmd:CI_Contact>
<gmd:address>
<gmd:CI_Address>
<gmd:electronicMailAddress>
<gco:CharacterString>metadata@smu.edu</gco:CharacterString>
</gmd:electronicMailAddress>
</gmd:CI_Address>
</gmd:address>
</gmd:CI_Contact>
</gmd:contactInfo>
<gmd:role>
<gmd:CI_RoleCode codeList="http://standards.iso.org/ittf/PubliclyAvailableStandards/ISO_19139_Schemas/resources/Codelist/gmxCodelists.xml#CI_RoleCode" codeListValue="author">author</gmd:CI_RoleCode>
</gmd:role>
</gmd:CI_ResponsibleParty>
</gmd:citedResponsibleParty>
<gmd:citedResponsibleParty>
<gmd:CI_ResponsibleParty>
<gmd:individualName>
<gco:CharacterString>Murphy, H.D.</gco:CharacterString>
</gmd:individualName>
<gmd:contactInfo>
<gmd:CI_Contact>
<gmd:address>
<gmd:CI_Address>
<gmd:electronicMailAddress>
<gco:CharacterString>metadata@smu.edu</gco:CharacterString>
</gmd:electronicMailAddress>
</gmd:CI_Address>
</gmd:address>
</gmd:CI_Contact>
</gmd:contactInfo>
<gmd:role>
<gmd:CI_RoleCode codeList="http://standards.iso.org/ittf/PubliclyAvailableStandards/ISO_19139_Schemas/resources/Codelist/gmxCodelists.xml#CI_RoleCode" codeListValue="author">author</gmd:CI_RoleCode>
</gmd:role>
</gmd:CI_ResponsibleParty>
</gmd:citedResponsibleParty>
<gmd:citedResponsibleParty>
<gmd:CI_ResponsibleParty>
<gmd:individualName>
<gco:CharacterString>McEligot, D.M.</gco:CharacterString>
</gmd:individualName>
<gmd:contactInfo>
<gmd:CI_Contact>
<gmd:address>
<gmd:CI_Address>
<gmd:electronicMailAddress>
<gco:CharacterString>metadata@smu.edu</gco:CharacterString>
</gmd:electronicMailAddress>
</gmd:CI_Address>
</gmd:address>
</gmd:CI_Contact>
</gmd:contactInfo>
<gmd:role>
<gmd:CI_RoleCode codeList="http://standards.iso.org/ittf/PubliclyAvailableStandards/ISO_19139_Schemas/resources/Codelist/gmxCodelists.xml#CI_RoleCode" codeListValue="author">author</gmd:CI_RoleCode>
</gmd:role>
</gmd:CI_ResponsibleParty>
</gmd:citedResponsibleParty>
</gmd:CI_Citation>
</gmd:citation>
<gmd:abstract>
<gco:CharacterString>No Publication Abstract is Available</gco:CharacterString>
</gmd:abstract>
<gmd:status>
<gmd:MD_ProgressCode codeList="http://standards.iso.org/ittf/PubliclyAvailableStandards/ISO_19139_Schemas/resources/Codelist/gmxCodelists.xml#MD_ProgressCode" codeListValue="completed">completed</gmd:MD_ProgressCode>
</gmd:status>
<!-- If there are any keywords associated with this publication's bibliography include them in a block like this.
      <gmd:descriptiveKeywords>
        <gmd:MD_Keywords>
          <gmd:keyword> Repeat this element for each keyword phrase
            <gco:CharacterString>Single key word phrase</gco:CharacterString>
          </gmd:keyword>
          <gmd:type>
            <gmd:MD_KeywordTypeCode codeList="http://standards.iso.org/ittf/PubliclyAvailableStandards/ISO_19139_Schemas/resources/Codelist/gmxCodelists.xml#MD_KeywordTypeCode" codeListValue="theme">theme</gmd:MD_KeywordTypeCode>
          </gmd:type>
        </gmd:MD_Keywords>
      </gmd:descriptiveKeywords>
      -->
<gmd:descriptiveKeywords>
<gmd:MD_Keywords>
<gmd:keyword>
<gco:CharacterString>15 GEOTHERMAL ENERGY</gco:CharacterString>
</gmd:keyword>
<gmd:keyword>
<gco:CharacterString>GEOTHERMAL WELLS</gco:CharacterString>
</gmd:keyword>
<gmd:keyword>
<gco:CharacterString>CONVECTIVE INSTABILITIES</gco:CharacterString>
</gmd:keyword>
<gmd:keyword>
<gco:CharacterString>EXPERIMENTAL DATA</gco:CharacterString>
</gmd:keyword>
<gmd:keyword>
<gco:CharacterString>NATURAL CONVECTION</gco:CharacterString>
</gmd:keyword>
<gmd:keyword>
<gco:CharacterString>TEMPERATURE DISTRIBUTION</gco:CharacterString>
</gmd:keyword>
<gmd:keyword>
<gco:CharacterString>CONVECTION</gco:CharacterString>
</gmd:keyword>
<gmd:keyword>
<gco:CharacterString>DATA</gco:CharacterString>
</gmd:keyword>
<gmd:keyword>
<gco:CharacterString>ENERGY TRANSFER</gco:CharacterString>
</gmd:keyword>
<gmd:keyword>
<gco:CharacterString>HEAT TRANSFER</gco:CharacterString>
</gmd:keyword>
<gmd:keyword>
<gco:CharacterString>INFORMATION</gco:CharacterString>
</gmd:keyword>
<gmd:keyword>
<gco:CharacterString>INSTABILITY</gco:CharacterString>
</gmd:keyword>
<gmd:keyword>
<gco:CharacterString>MASS TRANSFER</gco:CharacterString>
</gmd:keyword>
<gmd:keyword>
<gco:CharacterString>NUMERICAL DATA</gco:CharacterString>
</gmd:keyword>
<gmd:keyword>
<gco:CharacterString>PLASMA INSTABILITY</gco:CharacterString>
</gmd:keyword>
<gmd:keyword>
<gco:CharacterString>WELLS</gco:CharacterString>
</gmd:keyword>
<gmd:keyword>
<gco:CharacterString>Geothermal Legacy</gco:CharacterString>
</gmd:keyword>
<gmd:type>
<gmd:MD_KeywordTypeCode codeList="http://standards.iso.org/ittf/PubliclyAvailableStandards/ISO_19139_Schemas/resources/Codelist/gmxCodelists.xml#MD_KeywordTypeCode" codeListValue="theme">theme</gmd:MD_KeywordTypeCode>
</gmd:type>
</gmd:MD_Keywords>
</gmd:descriptiveKeywords>
<gmd:descriptiveKeywords>
<gmd:MD_Keywords>
<!-- For each geographic or spatial keyword in the bibliography insert the following XML fragment for each item in that list. - - >
          <gmd:keyword>
            <gco:CharacterString><!- - A SINGLE KEYWORD PHRASE FOR THE LOCATION e.g. 'New York' (a state) OR 'Rockland County' (a county) - - ></gco:CharacterString>
          </gmd:keyword>
          <!- - (End of XML fragment) -->
<!-- If no geographic or spatial keywords are in the bibliography insert the following block -->
<gmd:keyword>
<gco:CharacterString>non-geographic</gco:CharacterString>
</gmd:keyword>
<gmd:type>
<gmd:MD_KeywordTypeCode codeList="http://standards.iso.org/ittf/PubliclyAvailableStandards/ISO_19139_Schemas/resources/Codelist/gmxCodelists.xml#MD_KeywordTypeCode" codeListValue="place">place</gmd:MD_KeywordTypeCode>
</gmd:type>
</gmd:MD_Keywords>
</gmd:descriptiveKeywords>
<gmd:language>
<gco:CharacterString>eng</gco:CharacterString>
</gmd:language>
<gmd:topicCategory>
<gmd:MD_TopicCategoryCode>geoscientificInformation</gmd:MD_TopicCategoryCode>
</gmd:topicCategory>
<!-- If no extents exist then insert the following block -->
<gmd:extent>
<gmd:EX_Extent/>
</gmd:extent>
<!-- If extents exist for this publication then insert the following block. -->
<!-- gmd:extent>
        <gmd:EX_Extent>
          <gmd:geographicElement>
            <gmd:EX_GeographicBoundingBox>
              <gmd:westBoundLongitude>
                <gco:Decimal>180</gco:Decimal>
              </gmd:westBoundLongitude>
              <gmd:eastBoundLongitude>
                <gco:Decimal>-180</gco:Decimal>
              </gmd:eastBoundLongitude>
              <gmd:southBoundLatitude>
                <gco:Decimal>-90</gco:Decimal>
              </gmd:southBoundLatitude>
              <gmd:northBoundLatitude>
                <gco:Decimal>90</gco:Decimal>
              </gmd:northBoundLatitude>
            </gmd:EX_GeographicBoundingBox>
          </gmd:geographicElement>
        </gmd:EX_Extent>
      </gmd:extent-->
</gmd:MD_DataIdentification>
</gmd:identificationInfo>
<gmd:distributionInfo>
<gmd:MD_Distribution>
<gmd:distributor>
<gmd:MD_Distributor>
<gmd:distributorContact>
<gmd:CI_ResponsibleParty>
<gmd:individualName>
<gco:CharacterString>Maria Richards</gco:CharacterString>
</gmd:individualName>
<gmd:organisationName>
<gco:CharacterString>SMU Geothermal Laboratory, Roy M. Huffington Department of Earth Sciences</gco:CharacterString>
</gmd:organisationName>
<gmd:contactInfo>
<gmd:CI_Contact>
<gmd:phone>
<gmd:CI_Telephone>
<gmd:voice>
<gco:CharacterString>214-768-1975</gco:CharacterString>
</gmd:voice>
</gmd:CI_Telephone>
</gmd:phone>
<gmd:address>
<gmd:CI_Address>
<gmd:deliveryPoint>
<gco:CharacterString>P.O. Box 750395</gco:CharacterString>
</gmd:deliveryPoint>
<gmd:city>
<gco:CharacterString>Dallas</gco:CharacterString>
</gmd:city>
<gmd:administrativeArea>
<gco:CharacterString>TX</gco:CharacterString>
</gmd:administrativeArea>
<gmd:postalCode>
<gco:CharacterString>75275-0395</gco:CharacterString>
</gmd:postalCode>
<gmd:electronicMailAddress>
<gco:CharacterString>mrichard@smu.edu</gco:CharacterString>
</gmd:electronicMailAddress>
</gmd:CI_Address>
</gmd:address>
</gmd:CI_Contact>
</gmd:contactInfo>
<gmd:role>
<gmd:CI_RoleCode codeList="http://standards.iso.org/ittf/PubliclyAvailableStandards/ISO_19139_Schemas/resources/Codelist/gmxCodelists.xml#CI_RoleCode" codeListValue="distributor">distributor</gmd:CI_RoleCode>
</gmd:role>
</gmd:CI_ResponsibleParty>
</gmd:distributorContact>
</gmd:MD_Distributor>
</gmd:distributor>
<gmd:transferOptions>
<gmd:MD_DigitalTransferOptions>
<gmd:onLine>
<gmd:CI_OnlineResource>
<gmd:linkage>
<gmd:URL>http://www.osti.gov/geothermal/servlets/purl/5536069-DFuTLx/</gmd:URL>
</gmd:linkage>
<gmd:name>
<gco:CharacterString>Natural convection in nonvertical wells</gco:CharacterString>
</gmd:name>
<gmd:description>
<gco:CharacterString>URL by which to download this publication</gco:CharacterString>
</gmd:description>
<gmd:function>
<gmd:CI_OnLineFunctionCode codeList="http://www.fgdc.gov/nap/metadata/register/registerItemClasses.html#IC_88" codeListValue="384">fileAccess</gmd:CI_OnLineFunctionCode>
</gmd:function>
</gmd:CI_OnlineResource>
</gmd:onLine>
</gmd:MD_DigitalTransferOptions>
</gmd:transferOptions>
</gmd:MD_Distribution>
</gmd:distributionInfo>
</gmd:MD_Metadata>
<gmd:MD_Metadata xsi:schemaLocation="http://www.isotc211.org/2005/gmd http://schemas.opengis.net/csw/2.0.2/profiles/apiso/1.0.0/apiso.xsd">
<gmd:fileIdentifier>
<gco:CharacterString>87bfeb12-9953-35ab-b385-a6df78c32350</gco:CharacterString>
</gmd:fileIdentifier>
<gmd:language>
<gco:CharacterString>eng</gco:CharacterString>
</gmd:language>
<gmd:characterSet>
<gmd:MD_CharacterSetCode codeList="http://standards.iso.org/ittf/PubliclyAvailableStandards/ISO_19139_Schemas/resources/Codelist/gmxCodelists.xml#MD_CharacterSetCode" codeListValue="utf8">UTF-8</gmd:MD_CharacterSetCode>
</gmd:characterSet>
<gmd:hierarchyLevel>
<gmd:MD_ScopeCode codeList="http://standards.iso.org/ittf/PubliclyAvailableStandards/ISO_19139_Schemas/resources/Codelist/gmxCodelists.xml#MD_ScopeCode" codeListValue="Dataset">Dataset</gmd:MD_ScopeCode>
</gmd:hierarchyLevel>
<gmd:hierarchyLevelName>
<gco:CharacterString>Document</gco:CharacterString>
</gmd:hierarchyLevelName>
<gmd:contact>
<gmd:CI_ResponsibleParty>
<gmd:individualName>
<gco:CharacterString>Maria Richards</gco:CharacterString>
</gmd:individualName>
<gmd:organisationName>
<gco:CharacterString>SMU Geothermal Laboratory, Roy M. Huffington Department of Earth Sciences</gco:CharacterString>
</gmd:organisationName>
<gmd:contactInfo>
<gmd:CI_Contact>
<gmd:phone>
<gmd:CI_Telephone>
<gmd:voice>
<gco:CharacterString>214-768-1975</gco:CharacterString>
</gmd:voice>
</gmd:CI_Telephone>
</gmd:phone>
<gmd:address>
<gmd:CI_Address>
<gmd:deliveryPoint>
<gco:CharacterString>P.O. Box 750395</gco:CharacterString>
</gmd:deliveryPoint>
<gmd:city>
<gco:CharacterString>Dallas</gco:CharacterString>
</gmd:city>
<gmd:administrativeArea>
<gco:CharacterString>TX</gco:CharacterString>
</gmd:administrativeArea>
<gmd:postalCode>
<gco:CharacterString>75275-0395</gco:CharacterString>
</gmd:postalCode>
<gmd:electronicMailAddress>
<gco:CharacterString>mrichard@smu.edu</gco:CharacterString>
</gmd:electronicMailAddress>
</gmd:CI_Address>
</gmd:address>
</gmd:CI_Contact>
</gmd:contactInfo>
<gmd:role>
<gmd:CI_RoleCode codeList="http://standards.iso.org/ittf/PubliclyAvailableStandards/ISO_19139_Schemas/resources/Codelist/gmxCodelists.xml#CI_RoleCode" codeListValue="pointOfContact">pointOfContact</gmd:CI_RoleCode>
</gmd:role>
</gmd:CI_ResponsibleParty>
</gmd:contact>
<gmd:dateStamp>
<gco:DateTime>2014-04-29T19:05:43Z</gco:DateTime>
</gmd:dateStamp>
<gmd:metadataStandardName>
<gco:CharacterString>ISO-USGIN</gco:CharacterString>
</gmd:metadataStandardName>
<gmd:metadataStandardVersion>
<gco:CharacterString>1.2</gco:CharacterString>
</gmd:metadataStandardVersion>
<gmd:dataSetURI>
<gco:CharacterString/>
</gmd:dataSetURI>
<gmd:identificationInfo>
<gmd:MD_DataIdentification>
<gmd:citation>
<gmd:CI_Citation>
<gmd:title>
<gco:CharacterString>Geothermal data from test wells drilled in Grass Valley and Buffalo Valley, Nevada</gco:CharacterString>
</gmd:title>
<gmd:date>
<gmd:CI_Date>
<gmd:date>
<!--
                    The element here must be a gco:DateTime in the form YYYY-MM-DDThh:mm:ssZ
                    If we do not know hh:mm:ss then set them to zeros (midnight)
                    If we only know YYYY-MM then set DD to 01
                    If we only know YYYY then set MM and DD to 01
                    If we don't know the YYYY then set it to 1900-01-01 and the time to zeros (midnight)
                -->
<gco:DateTime>1976-07-01T00:00:00Z</gco:DateTime>
</gmd:date>
<gmd:dateType>
<gmd:CI_DateTypeCode codeList="http://standards.iso.org/ittf/PubliclyAvailableStandards/ISO_19139_Schemas/resources/Codelist/gmxCodelists.xml#CI_DateTypeCode" codeListValue="publication">publication</gmd:CI_DateTypeCode>
</gmd:dateType>
</gmd:CI_Date>
</gmd:date>
<gmd:citedResponsibleParty>
<gmd:CI_ResponsibleParty>
<gmd:individualName>
<gco:CharacterString>Sass, J.H.</gco:CharacterString>
</gmd:individualName>
<gmd:contactInfo>
<gmd:CI_Contact>
<gmd:address>
<gmd:CI_Address>
<gmd:electronicMailAddress>
<gco:CharacterString>metadata@smu.edu</gco:CharacterString>
</gmd:electronicMailAddress>
</gmd:CI_Address>
</gmd:address>
</gmd:CI_Contact>
</gmd:contactInfo>
<gmd:role>
<gmd:CI_RoleCode codeList="http://standards.iso.org/ittf/PubliclyAvailableStandards/ISO_19139_Schemas/resources/Codelist/gmxCodelists.xml#CI_RoleCode" codeListValue="author">author</gmd:CI_RoleCode>
</gmd:role>
</gmd:CI_ResponsibleParty>
</gmd:citedResponsibleParty>
<gmd:citedResponsibleParty>
<gmd:CI_ResponsibleParty>
<gmd:individualName>
<gco:CharacterString>Olmsted, F.H.</gco:CharacterString>
</gmd:individualName>
<gmd:contactInfo>
<gmd:CI_Contact>
<gmd:address>
<gmd:CI_Address>
<gmd:electronicMailAddress>
<gco:CharacterString>metadata@smu.edu</gco:CharacterString>
</gmd:electronicMailAddress>
</gmd:CI_Address>
</gmd:address>
</gmd:CI_Contact>
</gmd:contactInfo>
<gmd:role>
<gmd:CI_RoleCode codeList="http://standards.iso.org/ittf/PubliclyAvailableStandards/ISO_19139_Schemas/resources/Codelist/gmxCodelists.xml#CI_RoleCode" codeListValue="author">author</gmd:CI_RoleCode>
</gmd:role>
</gmd:CI_ResponsibleParty>
</gmd:citedResponsibleParty>
<gmd:citedResponsibleParty>
<gmd:CI_ResponsibleParty>
<gmd:individualName>
<gco:CharacterString>Sorey, M.L.</gco:CharacterString>
</gmd:individualName>
<gmd:contactInfo>
<gmd:CI_Contact>
<gmd:address>
<gmd:CI_Address>
<gmd:electronicMailAddress>
<gco:CharacterString>metadata@smu.edu</gco:CharacterString>
</gmd:electronicMailAddress>
</gmd:CI_Address>
</gmd:address>
</gmd:CI_Contact>
</gmd:contactInfo>
<gmd:role>
<gmd:CI_RoleCode codeList="http://standards.iso.org/ittf/PubliclyAvailableStandards/ISO_19139_Schemas/resources/Codelist/gmxCodelists.xml#CI_RoleCode" codeListValue="author">author</gmd:CI_RoleCode>
</gmd:role>
</gmd:CI_ResponsibleParty>
</gmd:citedResponsibleParty>
<gmd:citedResponsibleParty>
<gmd:CI_ResponsibleParty>
<gmd:individualName>
<gco:CharacterString>Lachenbruch, A.H.</gco:CharacterString>
</gmd:individualName>
<gmd:contactInfo>
<gmd:CI_Contact>
<gmd:address>
<gmd:CI_Address>
<gmd:electronicMailAddress>
<gco:CharacterString>metadata@smu.edu</gco:CharacterString>
</gmd:electronicMailAddress>
</gmd:CI_Address>
</gmd:address>
</gmd:CI_Contact>
</gmd:contactInfo>
<gmd:role>
<gmd:CI_RoleCode codeList="http://standards.iso.org/ittf/PubliclyAvailableStandards/ISO_19139_Schemas/resources/Codelist/gmxCodelists.xml#CI_RoleCode" codeListValue="author">author</gmd:CI_RoleCode>
</gmd:role>
</gmd:CI_ResponsibleParty>
</gmd:citedResponsibleParty>
<gmd:citedResponsibleParty>
<gmd:CI_ResponsibleParty>
<gmd:individualName>
<gco:CharacterString>Munroe, R.J.</gco:CharacterString>
</gmd:individualName>
<gmd:contactInfo>
<gmd:CI_Contact>
<gmd:address>
<gmd:CI_Address>
<gmd:electronicMailAddress>
<gco:CharacterString>metadata@smu.edu</gco:CharacterString>
</gmd:electronicMailAddress>
</gmd:CI_Address>
</gmd:address>
</gmd:CI_Contact>
</gmd:contactInfo>
<gmd:role>
<gmd:CI_RoleCode codeList="http://standards.iso.org/ittf/PubliclyAvailableStandards/ISO_19139_Schemas/resources/Codelist/gmxCodelists.xml#CI_RoleCode" codeListValue="author">author</gmd:CI_RoleCode>
</gmd:role>
</gmd:CI_ResponsibleParty>
</gmd:citedResponsibleParty>
<gmd:citedResponsibleParty>
<gmd:CI_ResponsibleParty>
<gmd:individualName>
<gco:CharacterString>Galanis, S.P. Jr.</gco:CharacterString>
</gmd:individualName>
<gmd:contactInfo>
<gmd:CI_Contact>
<gmd:address>
<gmd:CI_Address>
<gmd:electronicMailAddress>
<gco:CharacterString>metadata@smu.edu</gco:CharacterString>
</gmd:electronicMailAddress>
</gmd:CI_Address>
</gmd:address>
</gmd:CI_Contact>
</gmd:contactInfo>
<gmd:role>
<gmd:CI_RoleCode codeList="http://standards.iso.org/ittf/PubliclyAvailableStandards/ISO_19139_Schemas/resources/Codelist/gmxCodelists.xml#CI_RoleCode" codeListValue="author">author</gmd:CI_RoleCode>
</gmd:role>
</gmd:CI_ResponsibleParty>
</gmd:citedResponsibleParty>
<gmd:citedResponsibleParty>
<gmd:CI_ResponsibleParty>
<gmd:individualName>
<gco:CharacterString>Wollenberg, H.A.</gco:CharacterString>
</gmd:individualName>
<gmd:contactInfo>
<gmd:CI_Contact>
<gmd:address>
<gmd:CI_Address>
<gmd:electronicMailAddress>
<gco:CharacterString>metadata@smu.edu</gco:CharacterString>
</gmd:electronicMailAddress>
</gmd:CI_Address>
</gmd:address>
</gmd:CI_Contact>
</gmd:contactInfo>
<gmd:role>
<gmd:CI_RoleCode codeList="http://standards.iso.org/ittf/PubliclyAvailableStandards/ISO_19139_Schemas/resources/Codelist/gmxCodelists.xml#CI_RoleCode" codeListValue="author">author</gmd:CI_RoleCode>
</gmd:role>
</gmd:CI_ResponsibleParty>
</gmd:citedResponsibleParty>
</gmd:CI_Citation>
</gmd:citation>
<gmd:abstract>
<gco:CharacterString>No Publication Abstract is Available</gco:CharacterString>
</gmd:abstract>
<gmd:status>
<gmd:MD_ProgressCode codeList="http://standards.iso.org/ittf/PubliclyAvailableStandards/ISO_19139_Schemas/resources/Codelist/gmxCodelists.xml#MD_ProgressCode" codeListValue="completed">completed</gmd:MD_ProgressCode>
</gmd:status>
<!-- If there are any keywords associated with this publication's bibliography include them in a block like this.
      <gmd:descriptiveKeywords>
        <gmd:MD_Keywords>
          <gmd:keyword> Repeat this element for each keyword phrase
            <gco:CharacterString>Single key word phrase</gco:CharacterString>
          </gmd:keyword>
          <gmd:type>
            <gmd:MD_KeywordTypeCode codeList="http://standards.iso.org/ittf/PubliclyAvailableStandards/ISO_19139_Schemas/resources/Codelist/gmxCodelists.xml#MD_KeywordTypeCode" codeListValue="theme">theme</gmd:MD_KeywordTypeCode>
          </gmd:type>
        </gmd:MD_Keywords>
      </gmd:descriptiveKeywords>
      -->
<gmd:descriptiveKeywords>
<gmd:MD_Keywords>
<gmd:keyword>
<gco:CharacterString>15 GEOTHERMAL ENERGY</gco:CharacterString>
</gmd:keyword>
<gmd:keyword>
<gco:CharacterString>NEVADA</gco:CharacterString>
</gmd:keyword>
<gmd:keyword>
<gco:CharacterString>GEOTHERMAL EXPLORATION</gco:CharacterString>
</gmd:keyword>
<gmd:keyword>
<gco:CharacterString>HEAT FLOW</gco:CharacterString>
</gmd:keyword>
<gmd:keyword>
<gco:CharacterString>BOREHOLES</gco:CharacterString>
</gmd:keyword>
<gmd:keyword>
<gco:CharacterString>DRILL CORES</gco:CharacterString>
</gmd:keyword>
<gmd:keyword>
<gco:CharacterString>GEOTHERMAL FIELDS</gco:CharacterString>
</gmd:keyword>
<gmd:keyword>
<gco:CharacterString>GEOTHERMAL GRADIENTS</gco:CharacterString>
</gmd:keyword>
<gmd:keyword>
<gco:CharacterString>KGRA</gco:CharacterString>
</gmd:keyword>
<gmd:keyword>
<gco:CharacterString>LITHOLOGY</gco:CharacterString>
</gmd:keyword>
<gmd:keyword>
<gco:CharacterString>TEMPERATURE MEASUREMENT</gco:CharacterString>
</gmd:keyword>
<gmd:keyword>
<gco:CharacterString>THERMAL CONDUCTIVITY</gco:CharacterString>
</gmd:keyword>
<gmd:keyword>
<gco:CharacterString>WELL DRILLING</gco:CharacterString>
</gmd:keyword>
<gmd:keyword>
<gco:CharacterString>CAVITIES</gco:CharacterString>
</gmd:keyword>
<gmd:keyword>
<gco:CharacterString>DRILLING</gco:CharacterString>
</gmd:keyword>
<gmd:keyword>
<gco:CharacterString>EXPLORATION</gco:CharacterString>
</gmd:keyword>
<gmd:keyword>
<gco:CharacterString>NORTH AMERICA</gco:CharacterString>
</gmd:keyword>
<gmd:keyword>
<gco:CharacterString>PHYSICAL PROPERTIES</gco:CharacterString>
</gmd:keyword>
<gmd:keyword>
<gco:CharacterString>TEMPERATURE GRADIENTS</gco:CharacterString>
</gmd:keyword>
<gmd:keyword>
<gco:CharacterString>THERMODYNAMIC PROPERTIES</gco:CharacterString>
</gmd:keyword>
<gmd:keyword>
<gco:CharacterString>USA</gco:CharacterString>
</gmd:keyword>
<gmd:keyword>
<gco:CharacterString>WESTERN REGION</gco:CharacterString>
</gmd:keyword>
<gmd:keyword>
<gco:CharacterString>Geothermal Legacy</gco:CharacterString>
</gmd:keyword>
<gmd:type>
<gmd:MD_KeywordTypeCode codeList="http://standards.iso.org/ittf/PubliclyAvailableStandards/ISO_19139_Schemas/resources/Codelist/gmxCodelists.xml#MD_KeywordTypeCode" codeListValue="theme">theme</gmd:MD_KeywordTypeCode>
</gmd:type>
</gmd:MD_Keywords>
</gmd:descriptiveKeywords>
<gmd:descriptiveKeywords>
<gmd:MD_Keywords>
<!-- For each geographic or spatial keyword in the bibliography insert the following XML fragment for each item in that list. - - >
          <gmd:keyword>
            <gco:CharacterString><!- - A SINGLE KEYWORD PHRASE FOR THE LOCATION e.g. 'New York' (a state) OR 'Rockland County' (a county) - - ></gco:CharacterString>
          </gmd:keyword>
          <!- - (End of XML fragment) -->
<!-- If no geographic or spatial keywords are in the bibliography insert the following block -->
<gmd:keyword>
<gco:CharacterString>non-geographic</gco:CharacterString>
</gmd:keyword>
<gmd:type>
<gmd:MD_KeywordTypeCode codeList="http://standards.iso.org/ittf/PubliclyAvailableStandards/ISO_19139_Schemas/resources/Codelist/gmxCodelists.xml#MD_KeywordTypeCode" codeListValue="place">place</gmd:MD_KeywordTypeCode>
</gmd:type>
</gmd:MD_Keywords>
</gmd:descriptiveKeywords>
<gmd:language>
<gco:CharacterString>eng</gco:CharacterString>
</gmd:language>
<gmd:topicCategory>
<gmd:MD_TopicCategoryCode>geoscientificInformation</gmd:MD_TopicCategoryCode>
</gmd:topicCategory>
<!-- If no extents exist then insert the following block -->
<gmd:extent>
<gmd:EX_Extent/>
</gmd:extent>
<!-- If extents exist for this publication then insert the following block. -->
<!-- gmd:extent>
        <gmd:EX_Extent>
          <gmd:geographicElement>
            <gmd:EX_GeographicBoundingBox>
              <gmd:westBoundLongitude>
                <gco:Decimal>180</gco:Decimal>
              </gmd:westBoundLongitude>
              <gmd:eastBoundLongitude>
                <gco:Decimal>-180</gco:Decimal>
              </gmd:eastBoundLongitude>
              <gmd:southBoundLatitude>
                <gco:Decimal>-90</gco:Decimal>
              </gmd:southBoundLatitude>
              <gmd:northBoundLatitude>
                <gco:Decimal>90</gco:Decimal>
              </gmd:northBoundLatitude>
            </gmd:EX_GeographicBoundingBox>
          </gmd:geographicElement>
        </gmd:EX_Extent>
      </gmd:extent-->
</gmd:MD_DataIdentification>
</gmd:identificationInfo>
<gmd:distributionInfo>
<gmd:MD_Distribution>
<gmd:distributor>
<gmd:MD_Distributor>
<gmd:distributorContact>
<gmd:CI_ResponsibleParty>
<gmd:individualName>
<gco:CharacterString>Maria Richards</gco:CharacterString>
</gmd:individualName>
<gmd:organisationName>
<gco:CharacterString>SMU Geothermal Laboratory, Roy M. Huffington Department of Earth Sciences</gco:CharacterString>
</gmd:organisationName>
<gmd:contactInfo>
<gmd:CI_Contact>
<gmd:phone>
<gmd:CI_Telephone>
<gmd:voice>
<gco:CharacterString>214-768-1975</gco:CharacterString>
</gmd:voice>
</gmd:CI_Telephone>
</gmd:phone>
<gmd:address>
<gmd:CI_Address>
<gmd:deliveryPoint>
<gco:CharacterString>P.O. Box 750395</gco:CharacterString>
</gmd:deliveryPoint>
<gmd:city>
<gco:CharacterString>Dallas</gco:CharacterString>
</gmd:city>
<gmd:administrativeArea>
<gco:CharacterString>TX</gco:CharacterString>
</gmd:administrativeArea>
<gmd:postalCode>
<gco:CharacterString>75275-0395</gco:CharacterString>
</gmd:postalCode>
<gmd:electronicMailAddress>
<gco:CharacterString>mrichard@smu.edu</gco:CharacterString>
</gmd:electronicMailAddress>
</gmd:CI_Address>
</gmd:address>
</gmd:CI_Contact>
</gmd:contactInfo>
<gmd:role>
<gmd:CI_RoleCode codeList="http://standards.iso.org/ittf/PubliclyAvailableStandards/ISO_19139_Schemas/resources/Codelist/gmxCodelists.xml#CI_RoleCode" codeListValue="distributor">distributor</gmd:CI_RoleCode>
</gmd:role>
</gmd:CI_ResponsibleParty>
</gmd:distributorContact>
</gmd:MD_Distributor>
</gmd:distributor>
<gmd:transferOptions>
<gmd:MD_DigitalTransferOptions>
<gmd:onLine>
<gmd:CI_OnlineResource>
<gmd:linkage>
<gmd:URL>http://www.osti.gov/geothermal/servlets/purl/7327301-Nk3xk2/native/</gmd:URL>
</gmd:linkage>
<gmd:name>
<gco:CharacterString>Geothermal data from test wells drilled in Grass Valley and Buffalo Valley, Nevada</gco:CharacterString>
</gmd:name>
<gmd:description>
<gco:CharacterString>URL by which to download this publication</gco:CharacterString>
</gmd:description>
<gmd:function>
<gmd:CI_OnLineFunctionCode codeList="http://www.fgdc.gov/nap/metadata/register/registerItemClasses.html#IC_88" codeListValue="384">fileAccess</gmd:CI_OnLineFunctionCode>
</gmd:function>
</gmd:CI_OnlineResource>
</gmd:onLine>
</gmd:MD_DigitalTransferOptions>
</gmd:transferOptions>
</gmd:MD_Distribution>
</gmd:distributionInfo>
</gmd:MD_Metadata>
<gmd:MD_Metadata xsi:schemaLocation="http://www.isotc211.org/2005/gmd http://schemas.opengis.net/csw/2.0.2/profiles/apiso/1.0.0/apiso.xsd">
<gmd:fileIdentifier>
<gco:CharacterString>e44959bd-a513-30ba-bc08-12575f3c0376</gco:CharacterString>
</gmd:fileIdentifier>
<gmd:language>
<gco:CharacterString>eng</gco:CharacterString>
</gmd:language>
<gmd:characterSet>
<gmd:MD_CharacterSetCode codeList="http://standards.iso.org/ittf/PubliclyAvailableStandards/ISO_19139_Schemas/resources/Codelist/gmxCodelists.xml#MD_CharacterSetCode" codeListValue="utf8">UTF-8</gmd:MD_CharacterSetCode>
</gmd:characterSet>
<gmd:hierarchyLevel>
<gmd:MD_ScopeCode codeList="http://standards.iso.org/ittf/PubliclyAvailableStandards/ISO_19139_Schemas/resources/Codelist/gmxCodelists.xml#MD_ScopeCode" codeListValue="Dataset">Dataset</gmd:MD_ScopeCode>
</gmd:hierarchyLevel>
<gmd:hierarchyLevelName>
<gco:CharacterString>Document</gco:CharacterString>
</gmd:hierarchyLevelName>
<gmd:contact>
<gmd:CI_ResponsibleParty>
<gmd:individualName>
<gco:CharacterString>Maria Richards</gco:CharacterString>
</gmd:individualName>
<gmd:organisationName>
<gco:CharacterString>SMU Geothermal Laboratory, Roy M. Huffington Department of Earth Sciences</gco:CharacterString>
</gmd:organisationName>
<gmd:contactInfo>
<gmd:CI_Contact>
<gmd:phone>
<gmd:CI_Telephone>
<gmd:voice>
<gco:CharacterString>214-768-1975</gco:CharacterString>
</gmd:voice>
</gmd:CI_Telephone>
</gmd:phone>
<gmd:address>
<gmd:CI_Address>
<gmd:deliveryPoint>
<gco:CharacterString>P.O. Box 750395</gco:CharacterString>
</gmd:deliveryPoint>
<gmd:city>
<gco:CharacterString>Dallas</gco:CharacterString>
</gmd:city>
<gmd:administrativeArea>
<gco:CharacterString>TX</gco:CharacterString>
</gmd:administrativeArea>
<gmd:postalCode>
<gco:CharacterString>75275-0395</gco:CharacterString>
</gmd:postalCode>
<gmd:electronicMailAddress>
<gco:CharacterString>mrichard@smu.edu</gco:CharacterString>
</gmd:electronicMailAddress>
</gmd:CI_Address>
</gmd:address>
</gmd:CI_Contact>
</gmd:contactInfo>
<gmd:role>
<gmd:CI_RoleCode codeList="http://standards.iso.org/ittf/PubliclyAvailableStandards/ISO_19139_Schemas/resources/Codelist/gmxCodelists.xml#CI_RoleCode" codeListValue="pointOfContact">pointOfContact</gmd:CI_RoleCode>
</gmd:role>
</gmd:CI_ResponsibleParty>
</gmd:contact>
<gmd:dateStamp>
<gco:DateTime>2014-04-29T19:05:43Z</gco:DateTime>
</gmd:dateStamp>
<gmd:metadataStandardName>
<gco:CharacterString>ISO-USGIN</gco:CharacterString>
</gmd:metadataStandardName>
<gmd:metadataStandardVersion>
<gco:CharacterString>1.2</gco:CharacterString>
</gmd:metadataStandardVersion>
<gmd:dataSetURI>
<gco:CharacterString/>
</gmd:dataSetURI>
<gmd:identificationInfo>
<gmd:MD_DataIdentification>
<gmd:citation>
<gmd:CI_Citation>
<gmd:title>
<gco:CharacterString>Computation modeling of the Gas-Phase Transport Phenomena During Flame-Jet Thermal Spallation Drilling</gco:CharacterString>
</gmd:title>
<gmd:date>
<gmd:CI_Date>
<gmd:date>
<!--
                    The element here must be a gco:DateTime in the form YYYY-MM-DDThh:mm:ssZ
                    If we do not know hh:mm:ss then set them to zeros (midnight)
                    If we only know YYYY-MM then set DD to 01
                    If we only know YYYY then set MM and DD to 01
                    If we don't know the YYYY then set it to 1900-01-01 and the time to zeros (midnight)
                -->
<gco:DateTime>1993-01-01T00:00:00Z</gco:DateTime>
</gmd:date>
<gmd:dateType>
<gmd:CI_DateTypeCode codeList="http://standards.iso.org/ittf/PubliclyAvailableStandards/ISO_19139_Schemas/resources/Codelist/gmxCodelists.xml#CI_DateTypeCode" codeListValue="publication">publication</gmd:CI_DateTypeCode>
</gmd:dateType>
</gmd:CI_Date>
</gmd:date>
<gmd:citedResponsibleParty>
<gmd:CI_ResponsibleParty>
<gmd:individualName>
<gco:CharacterString>Wilkinson, Mark A.	Tester, Jefferson W.</gco:CharacterString>
</gmd:individualName>
<gmd:contactInfo>
<gmd:CI_Contact>
<gmd:address>
<gmd:CI_Address>
<gmd:electronicMailAddress>
<gco:CharacterString>metadata@smu.edu</gco:CharacterString>
</gmd:electronicMailAddress>
</gmd:CI_Address>
</gmd:address>
</gmd:CI_Contact>
</gmd:contactInfo>
<gmd:role>
<gmd:CI_RoleCode codeList="http://standards.iso.org/ittf/PubliclyAvailableStandards/ISO_19139_Schemas/resources/Codelist/gmxCodelists.xml#CI_RoleCode" codeListValue="author">author</gmd:CI_RoleCode>
</gmd:role>
</gmd:CI_ResponsibleParty>
</gmd:citedResponsibleParty>
</gmd:CI_Citation>
</gmd:citation>
<gmd:abstract>
<gco:CharacterString>No Publication Abstract is Available</gco:CharacterString>
</gmd:abstract>
<gmd:status>
<gmd:MD_ProgressCode codeList="http://standards.iso.org/ittf/PubliclyAvailableStandards/ISO_19139_Schemas/resources/Codelist/gmxCodelists.xml#MD_ProgressCode" codeListValue="completed">completed</gmd:MD_ProgressCode>
</gmd:status>
<!-- If there are any keywords associated with this publication's bibliography include them in a block like this.
      <gmd:descriptiveKeywords>
        <gmd:MD_Keywords>
          <gmd:keyword> Repeat this element for each keyword phrase
            <gco:CharacterString>Single key word phrase</gco:CharacterString>
          </gmd:keyword>
          <gmd:type>
            <gmd:MD_KeywordTypeCode codeList="http://standards.iso.org/ittf/PubliclyAvailableStandards/ISO_19139_Schemas/resources/Codelist/gmxCodelists.xml#MD_KeywordTypeCode" codeListValue="theme">theme</gmd:MD_KeywordTypeCode>
          </gmd:type>
        </gmd:MD_Keywords>
      </gmd:descriptiveKeywords>
      -->
<gmd:descriptiveKeywords>
<gmd:MD_Keywords>
<gmd:keyword>
<gco:CharacterString>flame jet drilling, thermal spallation, computational modeling, transport phenomena</gco:CharacterString>
</gmd:keyword>
<gmd:keyword>
<gco:CharacterString>Drilling and Completions</gco:CharacterString>
</gmd:keyword>
<gmd:type>
<gmd:MD_KeywordTypeCode codeList="http://standards.iso.org/ittf/PubliclyAvailableStandards/ISO_19139_Schemas/resources/Codelist/gmxCodelists.xml#MD_KeywordTypeCode" codeListValue="theme">theme</gmd:MD_KeywordTypeCode>
</gmd:type>
</gmd:MD_Keywords>
</gmd:descriptiveKeywords>
<gmd:descriptiveKeywords>
<gmd:MD_Keywords>
<!-- For each geographic or spatial keyword in the bibliography insert the following XML fragment for each item in that list. - - >
          <gmd:keyword>
            <gco:CharacterString><!- - A SINGLE KEYWORD PHRASE FOR THE LOCATION e.g. 'New York' (a state) OR 'Rockland County' (a county) - - ></gco:CharacterString>
          </gmd:keyword>
          <!- - (End of XML fragment) -->
<!-- If no geographic or spatial keywords are in the bibliography insert the following block -->
<gmd:keyword>
<gco:CharacterString>non-geographic</gco:CharacterString>
</gmd:keyword>
<gmd:type>
<gmd:MD_KeywordTypeCode codeList="http://standards.iso.org/ittf/PubliclyAvailableStandards/ISO_19139_Schemas/resources/Codelist/gmxCodelists.xml#MD_KeywordTypeCode" codeListValue="place">place</gmd:MD_KeywordTypeCode>
</gmd:type>
</gmd:MD_Keywords>
</gmd:descriptiveKeywords>
<gmd:language>
<gco:CharacterString>eng</gco:CharacterString>
</gmd:language>
<gmd:topicCategory>
<gmd:MD_TopicCategoryCode>geoscientificInformation</gmd:MD_TopicCategoryCode>
</gmd:topicCategory>
<!-- If no extents exist then insert the following block -->
<gmd:extent>
<gmd:EX_Extent/>
</gmd:extent>
<!-- If extents exist for this publication then insert the following block. -->
<!-- gmd:extent>
        <gmd:EX_Extent>
          <gmd:geographicElement>
            <gmd:EX_GeographicBoundingBox>
              <gmd:westBoundLongitude>
                <gco:Decimal>180</gco:Decimal>
              </gmd:westBoundLongitude>
              <gmd:eastBoundLongitude>
                <gco:Decimal>-180</gco:Decimal>
              </gmd:eastBoundLongitude>
              <gmd:southBoundLatitude>
                <gco:Decimal>-90</gco:Decimal>
              </gmd:southBoundLatitude>
              <gmd:northBoundLatitude>
                <gco:Decimal>90</gco:Decimal>
              </gmd:northBoundLatitude>
            </gmd:EX_GeographicBoundingBox>
          </gmd:geographicElement>
        </gmd:EX_Extent>
      </gmd:extent-->
</gmd:MD_DataIdentification>
</gmd:identificationInfo>
<gmd:distributionInfo>
<gmd:MD_Distribution>
<gmd:distributor>
<gmd:MD_Distributor>
<gmd:distributorContact>
<gmd:CI_ResponsibleParty>
<gmd:individualName>
<gco:CharacterString>Maria Richards</gco:CharacterString>
</gmd:individualName>
<gmd:organisationName>
<gco:CharacterString>SMU Geothermal Laboratory, Roy M. Huffington Department of Earth Sciences</gco:CharacterString>
</gmd:organisationName>
<gmd:contactInfo>
<gmd:CI_Contact>
<gmd:phone>
<gmd:CI_Telephone>
<gmd:voice>
<gco:CharacterString>214-768-1975</gco:CharacterString>
</gmd:voice>
</gmd:CI_Telephone>
</gmd:phone>
<gmd:address>
<gmd:CI_Address>
<gmd:deliveryPoint>
<gco:CharacterString>P.O. Box 750395</gco:CharacterString>
</gmd:deliveryPoint>
<gmd:city>
<gco:CharacterString>Dallas</gco:CharacterString>
</gmd:city>
<gmd:administrativeArea>
<gco:CharacterString>TX</gco:CharacterString>
</gmd:administrativeArea>
<gmd:postalCode>
<gco:CharacterString>75275-0395</gco:CharacterString>
</gmd:postalCode>
<gmd:electronicMailAddress>
<gco:CharacterString>mrichard@smu.edu</gco:CharacterString>
</gmd:electronicMailAddress>
</gmd:CI_Address>
</gmd:address>
</gmd:CI_Contact>
</gmd:contactInfo>
<gmd:role>
<gmd:CI_RoleCode codeList="http://standards.iso.org/ittf/PubliclyAvailableStandards/ISO_19139_Schemas/resources/Codelist/gmxCodelists.xml#CI_RoleCode" codeListValue="distributor">distributor</gmd:CI_RoleCode>
</gmd:role>
</gmd:CI_ResponsibleParty>
</gmd:distributorContact>
</gmd:MD_Distributor>
</gmd:distributor>
<gmd:transferOptions>
<gmd:MD_DigitalTransferOptions>
<gmd:onLine>
<gmd:CI_OnlineResource>
<gmd:linkage>
<gmd:URL>http://geothermal.smu.edu/gtda/rest/fileSystem/getFile?uuid=e44959bd-a513-30ba-bc08-12575f3c0376</gmd:URL>
</gmd:linkage>
<gmd:name>
<gco:CharacterString>Computation modeling of the Gas-Phase Transport Phenomena During Flame-Jet Thermal Spallation Drilling</gco:CharacterString>
</gmd:name>
<gmd:description>
<gco:CharacterString>URL by which to download this publication</gco:CharacterString>
</gmd:description>
<gmd:function>
<gmd:CI_OnLineFunctionCode codeList="http://www.fgdc.gov/nap/metadata/register/registerItemClasses.html#IC_88" codeListValue="384">fileAccess</gmd:CI_OnLineFunctionCode>
</gmd:function>
</gmd:CI_OnlineResource>
</gmd:onLine>
</gmd:MD_DigitalTransferOptions>
</gmd:transferOptions>
</gmd:MD_Distribution>
</gmd:distributionInfo>
</gmd:MD_Metadata>
<gmd:MD_Metadata xsi:schemaLocation="http://www.isotc211.org/2005/gmd http://schemas.opengis.net/csw/2.0.2/profiles/apiso/1.0.0/apiso.xsd">
<gmd:fileIdentifier>
<gco:CharacterString>9bd0abff-c46b-32b0-a429-90507d85f200</gco:CharacterString>
</gmd:fileIdentifier>
<gmd:language>
<gco:CharacterString>eng</gco:CharacterString>
</gmd:language>
<gmd:characterSet>
<gmd:MD_CharacterSetCode codeList="http://standards.iso.org/ittf/PubliclyAvailableStandards/ISO_19139_Schemas/resources/Codelist/gmxCodelists.xml#MD_CharacterSetCode" codeListValue="utf8">UTF-8</gmd:MD_CharacterSetCode>
</gmd:characterSet>
<gmd:hierarchyLevel>
<gmd:MD_ScopeCode codeList="http://standards.iso.org/ittf/PubliclyAvailableStandards/ISO_19139_Schemas/resources/Codelist/gmxCodelists.xml#MD_ScopeCode" codeListValue="Dataset">Dataset</gmd:MD_ScopeCode>
</gmd:hierarchyLevel>
<gmd:hierarchyLevelName>
<gco:CharacterString>Document</gco:CharacterString>
</gmd:hierarchyLevelName>
<gmd:contact>
<gmd:CI_ResponsibleParty>
<gmd:individualName>
<gco:CharacterString>Maria Richards</gco:CharacterString>
</gmd:individualName>
<gmd:organisationName>
<gco:CharacterString>SMU Geothermal Laboratory, Roy M. Huffington Department of Earth Sciences</gco:CharacterString>
</gmd:organisationName>
<gmd:contactInfo>
<gmd:CI_Contact>
<gmd:phone>
<gmd:CI_Telephone>
<gmd:voice>
<gco:CharacterString>214-768-1975</gco:CharacterString>
</gmd:voice>
</gmd:CI_Telephone>
</gmd:phone>
<gmd:address>
<gmd:CI_Address>
<gmd:deliveryPoint>
<gco:CharacterString>P.O. Box 750395</gco:CharacterString>
</gmd:deliveryPoint>
<gmd:city>
<gco:CharacterString>Dallas</gco:CharacterString>
</gmd:city>
<gmd:administrativeArea>
<gco:CharacterString>TX</gco:CharacterString>
</gmd:administrativeArea>
<gmd:postalCode>
<gco:CharacterString>75275-0395</gco:CharacterString>
</gmd:postalCode>
<gmd:electronicMailAddress>
<gco:CharacterString>mrichard@smu.edu</gco:CharacterString>
</gmd:electronicMailAddress>
</gmd:CI_Address>
</gmd:address>
</gmd:CI_Contact>
</gmd:contactInfo>
<gmd:role>
<gmd:CI_RoleCode codeList="http://standards.iso.org/ittf/PubliclyAvailableStandards/ISO_19139_Schemas/resources/Codelist/gmxCodelists.xml#CI_RoleCode" codeListValue="pointOfContact">pointOfContact</gmd:CI_RoleCode>
</gmd:role>
</gmd:CI_ResponsibleParty>
</gmd:contact>
<gmd:dateStamp>
<gco:DateTime>2014-04-29T19:05:43Z</gco:DateTime>
</gmd:dateStamp>
<gmd:metadataStandardName>
<gco:CharacterString>ISO-USGIN</gco:CharacterString>
</gmd:metadataStandardName>
<gmd:metadataStandardVersion>
<gco:CharacterString>1.2</gco:CharacterString>
</gmd:metadataStandardVersion>
<gmd:dataSetURI>
<gco:CharacterString/>
</gmd:dataSetURI>
<gmd:identificationInfo>
<gmd:MD_DataIdentification>
<gmd:citation>
<gmd:CI_Citation>
<gmd:title>
<gco:CharacterString>Application of Mineralogical Methods to Assess the Thermal Stabilities of Geothermal Reservoirs</gco:CharacterString>
</gmd:title>
<gmd:date>
<gmd:CI_Date>
<gmd:date>
<!--
                    The element here must be a gco:DateTime in the form YYYY-MM-DDThh:mm:ssZ
                    If we do not know hh:mm:ss then set them to zeros (midnight)
                    If we only know YYYY-MM then set DD to 01
                    If we only know YYYY then set MM and DD to 01
                    If we don't know the YYYY then set it to 1900-01-01 and the time to zeros (midnight)
                -->
<gco:DateTime>1993-01-01T00:00:00Z</gco:DateTime>
</gmd:date>
<gmd:dateType>
<gmd:CI_DateTypeCode codeList="http://standards.iso.org/ittf/PubliclyAvailableStandards/ISO_19139_Schemas/resources/Codelist/gmxCodelists.xml#CI_DateTypeCode" codeListValue="publication">publication</gmd:CI_DateTypeCode>
</gmd:dateType>
</gmd:CI_Date>
</gmd:date>
<gmd:citedResponsibleParty>
<gmd:CI_ResponsibleParty>
<gmd:individualName>
<gco:CharacterString>P.R.L. Browne</gco:CharacterString>
</gmd:individualName>
<gmd:contactInfo>
<gmd:CI_Contact>
<gmd:address>
<gmd:CI_Address>
<gmd:electronicMailAddress>
<gco:CharacterString>metadata@smu.edu</gco:CharacterString>
</gmd:electronicMailAddress>
</gmd:CI_Address>
</gmd:address>
</gmd:CI_Contact>
</gmd:contactInfo>
<gmd:role>
<gmd:CI_RoleCode codeList="http://standards.iso.org/ittf/PubliclyAvailableStandards/ISO_19139_Schemas/resources/Codelist/gmxCodelists.xml#CI_RoleCode" codeListValue="author">author</gmd:CI_RoleCode>
</gmd:role>
</gmd:CI_ResponsibleParty>
</gmd:citedResponsibleParty>
</gmd:CI_Citation>
</gmd:citation>
<gmd:abstract>
<gco:CharacterString>No Publication Abstract is Available</gco:CharacterString>
</gmd:abstract>
<gmd:status>
<gmd:MD_ProgressCode codeList="http://standards.iso.org/ittf/PubliclyAvailableStandards/ISO_19139_Schemas/resources/Codelist/gmxCodelists.xml#MD_ProgressCode" codeListValue="completed">completed</gmd:MD_ProgressCode>
</gmd:status>
<!-- If there are any keywords associated with this publication's bibliography include them in a block like this.
      <gmd:descriptiveKeywords>
        <gmd:MD_Keywords>
          <gmd:keyword> Repeat this element for each keyword phrase
            <gco:CharacterString>Single key word phrase</gco:CharacterString>
          </gmd:keyword>
          <gmd:type>
            <gmd:MD_KeywordTypeCode codeList="http://standards.iso.org/ittf/PubliclyAvailableStandards/ISO_19139_Schemas/resources/Codelist/gmxCodelists.xml#MD_KeywordTypeCode" codeListValue="theme">theme</gmd:MD_KeywordTypeCode>
          </gmd:type>
        </gmd:MD_Keywords>
      </gmd:descriptiveKeywords>
      -->
<gmd:descriptiveKeywords>
<gmd:MD_Keywords>
<!-- For each geographic or spatial keyword in the bibliography insert the following XML fragment for each item in that list. - - >
          <gmd:keyword>
            <gco:CharacterString><!- - A SINGLE KEYWORD PHRASE FOR THE LOCATION e.g. 'New York' (a state) OR 'Rockland County' (a county) - - ></gco:CharacterString>
          </gmd:keyword>
          <!- - (End of XML fragment) -->
<!-- If no geographic or spatial keywords are in the bibliography insert the following block -->
<gmd:keyword>
<gco:CharacterString>non-geographic</gco:CharacterString>
</gmd:keyword>
<gmd:type>
<gmd:MD_KeywordTypeCode codeList="http://standards.iso.org/ittf/PubliclyAvailableStandards/ISO_19139_Schemas/resources/Codelist/gmxCodelists.xml#MD_KeywordTypeCode" codeListValue="place">place</gmd:MD_KeywordTypeCode>
</gmd:type>
</gmd:MD_Keywords>
</gmd:descriptiveKeywords>
<gmd:language>
<gco:CharacterString>eng</gco:CharacterString>
</gmd:language>
<gmd:topicCategory>
<gmd:MD_TopicCategoryCode>geoscientificInformation</gmd:MD_TopicCategoryCode>
</gmd:topicCategory>
<!-- If no extents exist then insert the following block -->
<gmd:extent>
<gmd:EX_Extent/>
</gmd:extent>
<!-- If extents exist for this publication then insert the following block. -->
<!-- gmd:extent>
        <gmd:EX_Extent>
          <gmd:geographicElement>
            <gmd:EX_GeographicBoundingBox>
              <gmd:westBoundLongitude>
                <gco:Decimal>180</gco:Decimal>
              </gmd:westBoundLongitude>
              <gmd:eastBoundLongitude>
                <gco:Decimal>-180</gco:Decimal>
              </gmd:eastBoundLongitude>
              <gmd:southBoundLatitude>
                <gco:Decimal>-90</gco:Decimal>
              </gmd:southBoundLatitude>
              <gmd:northBoundLatitude>
                <gco:Decimal>90</gco:Decimal>
              </gmd:northBoundLatitude>
            </gmd:EX_GeographicBoundingBox>
          </gmd:geographicElement>
        </gmd:EX_Extent>
      </gmd:extent-->
</gmd:MD_DataIdentification>
</gmd:identificationInfo>
<gmd:distributionInfo>
<gmd:MD_Distribution>
<gmd:distributor>
<gmd:MD_Distributor>
<gmd:distributorContact>
<gmd:CI_ResponsibleParty>
<gmd:individualName>
<gco:CharacterString>Maria Richards</gco:CharacterString>
</gmd:individualName>
<gmd:organisationName>
<gco:CharacterString>SMU Geothermal Laboratory, Roy M. Huffington Department of Earth Sciences</gco:CharacterString>
</gmd:organisationName>
<gmd:contactInfo>
<gmd:CI_Contact>
<gmd:phone>
<gmd:CI_Telephone>
<gmd:voice>
<gco:CharacterString>214-768-1975</gco:CharacterString>
</gmd:voice>
</gmd:CI_Telephone>
</gmd:phone>
<gmd:address>
<gmd:CI_Address>
<gmd:deliveryPoint>
<gco:CharacterString>P.O. Box 750395</gco:CharacterString>
</gmd:deliveryPoint>
<gmd:city>
<gco:CharacterString>Dallas</gco:CharacterString>
</gmd:city>
<gmd:administrativeArea>
<gco:CharacterString>TX</gco:CharacterString>
</gmd:administrativeArea>
<gmd:postalCode>
<gco:CharacterString>75275-0395</gco:CharacterString>
</gmd:postalCode>
<gmd:electronicMailAddress>
<gco:CharacterString>mrichard@smu.edu</gco:CharacterString>
</gmd:electronicMailAddress>
</gmd:CI_Address>
</gmd:address>
</gmd:CI_Contact>
</gmd:contactInfo>
<gmd:role>
<gmd:CI_RoleCode codeList="http://standards.iso.org/ittf/PubliclyAvailableStandards/ISO_19139_Schemas/resources/Codelist/gmxCodelists.xml#CI_RoleCode" codeListValue="distributor">distributor</gmd:CI_RoleCode>
</gmd:role>
</gmd:CI_ResponsibleParty>
</gmd:distributorContact>
</gmd:MD_Distributor>
</gmd:distributor>
<gmd:transferOptions>
<gmd:MD_DigitalTransferOptions>
<gmd:onLine>
<gmd:CI_OnlineResource>
<gmd:linkage>
<gmd:URL>https://pangea.stanford.edu/ERE/db/IGAstandard/record_detail.php?id=2240</gmd:URL>
</gmd:linkage>
<gmd:name>
<gco:CharacterString>Application of Mineralogical Methods to Assess the Thermal Stabilities of Geothermal Reservoirs</gco:CharacterString>
</gmd:name>
<gmd:description>
<gco:CharacterString>URL by which to download this publication</gco:CharacterString>
</gmd:description>
<gmd:function>
<gmd:CI_OnLineFunctionCode codeList="http://www.fgdc.gov/nap/metadata/register/registerItemClasses.html#IC_88" codeListValue="384">fileAccess</gmd:CI_OnLineFunctionCode>
</gmd:function>
</gmd:CI_OnlineResource>
</gmd:onLine>
</gmd:MD_DigitalTransferOptions>
</gmd:transferOptions>
</gmd:MD_Distribution>
</gmd:distributionInfo>
</gmd:MD_Metadata>
<gmd:MD_Metadata xsi:schemaLocation="http://www.isotc211.org/2005/gmd http://schemas.opengis.net/csw/2.0.2/profiles/apiso/1.0.0/apiso.xsd">
<gmd:fileIdentifier>
<gco:CharacterString>4afd37a0-1122-3ab2-804e-48e894e9bbbf</gco:CharacterString>
</gmd:fileIdentifier>
<gmd:language>
<gco:CharacterString>eng</gco:CharacterString>
</gmd:language>
<gmd:characterSet>
<gmd:MD_CharacterSetCode codeList="http://standards.iso.org/ittf/PubliclyAvailableStandards/ISO_19139_Schemas/resources/Codelist/gmxCodelists.xml#MD_CharacterSetCode" codeListValue="utf8">UTF-8</gmd:MD_CharacterSetCode>
</gmd:characterSet>
<gmd:hierarchyLevel>
<gmd:MD_ScopeCode codeList="http://standards.iso.org/ittf/PubliclyAvailableStandards/ISO_19139_Schemas/resources/Codelist/gmxCodelists.xml#MD_ScopeCode" codeListValue="Dataset">Dataset</gmd:MD_ScopeCode>
</gmd:hierarchyLevel>
<gmd:hierarchyLevelName>
<gco:CharacterString>Document</gco:CharacterString>
</gmd:hierarchyLevelName>
<gmd:contact>
<gmd:CI_ResponsibleParty>
<gmd:individualName>
<gco:CharacterString>Maria Richards</gco:CharacterString>
</gmd:individualName>
<gmd:organisationName>
<gco:CharacterString>SMU Geothermal Laboratory, Roy M. Huffington Department of Earth Sciences</gco:CharacterString>
</gmd:organisationName>
<gmd:contactInfo>
<gmd:CI_Contact>
<gmd:phone>
<gmd:CI_Telephone>
<gmd:voice>
<gco:CharacterString>214-768-1975</gco:CharacterString>
</gmd:voice>
</gmd:CI_Telephone>
</gmd:phone>
<gmd:address>
<gmd:CI_Address>
<gmd:deliveryPoint>
<gco:CharacterString>P.O. Box 750395</gco:CharacterString>
</gmd:deliveryPoint>
<gmd:city>
<gco:CharacterString>Dallas</gco:CharacterString>
</gmd:city>
<gmd:administrativeArea>
<gco:CharacterString>TX</gco:CharacterString>
</gmd:administrativeArea>
<gmd:postalCode>
<gco:CharacterString>75275-0395</gco:CharacterString>
</gmd:postalCode>
<gmd:electronicMailAddress>
<gco:CharacterString>mrichard@smu.edu</gco:CharacterString>
</gmd:electronicMailAddress>
</gmd:CI_Address>
</gmd:address>
</gmd:CI_Contact>
</gmd:contactInfo>
<gmd:role>
<gmd:CI_RoleCode codeList="http://standards.iso.org/ittf/PubliclyAvailableStandards/ISO_19139_Schemas/resources/Codelist/gmxCodelists.xml#CI_RoleCode" codeListValue="pointOfContact">pointOfContact</gmd:CI_RoleCode>
</gmd:role>
</gmd:CI_ResponsibleParty>
</gmd:contact>
<gmd:dateStamp>
<gco:DateTime>2014-04-29T19:05:43Z</gco:DateTime>
</gmd:dateStamp>
<gmd:metadataStandardName>
<gco:CharacterString>ISO-USGIN</gco:CharacterString>
</gmd:metadataStandardName>
<gmd:metadataStandardVersion>
<gco:CharacterString>1.2</gco:CharacterString>
</gmd:metadataStandardVersion>
<gmd:dataSetURI>
<gco:CharacterString/>
</gmd:dataSetURI>
<gmd:identificationInfo>
<gmd:MD_DataIdentification>
<gmd:citation>
<gmd:CI_Citation>
<gmd:title>
<gco:CharacterString>Geochemical Mud Logging of Geothermal Drilling</gco:CharacterString>
</gmd:title>
<gmd:date>
<gmd:CI_Date>
<gmd:date>
<!--
                    The element here must be a gco:DateTime in the form YYYY-MM-DDThh:mm:ssZ
                    If we do not know hh:mm:ss then set them to zeros (midnight)
                    If we only know YYYY-MM then set DD to 01
                    If we only know YYYY then set MM and DD to 01
                    If we don't know the YYYY then set it to 1900-01-01 and the time to zeros (midnight)
                -->
<gco:DateTime>1988-01-01T00:00:00Z</gco:DateTime>
</gmd:date>
<gmd:dateType>
<gmd:CI_DateTypeCode codeList="http://standards.iso.org/ittf/PubliclyAvailableStandards/ISO_19139_Schemas/resources/Codelist/gmxCodelists.xml#CI_DateTypeCode" codeListValue="publication">publication</gmd:CI_DateTypeCode>
</gmd:dateType>
</gmd:CI_Date>
</gmd:date>
<gmd:citedResponsibleParty>
<gmd:CI_ResponsibleParty>
<gmd:individualName>
<gco:CharacterString>F.B. Tonani</gco:CharacterString>
</gmd:individualName>
<gmd:contactInfo>
<gmd:CI_Contact>
<gmd:address>
<gmd:CI_Address>
<gmd:electronicMailAddress>
<gco:CharacterString>metadata@smu.edu</gco:CharacterString>
</gmd:electronicMailAddress>
</gmd:CI_Address>
</gmd:address>
</gmd:CI_Contact>
</gmd:contactInfo>
<gmd:role>
<gmd:CI_RoleCode codeList="http://standards.iso.org/ittf/PubliclyAvailableStandards/ISO_19139_Schemas/resources/Codelist/gmxCodelists.xml#CI_RoleCode" codeListValue="author">author</gmd:CI_RoleCode>
</gmd:role>
</gmd:CI_ResponsibleParty>
</gmd:citedResponsibleParty>
</gmd:CI_Citation>
</gmd:citation>
<gmd:abstract>
<gco:CharacterString>No Publication Abstract is Available</gco:CharacterString>
</gmd:abstract>
<gmd:status>
<gmd:MD_ProgressCode codeList="http://standards.iso.org/ittf/PubliclyAvailableStandards/ISO_19139_Schemas/resources/Codelist/gmxCodelists.xml#MD_ProgressCode" codeListValue="completed">completed</gmd:MD_ProgressCode>
</gmd:status>
<!-- If there are any keywords associated with this publication's bibliography include them in a block like this.
      <gmd:descriptiveKeywords>
        <gmd:MD_Keywords>
          <gmd:keyword> Repeat this element for each keyword phrase
            <gco:CharacterString>Single key word phrase</gco:CharacterString>
          </gmd:keyword>
          <gmd:type>
            <gmd:MD_KeywordTypeCode codeList="http://standards.iso.org/ittf/PubliclyAvailableStandards/ISO_19139_Schemas/resources/Codelist/gmxCodelists.xml#MD_KeywordTypeCode" codeListValue="theme">theme</gmd:MD_KeywordTypeCode>
          </gmd:type>
        </gmd:MD_Keywords>
      </gmd:descriptiveKeywords>
      -->
<gmd:descriptiveKeywords>
<gmd:MD_Keywords>
<!-- For each geographic or spatial keyword in the bibliography insert the following XML fragment for each item in that list. - - >
          <gmd:keyword>
            <gco:CharacterString><!- - A SINGLE KEYWORD PHRASE FOR THE LOCATION e.g. 'New York' (a state) OR 'Rockland County' (a county) - - ></gco:CharacterString>
          </gmd:keyword>
          <!- - (End of XML fragment) -->
<!-- If no geographic or spatial keywords are in the bibliography insert the following block -->
<gmd:keyword>
<gco:CharacterString>non-geographic</gco:CharacterString>
</gmd:keyword>
<gmd:type>
<gmd:MD_KeywordTypeCode codeList="http://standards.iso.org/ittf/PubliclyAvailableStandards/ISO_19139_Schemas/resources/Codelist/gmxCodelists.xml#MD_KeywordTypeCode" codeListValue="place">place</gmd:MD_KeywordTypeCode>
</gmd:type>
</gmd:MD_Keywords>
</gmd:descriptiveKeywords>
<gmd:language>
<gco:CharacterString>eng</gco:CharacterString>
</gmd:language>
<gmd:topicCategory>
<gmd:MD_TopicCategoryCode>geoscientificInformation</gmd:MD_TopicCategoryCode>
</gmd:topicCategory>
<!-- If no extents exist then insert the following block -->
<gmd:extent>
<gmd:EX_Extent/>
</gmd:extent>
<!-- If extents exist for this publication then insert the following block. -->
<!-- gmd:extent>
        <gmd:EX_Extent>
          <gmd:geographicElement>
            <gmd:EX_GeographicBoundingBox>
              <gmd:westBoundLongitude>
                <gco:Decimal>180</gco:Decimal>
              </gmd:westBoundLongitude>
              <gmd:eastBoundLongitude>
                <gco:Decimal>-180</gco:Decimal>
              </gmd:eastBoundLongitude>
              <gmd:southBoundLatitude>
                <gco:Decimal>-90</gco:Decimal>
              </gmd:southBoundLatitude>
              <gmd:northBoundLatitude>
                <gco:Decimal>90</gco:Decimal>
              </gmd:northBoundLatitude>
            </gmd:EX_GeographicBoundingBox>
          </gmd:geographicElement>
        </gmd:EX_Extent>
      </gmd:extent-->
</gmd:MD_DataIdentification>
</gmd:identificationInfo>
<gmd:distributionInfo>
<gmd:MD_Distribution>
<gmd:distributor>
<gmd:MD_Distributor>
<gmd:distributorContact>
<gmd:CI_ResponsibleParty>
<gmd:individualName>
<gco:CharacterString>Maria Richards</gco:CharacterString>
</gmd:individualName>
<gmd:organisationName>
<gco:CharacterString>SMU Geothermal Laboratory, Roy M. Huffington Department of Earth Sciences</gco:CharacterString>
</gmd:organisationName>
<gmd:contactInfo>
<gmd:CI_Contact>
<gmd:phone>
<gmd:CI_Telephone>
<gmd:voice>
<gco:CharacterString>214-768-1975</gco:CharacterString>
</gmd:voice>
</gmd:CI_Telephone>
</gmd:phone>
<gmd:address>
<gmd:CI_Address>
<gmd:deliveryPoint>
<gco:CharacterString>P.O. Box 750395</gco:CharacterString>
</gmd:deliveryPoint>
<gmd:city>
<gco:CharacterString>Dallas</gco:CharacterString>
</gmd:city>
<gmd:administrativeArea>
<gco:CharacterString>TX</gco:CharacterString>
</gmd:administrativeArea>
<gmd:postalCode>
<gco:CharacterString>75275-0395</gco:CharacterString>
</gmd:postalCode>
<gmd:electronicMailAddress>
<gco:CharacterString>mrichard@smu.edu</gco:CharacterString>
</gmd:electronicMailAddress>
</gmd:CI_Address>
</gmd:address>
</gmd:CI_Contact>
</gmd:contactInfo>
<gmd:role>
<gmd:CI_RoleCode codeList="http://standards.iso.org/ittf/PubliclyAvailableStandards/ISO_19139_Schemas/resources/Codelist/gmxCodelists.xml#CI_RoleCode" codeListValue="distributor">distributor</gmd:CI_RoleCode>
</gmd:role>
</gmd:CI_ResponsibleParty>
</gmd:distributorContact>
</gmd:MD_Distributor>
</gmd:distributor>
<gmd:transferOptions>
<gmd:MD_DigitalTransferOptions>
<gmd:onLine>
<gmd:CI_OnlineResource>
<gmd:linkage>
<gmd:URL>https://pangea.stanford.edu/ERE/db/IGAstandard/record_detail.php?id=2602</gmd:URL>
</gmd:linkage>
<gmd:name>
<gco:CharacterString>Geochemical Mud Logging of Geothermal Drilling</gco:CharacterString>
</gmd:name>
<gmd:description>
<gco:CharacterString>URL by which to download this publication</gco:CharacterString>
</gmd:description>
<gmd:function>
<gmd:CI_OnLineFunctionCode codeList="http://www.fgdc.gov/nap/metadata/register/registerItemClasses.html#IC_88" codeListValue="384">fileAccess</gmd:CI_OnLineFunctionCode>
</gmd:function>
</gmd:CI_OnlineResource>
</gmd:onLine>
</gmd:MD_DigitalTransferOptions>
</gmd:transferOptions>
</gmd:MD_Distribution>
</gmd:distributionInfo>
</gmd:MD_Metadata>
<gmd:MD_Metadata xsi:schemaLocation="http://www.isotc211.org/2005/gmd http://schemas.opengis.net/csw/2.0.2/profiles/apiso/1.0.0/apiso.xsd">
<gmd:fileIdentifier>
<gco:CharacterString>f88cd766-ef00-3099-a5ed-82e232cce37a</gco:CharacterString>
</gmd:fileIdentifier>
<gmd:language>
<gco:CharacterString>eng</gco:CharacterString>
</gmd:language>
<gmd:characterSet>
<gmd:MD_CharacterSetCode codeList="http://standards.iso.org/ittf/PubliclyAvailableStandards/ISO_19139_Schemas/resources/Codelist/gmxCodelists.xml#MD_CharacterSetCode" codeListValue="utf8">UTF-8</gmd:MD_CharacterSetCode>
</gmd:characterSet>
<gmd:hierarchyLevel>
<gmd:MD_ScopeCode codeList="http://standards.iso.org/ittf/PubliclyAvailableStandards/ISO_19139_Schemas/resources/Codelist/gmxCodelists.xml#MD_ScopeCode" codeListValue="Dataset">Dataset</gmd:MD_ScopeCode>
</gmd:hierarchyLevel>
<gmd:hierarchyLevelName>
<gco:CharacterString>Document</gco:CharacterString>
</gmd:hierarchyLevelName>
<gmd:contact>
<gmd:CI_ResponsibleParty>
<gmd:individualName>
<gco:CharacterString>Maria Richards</gco:CharacterString>
</gmd:individualName>
<gmd:organisationName>
<gco:CharacterString>SMU Geothermal Laboratory, Roy M. Huffington Department of Earth Sciences</gco:CharacterString>
</gmd:organisationName>
<gmd:contactInfo>
<gmd:CI_Contact>
<gmd:phone>
<gmd:CI_Telephone>
<gmd:voice>
<gco:CharacterString>214-768-1975</gco:CharacterString>
</gmd:voice>
</gmd:CI_Telephone>
</gmd:phone>
<gmd:address>
<gmd:CI_Address>
<gmd:deliveryPoint>
<gco:CharacterString>P.O. Box 750395</gco:CharacterString>
</gmd:deliveryPoint>
<gmd:city>
<gco:CharacterString>Dallas</gco:CharacterString>
</gmd:city>
<gmd:administrativeArea>
<gco:CharacterString>TX</gco:CharacterString>
</gmd:administrativeArea>
<gmd:postalCode>
<gco:CharacterString>75275-0395</gco:CharacterString>
</gmd:postalCode>
<gmd:electronicMailAddress>
<gco:CharacterString>mrichard@smu.edu</gco:CharacterString>
</gmd:electronicMailAddress>
</gmd:CI_Address>
</gmd:address>
</gmd:CI_Contact>
</gmd:contactInfo>
<gmd:role>
<gmd:CI_RoleCode codeList="http://standards.iso.org/ittf/PubliclyAvailableStandards/ISO_19139_Schemas/resources/Codelist/gmxCodelists.xml#CI_RoleCode" codeListValue="pointOfContact">pointOfContact</gmd:CI_RoleCode>
</gmd:role>
</gmd:CI_ResponsibleParty>
</gmd:contact>
<gmd:dateStamp>
<gco:DateTime>2014-04-29T19:05:43Z</gco:DateTime>
</gmd:dateStamp>
<gmd:metadataStandardName>
<gco:CharacterString>ISO-USGIN</gco:CharacterString>
</gmd:metadataStandardName>
<gmd:metadataStandardVersion>
<gco:CharacterString>1.2</gco:CharacterString>
</gmd:metadataStandardVersion>
<gmd:dataSetURI>
<gco:CharacterString/>
</gmd:dataSetURI>
<gmd:identificationInfo>
<gmd:MD_DataIdentification>
<gmd:citation>
<gmd:CI_Citation>
<gmd:title>
<gco:CharacterString>Technical and Economic Problems due to the Presence of Chemical Impurities in Fluids of Geothermal Origin</gco:CharacterString>
</gmd:title>
<gmd:date>
<gmd:CI_Date>
<gmd:date>
<!--
                    The element here must be a gco:DateTime in the form YYYY-MM-DDThh:mm:ssZ
                    If we do not know hh:mm:ss then set them to zeros (midnight)
                    If we only know YYYY-MM then set DD to 01
                    If we only know YYYY then set MM and DD to 01
                    If we don't know the YYYY then set it to 1900-01-01 and the time to zeros (midnight)
                -->
<gco:DateTime>1963-01-01T00:00:00Z</gco:DateTime>
</gmd:date>
<gmd:dateType>
<gmd:CI_DateTypeCode codeList="http://standards.iso.org/ittf/PubliclyAvailableStandards/ISO_19139_Schemas/resources/Codelist/gmxCodelists.xml#CI_DateTypeCode" codeListValue="publication">publication</gmd:CI_DateTypeCode>
</gmd:dateType>
</gmd:CI_Date>
</gmd:date>
<gmd:citedResponsibleParty>
<gmd:CI_ResponsibleParty>
<gmd:individualName>
<gco:CharacterString>Garbato, Carlo</gco:CharacterString>
</gmd:individualName>
<gmd:contactInfo>
<gmd:CI_Contact>
<gmd:address>
<gmd:CI_Address>
<gmd:electronicMailAddress>
<gco:CharacterString>metadata@smu.edu</gco:CharacterString>
</gmd:electronicMailAddress>
</gmd:CI_Address>
</gmd:address>
</gmd:CI_Contact>
</gmd:contactInfo>
<gmd:role>
<gmd:CI_RoleCode codeList="http://standards.iso.org/ittf/PubliclyAvailableStandards/ISO_19139_Schemas/resources/Codelist/gmxCodelists.xml#CI_RoleCode" codeListValue="author">author</gmd:CI_RoleCode>
</gmd:role>
</gmd:CI_ResponsibleParty>
</gmd:citedResponsibleParty>
</gmd:CI_Citation>
</gmd:citation>
<gmd:abstract>
<gco:CharacterString>No Publication Abstract is Available</gco:CharacterString>
</gmd:abstract>
<gmd:status>
<gmd:MD_ProgressCode codeList="http://standards.iso.org/ittf/PubliclyAvailableStandards/ISO_19139_Schemas/resources/Codelist/gmxCodelists.xml#MD_ProgressCode" codeListValue="completed">completed</gmd:MD_ProgressCode>
</gmd:status>
<!-- If there are any keywords associated with this publication's bibliography include them in a block like this.
      <gmd:descriptiveKeywords>
        <gmd:MD_Keywords>
          <gmd:keyword> Repeat this element for each keyword phrase
            <gco:CharacterString>Single key word phrase</gco:CharacterString>
          </gmd:keyword>
          <gmd:type>
            <gmd:MD_KeywordTypeCode codeList="http://standards.iso.org/ittf/PubliclyAvailableStandards/ISO_19139_Schemas/resources/Codelist/gmxCodelists.xml#MD_KeywordTypeCode" codeListValue="theme">theme</gmd:MD_KeywordTypeCode>
          </gmd:type>
        </gmd:MD_Keywords>
      </gmd:descriptiveKeywords>
      -->
<gmd:descriptiveKeywords>
<gmd:MD_Keywords>
<gmd:keyword>
<gco:CharacterString>Direct use</gco:CharacterString>
</gmd:keyword>
<gmd:keyword>
<gco:CharacterString>Industrial applications</gco:CharacterString>
</gmd:keyword>
<gmd:keyword>
<gco:CharacterString>Mineral extraction</gco:CharacterString>
</gmd:keyword>
<gmd:keyword>
<gco:CharacterString>Economics</gco:CharacterString>
</gmd:keyword>
<gmd:keyword>
<gco:CharacterString>Clarification</gco:CharacterString>
</gmd:keyword>
<gmd:type>
<gmd:MD_KeywordTypeCode codeList="http://standards.iso.org/ittf/PubliclyAvailableStandards/ISO_19139_Schemas/resources/Codelist/gmxCodelists.xml#MD_KeywordTypeCode" codeListValue="theme">theme</gmd:MD_KeywordTypeCode>
</gmd:type>
</gmd:MD_Keywords>
</gmd:descriptiveKeywords>
<gmd:descriptiveKeywords>
<gmd:MD_Keywords>
<!-- For each geographic or spatial keyword in the bibliography insert the following XML fragment for each item in that list. - - >
          <gmd:keyword>
            <gco:CharacterString><!- - A SINGLE KEYWORD PHRASE FOR THE LOCATION e.g. 'New York' (a state) OR 'Rockland County' (a county) - - ></gco:CharacterString>
          </gmd:keyword>
          <!- - (End of XML fragment) -->
<!-- If no geographic or spatial keywords are in the bibliography insert the following block -->
<gmd:keyword>
<gco:CharacterString>non-geographic</gco:CharacterString>
</gmd:keyword>
<gmd:type>
<gmd:MD_KeywordTypeCode codeList="http://standards.iso.org/ittf/PubliclyAvailableStandards/ISO_19139_Schemas/resources/Codelist/gmxCodelists.xml#MD_KeywordTypeCode" codeListValue="place">place</gmd:MD_KeywordTypeCode>
</gmd:type>
</gmd:MD_Keywords>
</gmd:descriptiveKeywords>
<gmd:language>
<gco:CharacterString>eng</gco:CharacterString>
</gmd:language>
<gmd:topicCategory>
<gmd:MD_TopicCategoryCode>geoscientificInformation</gmd:MD_TopicCategoryCode>
</gmd:topicCategory>
<!-- If no extents exist then insert the following block -->
<gmd:extent>
<gmd:EX_Extent/>
</gmd:extent>
<!-- If extents exist for this publication then insert the following block. -->
<!-- gmd:extent>
        <gmd:EX_Extent>
          <gmd:geographicElement>
            <gmd:EX_GeographicBoundingBox>
              <gmd:westBoundLongitude>
                <gco:Decimal>180</gco:Decimal>
              </gmd:westBoundLongitude>
              <gmd:eastBoundLongitude>
                <gco:Decimal>-180</gco:Decimal>
              </gmd:eastBoundLongitude>
              <gmd:southBoundLatitude>
                <gco:Decimal>-90</gco:Decimal>
              </gmd:southBoundLatitude>
              <gmd:northBoundLatitude>
                <gco:Decimal>90</gco:Decimal>
              </gmd:northBoundLatitude>
            </gmd:EX_GeographicBoundingBox>
          </gmd:geographicElement>
        </gmd:EX_Extent>
      </gmd:extent-->
</gmd:MD_DataIdentification>
</gmd:identificationInfo>
<gmd:distributionInfo>
<gmd:MD_Distribution>
<gmd:distributor>
<gmd:MD_Distributor>
<gmd:distributorContact>
<gmd:CI_ResponsibleParty>
<gmd:individualName>
<gco:CharacterString>Maria Richards</gco:CharacterString>
</gmd:individualName>
<gmd:organisationName>
<gco:CharacterString>SMU Geothermal Laboratory, Roy M. Huffington Department of Earth Sciences</gco:CharacterString>
</gmd:organisationName>
<gmd:contactInfo>
<gmd:CI_Contact>
<gmd:phone>
<gmd:CI_Telephone>
<gmd:voice>
<gco:CharacterString>214-768-1975</gco:CharacterString>
</gmd:voice>
</gmd:CI_Telephone>
</gmd:phone>
<gmd:address>
<gmd:CI_Address>
<gmd:deliveryPoint>
<gco:CharacterString>P.O. Box 750395</gco:CharacterString>
</gmd:deliveryPoint>
<gmd:city>
<gco:CharacterString>Dallas</gco:CharacterString>
</gmd:city>
<gmd:administrativeArea>
<gco:CharacterString>TX</gco:CharacterString>
</gmd:administrativeArea>
<gmd:postalCode>
<gco:CharacterString>75275-0395</gco:CharacterString>
</gmd:postalCode>
<gmd:electronicMailAddress>
<gco:CharacterString>mrichard@smu.edu</gco:CharacterString>
</gmd:electronicMailAddress>
</gmd:CI_Address>
</gmd:address>
</gmd:CI_Contact>
</gmd:contactInfo>
<gmd:role>
<gmd:CI_RoleCode codeList="http://standards.iso.org/ittf/PubliclyAvailableStandards/ISO_19139_Schemas/resources/Codelist/gmxCodelists.xml#CI_RoleCode" codeListValue="distributor">distributor</gmd:CI_RoleCode>
</gmd:role>
</gmd:CI_ResponsibleParty>
</gmd:distributorContact>
</gmd:MD_Distributor>
</gmd:distributor>
<gmd:transferOptions>
<gmd:MD_DigitalTransferOptions>
<gmd:onLine>
<gmd:CI_OnlineResource>
<gmd:linkage>
<gmd:URL>https://www.geothermal-library.org/index.php?mode=pubs&amp;action=view&amp;record=1005009</gmd:URL>
</gmd:linkage>
<gmd:name>
<gco:CharacterString>Technical and Economic Problems due to the Presence of Chemical Impurities in Fluids of Geothermal Origin</gco:CharacterString>
</gmd:name>
<gmd:description>
<gco:CharacterString>URL by which to download this publication</gco:CharacterString>
</gmd:description>
<gmd:function>
<gmd:CI_OnLineFunctionCode codeList="http://www.fgdc.gov/nap/metadata/register/registerItemClasses.html#IC_88" codeListValue="384">fileAccess</gmd:CI_OnLineFunctionCode>
</gmd:function>
</gmd:CI_OnlineResource>
</gmd:onLine>
</gmd:MD_DigitalTransferOptions>
</gmd:transferOptions>
</gmd:MD_Distribution>
</gmd:distributionInfo>
</gmd:MD_Metadata>
<gmd:MD_Metadata xsi:schemaLocation="http://www.isotc211.org/2005/gmd http://schemas.opengis.net/csw/2.0.2/profiles/apiso/1.0.0/apiso.xsd" xmlns:gmi="http://www.isotc211.org/2005/gmi" xmlns:gmx="http://www.isotc211.org/2005/gmx" xmlns:gts="http://www.isotc211.org/2005/gts">
<gmd:fileIdentifier>
<gco:CharacterString>299c81b2aebf7bf58f11463d715ae2ed</gco:CharacterString>
</gmd:fileIdentifier>
<gmd:language>
<gco:CharacterString>eng</gco:CharacterString>
</gmd:language>
<gmd:characterSet>
<gmd:MD_CharacterSetCode codeList="http://standards.iso.org/ittf/PubliclyAvailableStandards/ISO_19139_Schemas/resources/Codelist/gmxCodelists.xml#MD_CharacterSetCode" codeListValue="utf8">UTF-8</gmd:MD_CharacterSetCode>
</gmd:characterSet>
<gmd:hierarchyLevel>
<gmd:MD_ScopeCode codeList="http://standards.iso.org/ittf/PubliclyAvailableStandards/ISO_19139_Schemas/resources/Codelist/gmxCodelists.xml#MD_ScopeCode" codeListValue="Dataset">Dataset</gmd:MD_ScopeCode>
</gmd:hierarchyLevel>
<gmd:hierarchyLevelName>
<gco:CharacterString>document:image:stillimage:map</gco:CharacterString>
</gmd:hierarchyLevelName>
<gmd:contact>
<gmd:CI_ResponsibleParty>
<gmd:individualName>
<gco:CharacterString>Peter J. Lemiszki</gco:CharacterString>
</gmd:individualName>
<gmd:organisationName>
<gco:CharacterString>Tennessee Geological Survey</gco:CharacterString>
</gmd:organisationName>
<gmd:positionName>
<gco:CharacterString>missing</gco:CharacterString>
</gmd:positionName>
<gmd:contactInfo>
<gmd:CI_Contact>
<gmd:phone>
<gmd:CI_Telephone>
<gmd:voice>
<gco:CharacterString>865-594-6200 </gco:CharacterString>
</gmd:voice>
</gmd:CI_Telephone>
</gmd:phone>
<gmd:address>
<gmd:CI_Address>
<gmd:deliveryPoint>
<gco:CharacterString>3711 Middlebrook Pike</gco:CharacterString>
</gmd:deliveryPoint>
<gmd:city>
<gco:CharacterString>Knoxville</gco:CharacterString>
</gmd:city>
<gmd:administrativeArea>
<gco:CharacterString>TN</gco:CharacterString>
</gmd:administrativeArea>
<gmd:postalCode>
<gco:CharacterString>37921</gco:CharacterString>
</gmd:postalCode>
<gmd:electronicMailAddress>
<gco:CharacterString>ask.geology@tn.gov</gco:CharacterString>
</gmd:electronicMailAddress>
</gmd:CI_Address>
</gmd:address>
</gmd:CI_Contact>
</gmd:contactInfo>
<gmd:role>
<gmd:CI_RoleCode codeList="http://standards.iso.org/ittf/PubliclyAvailableStandards/ISO_19139_Schemas/resources/Codelist/gmxCodelists.xml#CI_RoleCode" codeListValue="pointOfContact">pointOfContact</gmd:CI_RoleCode>
</gmd:role>
</gmd:CI_ResponsibleParty>
</gmd:contact>
<gmd:dateStamp>
<gco:DateTime>2014-02-03T22:02:51Z</gco:DateTime>
</gmd:dateStamp>
<gmd:metadataStandardName>
<gco:CharacterString>ISO-USGIN</gco:CharacterString>
</gmd:metadataStandardName>
<gmd:metadataStandardVersion>
<gco:CharacterString>1.2</gco:CharacterString>
</gmd:metadataStandardVersion>
<gmd:dataSetURI>
<gco:CharacterString>www.state.tn.us/environment/geology/maps-publications.shtml</gco:CharacterString>
</gmd:dataSetURI>
<gmd:identificationInfo>
<gmd:MD_DataIdentification>
<gmd:citation>
<gmd:CI_Citation>
<gmd:title>
<gco:CharacterString>Geologic Map of the Sligo Bridge Quadrangle (327NW), Tennessee</gco:CharacterString>
</gmd:title>
<gmd:date>
<gmd:CI_Date>
<gmd:date>
<gco:DateTime>1968-01-01T00:00:00</gco:DateTime>
</gmd:date>
<gmd:dateType>
<gmd:CI_DateTypeCode codeList="http://www.isotc211.org/2005/resources/Codelist/gmxCodelists.xml#CI_DateTypeCode" codeListValue="publication">publication</gmd:CI_DateTypeCode>
</gmd:dateType>
</gmd:CI_Date>
</gmd:date>
<gmd:citedResponsibleParty>
<gmd:CI_ResponsibleParty>
<gmd:individualName>
<gco:CharacterString>Charles W. Wilson, Jr., and Robert H. Barnes</gco:CharacterString>
</gmd:individualName>
<gmd:organisationName>
<gco:CharacterString>Tennessee Division of Geology</gco:CharacterString>
</gmd:organisationName>
<gmd:positionName>
<gco:CharacterString>missing</gco:CharacterString>
</gmd:positionName>
<gmd:contactInfo>
<gmd:CI_Contact>
<gmd:phone>
<gmd:CI_Telephone>
<gmd:voice>
<gco:CharacterString>615-532-1500</gco:CharacterString>
</gmd:voice>
</gmd:CI_Telephone>
</gmd:phone>
<gmd:address>
<gmd:CI_Address>
<gmd:deliveryPoint>
<gco:CharacterString>William R. Snodgrass TN Tower312 Rosa L. Parks Ave, 12th Floor</gco:CharacterString>
</gmd:deliveryPoint>
<gmd:city>
<gco:CharacterString>Nashville</gco:CharacterString>
</gmd:city>
<gmd:administrativeArea>
<gco:CharacterString>TN</gco:CharacterString>
</gmd:administrativeArea>
<gmd:postalCode>
<gco:CharacterString>37243</gco:CharacterString>
</gmd:postalCode>
<gmd:electronicMailAddress>
<gco:CharacterString>ask.geology@tn.gov</gco:CharacterString>
</gmd:electronicMailAddress>
</gmd:CI_Address>
</gmd:address>
</gmd:CI_Contact>
</gmd:contactInfo>
<gmd:role>
<gmd:CI_RoleCode codeList="http://standards.iso.org/ittf/PubliclyAvailableStandards/ISO_19139_Schemas/resources/Codelist/gmxCodelists.xml#CI_RoleCode" codeListValue="originator">originator</gmd:CI_RoleCode>
</gmd:role>
</gmd:CI_ResponsibleParty>
</gmd:citedResponsibleParty>
</gmd:CI_Citation>
</gmd:citation>
<gmd:abstract>
<gco:CharacterString>The published paper geologic map for the Sligo Bridge Quadrangle was converted to geographic information system (GIS) format using ESRI's ArcGIS software.  The most recent digital raster U.S. Geological Survey topographic 7.5-minute quadrangle map (1:24,000 scale) was substituted for the older base map.  The geologic map layout was exported in portable document file (PDF) format for distribution.A PDF file of this map can be obtained for free by contacting the Tennessee Geological Survey.</gco:CharacterString>
</gmd:abstract>
<gmd:status>
<gmd:MD_ProgressCode codeList="http://standards.iso.org/ittf/PubliclyAvailableStandards/ISO_19139_Schemas/resources/Codelist/gmxCodelists.xml#MD_ProgressCode" codeListValue="completed">completed</gmd:MD_ProgressCode>
</gmd:status>
<gmd:descriptiveKeywords>
<gmd:MD_Keywords>
<gmd:keyword>
<gco:CharacterString>usginres:document:image:stillimage:map</gco:CharacterString>
</gmd:keyword>
<gmd:keyword>
<gco:CharacterString>geology</gco:CharacterString>
</gmd:keyword>
<gmd:keyword>
<gco:CharacterString>map</gco:CharacterString>
</gmd:keyword>
<gmd:keyword>
<gco:CharacterString>quad</gco:CharacterString>
</gmd:keyword>
<gmd:keyword>
<gco:CharacterString>quadrangle</gco:CharacterString>
</gmd:keyword>
<gmd:keyword>
<gco:CharacterString>north america</gco:CharacterString>
</gmd:keyword>
<gmd:keyword>
<gco:CharacterString>usa</gco:CharacterString>
</gmd:keyword>
<gmd:keyword>
<gco:CharacterString>tennessee</gco:CharacterString>
</gmd:keyword>
<gmd:keyword>
<gco:CharacterString>sligo bridge</gco:CharacterString>
</gmd:keyword>
<gmd:type>
<gmd:MD_KeywordTypeCode codeList="http://standards.iso.org/ittf/PubliclyAvailableStandards/ISO_19139_Schemas/resources/Codelist/gmxCodelists.xml#MD_KeywordTypeCode" codeListValue="theme">theme</gmd:MD_KeywordTypeCode>
</gmd:type>
</gmd:MD_Keywords>
</gmd:descriptiveKeywords>
<gmd:descriptiveKeywords>
<gmd:MD_Keywords>
<gmd:keyword>
<gco:CharacterString>Offline Access</gco:CharacterString>
</gmd:keyword>
<gmd:keyword>
<gco:CharacterString>Tennessee</gco:CharacterString>
</gmd:keyword>
<gmd:keyword>
<gco:CharacterString>Tennessee 7.5 Minute Quadrangle Geologic Maps Metadata Compilation </gco:CharacterString>
</gmd:keyword>
<gmd:keyword>
<gco:CharacterString>Tennessee Division of Geology</gco:CharacterString>
</gmd:keyword>
<gmd:thesaurusName xlink:href="/metadata/collection/">
<gmd:CI_Citation>
<gmd:title>
<gco:CharacterString>Server Collections</gco:CharacterString>
</gmd:title>
<gmd:date>
<gmd:CI_Date>
<gmd:date>
<gco:Date>2012-06-06</gco:Date>
</gmd:date>
<gmd:dateType>
<gmd:CI_DateTypeCode codeList="http://standards.iso.org/ittf/PubliclyAvailableStandards/ISO_19139_Schemas/resources/Codelist/gmxCodelists.xml#CI_DateTypeCode" codeListValue="publication"/>
</gmd:dateType>
</gmd:CI_Date>
</gmd:date>
</gmd:CI_Citation>
</gmd:thesaurusName>
</gmd:MD_Keywords>
</gmd:descriptiveKeywords>
<gmd:language>
<gco:CharacterString>eng</gco:CharacterString>
</gmd:language>
<gmd:characterSet>
<gmd:MD_CharacterSetCode codeList="http://www.isotc211.org/2005/resources/Codelist/gmxCodelists.xml#MD_CharacterSetCode " codeListValue="utf8">UTF-8</gmd:MD_CharacterSetCode>
</gmd:characterSet>
<gmd:topicCategory>
<gmd:MD_TopicCategoryCode>geoscientificInformation</gmd:MD_TopicCategoryCode>
</gmd:topicCategory>
<gmd:extent>
<gmd:EX_Extent>
<gmd:geographicElement>
<gmd:EX_GeographicBoundingBox>
<gmd:westBoundLongitude>
<gco:Decimal>-85.75</gco:Decimal>
</gmd:westBoundLongitude>
<gmd:eastBoundLongitude>
<gco:Decimal>-85.625</gco:Decimal>
</gmd:eastBoundLongitude>
<gmd:southBoundLatitude>
<gco:Decimal>35.875</gco:Decimal>
</gmd:southBoundLatitude>
<gmd:northBoundLatitude>
<gco:Decimal>36</gco:Decimal>
</gmd:northBoundLatitude>
</gmd:EX_GeographicBoundingBox>
</gmd:geographicElement>
</gmd:EX_Extent>
</gmd:extent>
</gmd:MD_DataIdentification>
</gmd:identificationInfo>
<gmd:distributionInfo>
<gmd:MD_Distribution>
<gmd:distributor>
<gmd:MD_Distributor>
<gmd:distributorContact>
<gmd:CI_ResponsibleParty>
<gmd:individualName>
<gco:CharacterString/>
</gmd:individualName>
<gmd:organisationName>
<gco:CharacterString>Tennessee Geological Survey</gco:CharacterString>
</gmd:organisationName>
<gmd:positionName>
<gco:CharacterString>missing</gco:CharacterString>
</gmd:positionName>
<gmd:contactInfo>
<gmd:CI_Contact>
<gmd:phone>
<gmd:CI_Telephone>
<gmd:voice>
<gco:CharacterString>615-532-1500</gco:CharacterString>
</gmd:voice>
</gmd:CI_Telephone>
</gmd:phone>
<gmd:address>
<gmd:CI_Address>
<gmd:deliveryPoint>
<gco:CharacterString>William R. Snodgrass TN Tower312 Rosa L. Parks Ave, 12th Floor</gco:CharacterString>
</gmd:deliveryPoint>
<gmd:city>
<gco:CharacterString>Nashville</gco:CharacterString>
</gmd:city>
<gmd:administrativeArea>
<gco:CharacterString>TN</gco:CharacterString>
</gmd:administrativeArea>
<gmd:postalCode>
<gco:CharacterString>37243</gco:CharacterString>
</gmd:postalCode>
<gmd:electronicMailAddress>
<gco:CharacterString>ask.geology@tn.gov</gco:CharacterString>
</gmd:electronicMailAddress>
</gmd:CI_Address>
</gmd:address>
</gmd:CI_Contact>
</gmd:contactInfo>
<gmd:role>
<gmd:CI_RoleCode codeList="http://standards.iso.org/ittf/PubliclyAvailableStandards/ISO_19139_Schemas/resources/Codelist/gmxCodelists.xml#CI_RoleCode" codeListValue="distributor">distributor</gmd:CI_RoleCode>
</gmd:role>
</gmd:CI_ResponsibleParty>
</gmd:distributorContact>
</gmd:MD_Distributor>
</gmd:distributor>
<gmd:transferOptions>
<gmd:MD_DigitalTransferOptions id="www_state_tn_us_environment_geology_maps_publications_shtml">
<gmd:onLine>
<gmd:CI_OnlineResource>
<gmd:linkage>
<gmd:URL>www.state.tn.us/environment/geology/maps-publications.shtml</gmd:URL>
</gmd:linkage>
<gmd:name>
<gco:CharacterString>Resource URL</gco:CharacterString>
</gmd:name>
<gmd:description>
<gco:CharacterString>No Description Was Provided</gco:CharacterString>
</gmd:description>
<gmd:function>
<gmd:CI_OnLineFunctionCode codeList="http://www.fgdc.gov/nap/metadata/register/registerItemClasses.html#IC_88" codeListValue="375">download</gmd:CI_OnLineFunctionCode>
</gmd:function>
</gmd:CI_OnlineResource>
</gmd:onLine>
</gmd:MD_DigitalTransferOptions>
</gmd:transferOptions>
</gmd:MD_Distribution>
</gmd:distributionInfo>
<gmd:metadataMaintenance>
<gmd:MD_MaintenanceInformation>
<gmd:maintenanceAndUpdateFrequency>
<gmd:MD_MaintenanceFrequencyCode codeList="http://www.isotc211.org/2005/resources/Codelist/gmxCodelists.xml#MD_MaintenanceFrequencyCode" codeListValue="IRREGULAR">irregular								</gmd:MD_MaintenanceFrequencyCode>
</gmd:maintenanceAndUpdateFrequency>
<gmd:maintenanceNote>
<gco:CharacterString>This metadata record has been processed by the iso-19115-to-usgin-19115-data XSLT to ensure that all mandatory content for USGIN profile has been added.2013-11-04T12:00:00</gco:CharacterString>
</gmd:maintenanceNote>
</gmd:MD_MaintenanceInformation>
</gmd:metadataMaintenance>
</gmd:MD_Metadata>
<gmd:MD_Metadata xsi:schemaLocation="http://www.isotc211.org/2005/gmd http://schemas.opengis.net/csw/2.0.2/profiles/apiso/1.0.0/apiso.xsd" xmlns:gmi="http://www.isotc211.org/2005/gmi" xmlns:gmx="http://www.isotc211.org/2005/gmx" xmlns:gts="http://www.isotc211.org/2005/gts">
<gmd:fileIdentifier>
<gco:CharacterString>9e15e1a59b768b330d029e86dc1b3c34</gco:CharacterString>
</gmd:fileIdentifier>
<gmd:language>
<gco:CharacterString>eng</gco:CharacterString>
</gmd:language>
<gmd:characterSet>
<gmd:MD_CharacterSetCode codeList="http://standards.iso.org/ittf/PubliclyAvailableStandards/ISO_19139_Schemas/resources/Codelist/gmxCodelists.xml#MD_CharacterSetCode" codeListValue="utf8">UTF-8</gmd:MD_CharacterSetCode>
</gmd:characterSet>
<gmd:hierarchyLevel>
<gmd:MD_ScopeCode codeList="http://standards.iso.org/ittf/PubliclyAvailableStandards/ISO_19139_Schemas/resources/Codelist/gmxCodelists.xml#MD_ScopeCode" codeListValue="Dataset">Dataset</gmd:MD_ScopeCode>
</gmd:hierarchyLevel>
<gmd:hierarchyLevelName>
<gco:CharacterString>collection:dataset:catalog</gco:CharacterString>
</gmd:hierarchyLevelName>
<gmd:contact>
<gmd:CI_ResponsibleParty>
<gmd:individualName>
<gco:CharacterString>Christy Caudill</gco:CharacterString>
</gmd:individualName>
<gmd:organisationName>
<gco:CharacterString>AZGS</gco:CharacterString>
</gmd:organisationName>
<gmd:positionName>
<gco:CharacterString>missing</gco:CharacterString>
</gmd:positionName>
<gmd:contactInfo>
<gmd:CI_Contact>
<gmd:phone>
<gmd:CI_Telephone>
<gmd:voice>
<gco:CharacterString>520-209-4165</gco:CharacterString>
</gmd:voice>
</gmd:CI_Telephone>
</gmd:phone>
<gmd:address>
<gmd:CI_Address>
<gmd:deliveryPoint>
<gco:CharacterString>416 W Congress St</gco:CharacterString>
</gmd:deliveryPoint>
<gmd:city>
<gco:CharacterString>Tucson</gco:CharacterString>
</gmd:city>
<gmd:administrativeArea>
<gco:CharacterString>AZ</gco:CharacterString>
</gmd:administrativeArea>
<gmd:postalCode>
<gco:CharacterString>85721</gco:CharacterString>
</gmd:postalCode>
<gmd:electronicMailAddress>
<gco:CharacterString>christy.caudill@azgs.az.gov</gco:CharacterString>
</gmd:electronicMailAddress>
</gmd:CI_Address>
</gmd:address>
</gmd:CI_Contact>
</gmd:contactInfo>
<gmd:role>
<gmd:CI_RoleCode codeList="http://standards.iso.org/ittf/PubliclyAvailableStandards/ISO_19139_Schemas/resources/Codelist/gmxCodelists.xml#CI_RoleCode" codeListValue="pointOfContact">pointOfContact</gmd:CI_RoleCode>
</gmd:role>
</gmd:CI_ResponsibleParty>
</gmd:contact>
<gmd:dateStamp>
<gco:DateTime>2014-08-18T15:10:16Z</gco:DateTime>
</gmd:dateStamp>
<gmd:metadataStandardName>
<gco:CharacterString>ISO-USGIN</gco:CharacterString>
</gmd:metadataStandardName>
<gmd:metadataStandardVersion>
<gco:CharacterString>1.2</gco:CharacterString>
</gmd:metadataStandardVersion>
<gmd:dataSetURI>
<gco:CharacterString/>
</gmd:dataSetURI>
<gmd:identificationInfo>
<gmd:MD_DataIdentification>
<gmd:citation>
<gmd:CI_Citation>
<gmd:title>
<gco:CharacterString>Michigan Data Exchange Content , NGDS YR1-2 Deliverables - Metadata Compilation</gco:CharacterString>
</gmd:title>
<gmd:date>
<gmd:CI_Date>
<gmd:date>
<gco:DateTime>2013-01-10T00:00:00</gco:DateTime>
</gmd:date>
<gmd:dateType>
<gmd:CI_DateTypeCode codeList="http://www.isotc211.org/2005/resources/Codelist/gmxCodelists.xml#CI_DateTypeCode" codeListValue="publication">publication</gmd:CI_DateTypeCode>
</gmd:dateType>
</gmd:CI_Date>
</gmd:date>
<gmd:citedResponsibleParty>
<gmd:CI_ResponsibleParty>
<gmd:individualName>
<gco:CharacterString>Dr.  William B. Harrison III</gco:CharacterString>
</gmd:individualName>
<gmd:organisationName>
<gco:CharacterString>Michigan Geological Survey: Western Michigan University - Geosciences Department</gco:CharacterString>
</gmd:organisationName>
<gmd:positionName>
<gco:CharacterString>missing</gco:CharacterString>
</gmd:positionName>
<gmd:contactInfo>
<gmd:CI_Contact>
<gmd:phone>
<gmd:CI_Telephone>
<gmd:voice>
<gco:CharacterString>269-387-8691</gco:CharacterString>
</gmd:voice>
</gmd:CI_Telephone>
</gmd:phone>
<gmd:address>
<gmd:CI_Address>
<gmd:deliveryPoint>
<gco:CharacterString>Geosciences Department 1903 West Michigan Ave.</gco:CharacterString>
</gmd:deliveryPoint>
<gmd:city>
<gco:CharacterString>Kalamazoo</gco:CharacterString>
</gmd:city>
<gmd:administrativeArea>
<gco:CharacterString>Michigan</gco:CharacterString>
</gmd:administrativeArea>
<gmd:postalCode>
<gco:CharacterString>49008</gco:CharacterString>
</gmd:postalCode>
<gmd:electronicMailAddress>
<gco:CharacterString>harrison@wmich.edu</gco:CharacterString>
</gmd:electronicMailAddress>
</gmd:CI_Address>
</gmd:address>
</gmd:CI_Contact>
</gmd:contactInfo>
<gmd:role>
<gmd:CI_RoleCode codeList="http://standards.iso.org/ittf/PubliclyAvailableStandards/ISO_19139_Schemas/resources/Codelist/gmxCodelists.xml#CI_RoleCode" codeListValue="originator">originator</gmd:CI_RoleCode>
</gmd:role>
</gmd:CI_ResponsibleParty>
</gmd:citedResponsibleParty>
</gmd:CI_Citation>
</gmd:citation>
<gmd:abstract>
<gco:CharacterString>This resource is a metadata compilation for Michigan geothermal related data in data exchange models submitted to the AASG National Geothermal Data System project to fulfill Year 1 and 2 data deliverables by the Michigan Geological Survey, Western Michigan University. Descriptions, links, and contact information for the ESRI Map Services created using Michigan data are also available here, including borehole temperature data, aqueous chemistry data, drill stem tests, lithology intervals data, well log data, plus, map metadata and bibliographic references data. The data and associated services were provided by the Michigan Geological Survey, Western Michigan University. The compilation is published as an Excel workbook containing header features including title, description, author, citation, originator, distributor, and resource URL links to scanned maps for download. The Excel workbook contains 6 worksheets, including information about the template, notes related to revisions of the template, resource provider information, the metadata, a field list (data mapping view) and vocabularies (data valid terms) used to populate the data worksheet. This metadata compilation was provided by the Michigan Geological Survey at Western Michigan University and made available for distribution through the National Geothermal Data System.</gco:CharacterString>
</gmd:abstract>
<gmd:status>
<gmd:MD_ProgressCode codeList="http://standards.iso.org/ittf/PubliclyAvailableStandards/ISO_19139_Schemas/resources/Codelist/gmxCodelists.xml#MD_ProgressCode" codeListValue="completed">completed</gmd:MD_ProgressCode>
</gmd:status>
<gmd:descriptiveKeywords>
<gmd:MD_Keywords>
<gmd:keyword>
<gco:CharacterString>michigan</gco:CharacterString>
</gmd:keyword>
<gmd:keyword>
<gco:CharacterString>borehole logs</gco:CharacterString>
</gmd:keyword>
<gmd:keyword>
<gco:CharacterString>drill stem test</gco:CharacterString>
</gmd:keyword>
<gmd:keyword>
<gco:CharacterString>aqueous chemistry</gco:CharacterString>
</gmd:keyword>
<gmd:keyword>
<gco:CharacterString>borehole temperatures</gco:CharacterString>
</gmd:keyword>
<gmd:keyword>
<gco:CharacterString>metadata for services</gco:CharacterString>
</gmd:keyword>
<gmd:keyword>
<gco:CharacterString>well log</gco:CharacterString>
</gmd:keyword>
<gmd:keyword>
<gco:CharacterString>service</gco:CharacterString>
</gmd:keyword>
<gmd:keyword>
<gco:CharacterString>metadata</gco:CharacterString>
</gmd:keyword>
<gmd:keyword>
<gco:CharacterString>well</gco:CharacterString>
</gmd:keyword>
<gmd:keyword>
<gco:CharacterString>testing</gco:CharacterString>
</gmd:keyword>
<gmd:keyword>
<gco:CharacterString>fluid production</gco:CharacterString>
</gmd:keyword>
<gmd:keyword>
<gco:CharacterString>discharge testing</gco:CharacterString>
</gmd:keyword>
<gmd:keyword>
<gco:CharacterString>temperature</gco:CharacterString>
</gmd:keyword>
<gmd:keyword>
<gco:CharacterString>data</gco:CharacterString>
</gmd:keyword>
<gmd:keyword>
<gco:CharacterString>water analyses</gco:CharacterString>
</gmd:keyword>
<gmd:keyword>
<gco:CharacterString>geothermal fluid</gco:CharacterString>
</gmd:keyword>
<gmd:keyword>
<gco:CharacterString>dissolved silica</gco:CharacterString>
</gmd:keyword>
<gmd:keyword>
<gco:CharacterString>operations</gco:CharacterString>
</gmd:keyword>
<gmd:keyword>
<gco:CharacterString>usginres:collection:dataset:catalog</gco:CharacterString>
</gmd:keyword>
<gmd:type>
<gmd:MD_KeywordTypeCode codeList="http://standards.iso.org/ittf/PubliclyAvailableStandards/ISO_19139_Schemas/resources/Codelist/gmxCodelists.xml#MD_KeywordTypeCode" codeListValue="theme">theme</gmd:MD_KeywordTypeCode>
</gmd:type>
</gmd:MD_Keywords>
</gmd:descriptiveKeywords>
<gmd:descriptiveKeywords>
<gmd:MD_Keywords>
<gmd:keyword>
<gco:CharacterString>Michigan</gco:CharacterString>
</gmd:keyword>
<gmd:keyword>
<gco:CharacterString>Western Michigan University, Geosciences Department</gco:CharacterString>
</gmd:keyword>
<gmd:keyword>
<gco:CharacterString>Downloadable Files</gco:CharacterString>
</gmd:keyword>
<gmd:keyword>
<gco:CharacterString>Michigan Geothermal Documents Metadata Compilation</gco:CharacterString>
</gmd:keyword>
<gmd:keyword>
<gco:CharacterString>Michigan Geological Survey</gco:CharacterString>
</gmd:keyword>
<gmd:thesaurusName xlink:href="/metadata/collection/">
<gmd:CI_Citation>
<gmd:title>
<gco:CharacterString>Server Collections</gco:CharacterString>
</gmd:title>
<gmd:date>
<gmd:CI_Date>
<gmd:date>
<gco:Date>2012-06-06</gco:Date>
</gmd:date>
<gmd:dateType>
<gmd:CI_DateTypeCode codeList="http://standards.iso.org/ittf/PubliclyAvailableStandards/ISO_19139_Schemas/resources/Codelist/gmxCodelists.xml#CI_DateTypeCode" codeListValue="publication"/>
</gmd:dateType>
</gmd:CI_Date>
</gmd:date>
</gmd:CI_Citation>
</gmd:thesaurusName>
</gmd:MD_Keywords>
</gmd:descriptiveKeywords>
<gmd:language>
<gco:CharacterString>eng</gco:CharacterString>
</gmd:language>
<gmd:characterSet>
<gmd:MD_CharacterSetCode codeList="http://www.isotc211.org/2005/resources/Codelist/gmxCodelists.xml#MD_CharacterSetCode " codeListValue="utf8">UTF-8</gmd:MD_CharacterSetCode>
</gmd:characterSet>
<gmd:topicCategory>
<gmd:MD_TopicCategoryCode>geoscientificInformation</gmd:MD_TopicCategoryCode>
</gmd:topicCategory>
<gmd:extent>
<gmd:EX_Extent>
<gmd:geographicElement>
<gmd:EX_GeographicBoundingBox>
<gmd:westBoundLongitude>
<gco:Decimal>-90.67441463471</gco:Decimal>
</gmd:westBoundLongitude>
<gmd:eastBoundLongitude>
<gco:Decimal>-81.797461509707</gco:Decimal>
</gmd:eastBoundLongitude>
<gmd:southBoundLatitude>
<gco:Decimal>41.420074673805</gco:Decimal>
</gmd:southBoundLatitude>
<gmd:northBoundLatitude>
<gco:Decimal>48.902643374499</gco:Decimal>
</gmd:northBoundLatitude>
</gmd:EX_GeographicBoundingBox>
</gmd:geographicElement>
</gmd:EX_Extent>
</gmd:extent>
</gmd:MD_DataIdentification>
</gmd:identificationInfo>
<gmd:distributionInfo>
<gmd:MD_Distribution>
<gmd:distributor>
<gmd:MD_Distributor>
<gmd:distributorContact>
<gmd:CI_ResponsibleParty>
<gmd:individualName>
<gco:CharacterString>No Name Was Given</gco:CharacterString>
</gmd:individualName>
<gmd:organisationName>
<gco:CharacterString>Arizona Geological Survey </gco:CharacterString>
</gmd:organisationName>
<gmd:positionName>
<gco:CharacterString>missing</gco:CharacterString>
</gmd:positionName>
<gmd:contactInfo>
<gmd:CI_Contact>
<gmd:phone>
<gmd:CI_Telephone>
<gmd:voice>
<gco:CharacterString>520-770-3500</gco:CharacterString>
</gmd:voice>
</gmd:CI_Telephone>
</gmd:phone>
<gmd:address>
<gmd:CI_Address>
<gmd:deliveryPoint>
<gco:CharacterString>416 W. Congress St. Ste. 100</gco:CharacterString>
</gmd:deliveryPoint>
<gmd:city>
<gco:CharacterString>Tucson</gco:CharacterString>
</gmd:city>
<gmd:administrativeArea>
<gco:CharacterString>Arizona</gco:CharacterString>
</gmd:administrativeArea>
<gmd:postalCode>
<gco:CharacterString>85701</gco:CharacterString>
</gmd:postalCode>
<gmd:electronicMailAddress>
<gco:CharacterString>metadata@usgin.org</gco:CharacterString>
</gmd:electronicMailAddress>
</gmd:CI_Address>
</gmd:address>
</gmd:CI_Contact>
</gmd:contactInfo>
<gmd:role>
<gmd:CI_RoleCode codeList="http://standards.iso.org/ittf/PubliclyAvailableStandards/ISO_19139_Schemas/resources/Codelist/gmxCodelists.xml#CI_RoleCode" codeListValue="distributor">distributor</gmd:CI_RoleCode>
</gmd:role>
</gmd:CI_ResponsibleParty>
</gmd:distributorContact>
</gmd:MD_Distributor>
</gmd:distributor>
<gmd:transferOptions>
<gmd:MD_DigitalTransferOptions id="http___repository_stategeothermaldata_org_metadata_record_9e15e1a59b768b330d029e86dc1b3c34_file_mi_yr1_datasetsmetadata_geothermaldatametadatacomp_zip">
<gmd:onLine>
<gmd:CI_OnlineResource>
<gmd:linkage>
<gmd:URL>http://repository.stategeothermaldata.org/metadata/record/9e15e1a59b768b330d029e86dc1b3c34/file/mi_yr1_datasetsmetadata_geothermaldatametadatacomp.zip</gmd:URL>
</gmd:linkage>
<gmd:name>
<gco:CharacterString>Zipped Excel Workbook containing Metadata for Michigan AASG Data Exchange Content, YR1 Deliverbales and Services </gco:CharacterString>
</gmd:name>
<gmd:description>
<gco:CharacterString>mi_yr1_datasetsmetadata_geothermaldatametadatacomp</gco:CharacterString>
</gmd:description>
<gmd:function>
<gmd:CI_OnLineFunctionCode codeList="http://www.fgdc.gov/nap/metadata/register/registerItemClasses.html#IC_88" codeListValue="375">download</gmd:CI_OnLineFunctionCode>
</gmd:function>
</gmd:CI_OnlineResource>
</gmd:onLine>
</gmd:MD_DigitalTransferOptions>
</gmd:transferOptions>
</gmd:MD_Distribution>
</gmd:distributionInfo>
<gmd:metadataMaintenance>
<gmd:MD_MaintenanceInformation>
<gmd:maintenanceAndUpdateFrequency>
<gmd:MD_MaintenanceFrequencyCode codeList="http://www.isotc211.org/2005/resources/Codelist/gmxCodelists.xml#MD_MaintenanceFrequencyCode" codeListValue="IRREGULAR">irregular								</gmd:MD_MaintenanceFrequencyCode>
</gmd:maintenanceAndUpdateFrequency>
<gmd:maintenanceNote>
<gco:CharacterString>This metadata record has been processed by the iso-19115-to-usgin-19115-data XSLT to ensure that all mandatory content for USGIN profile has been added.2013-11-04T12:00:00</gco:CharacterString>
</gmd:maintenanceNote>
</gmd:MD_MaintenanceInformation>
</gmd:metadataMaintenance>
</gmd:MD_Metadata>
<gmd:MD_Metadata xsi:schemaLocation="http://www.isotc211.org/2005/gmd http://schemas.opengis.net/csw/2.0.2/profiles/apiso/1.0.0/apiso.xsd" xmlns:gmi="http://www.isotc211.org/2005/gmi" xmlns:gmx="http://www.isotc211.org/2005/gmx" xmlns:gts="http://www.isotc211.org/2005/gts">
<gmd:fileIdentifier>
<gco:CharacterString>2c68f88f-f48d-44b0-8f2d-5f2450ecf1cd</gco:CharacterString>
</gmd:fileIdentifier>
<gmd:language>
<gco:CharacterString>eng</gco:CharacterString>
</gmd:language>
<gmd:characterSet>
<gmd:MD_CharacterSetCode codeList="http://standards.iso.org/ittf/PubliclyAvailableStandards/ISO_19139_Schemas/resources/Codelist/gmxCodelists.xml#MD_CharacterSetCode" codeListValue="utf8">UTF-8</gmd:MD_CharacterSetCode>
</gmd:characterSet>
<gmd:hierarchyLevel>
<gmd:MD_ScopeCode codeList="http://standards.iso.org/ittf/PubliclyAvailableStandards/ISO_19139_Schemas/resources/Codelist/gmxCodelists.xml#MD_ScopeCode" codeListValue="dataset">Document: Text</gmd:MD_ScopeCode>
</gmd:hierarchyLevel>
<gmd:hierarchyLevelName>
<gco:CharacterString>document:text</gco:CharacterString>
</gmd:hierarchyLevelName>
<gmd:contact>
<gmd:CI_ResponsibleParty>
<gmd:individualName>
<gco:CharacterString/>
</gmd:individualName>
<gmd:organisationName>
<gco:CharacterString>University of Utah-EGI</gco:CharacterString>
</gmd:organisationName>
<gmd:positionName>
<gco:CharacterString>Information Coordinator</gco:CharacterString>
</gmd:positionName>
<gmd:contactInfo>
<gmd:CI_Contact>
<gmd:phone>
<gmd:CI_Telephone>
<gmd:voice>
<gco:CharacterString>801-581-5126</gco:CharacterString>
</gmd:voice>
</gmd:CI_Telephone>
</gmd:phone>
<gmd:address>
<gmd:CI_Address>
<gmd:deliveryPoint>
<gco:CharacterString>423 Wakara Way #300</gco:CharacterString>
</gmd:deliveryPoint>
<gmd:city>
<gco:CharacterString>Salt Lake City</gco:CharacterString>
</gmd:city>
<gmd:administrativeArea>
<gco:CharacterString>Utah</gco:CharacterString>
</gmd:administrativeArea>
<gmd:postalCode>
<gco:CharacterString>84108</gco:CharacterString>
</gmd:postalCode>
<gmd:country>
<gco:CharacterString>USA</gco:CharacterString>
</gmd:country>
<gmd:electronicMailAddress>
<gco:CharacterString>sbivens@egi.utah.edu</gco:CharacterString>
</gmd:electronicMailAddress>
</gmd:CI_Address>
</gmd:address>
<gmd:onlineResource>
<gmd:CI_OnlineResource>
<gmd:linkage>
<gmd:URL>http://egi.utah.edu/about/contact.php</gmd:URL>
</gmd:linkage>
</gmd:CI_OnlineResource>
</gmd:onlineResource>
</gmd:CI_Contact>
</gmd:contactInfo>
<gmd:role>
<gmd:CI_RoleCode codeList="http://www.isotc211.org/2005/resources/Codelist/gmxCodelists.xml#CI_RoleCode" codeListValue="pointOfContact">pointOfContact</gmd:CI_RoleCode>
</gmd:role>
</gmd:CI_ResponsibleParty>
</gmd:contact>
<gmd:dateStamp>
<gco:DateTime>2014-04-25T08:47:46</gco:DateTime>
</gmd:dateStamp>
<gmd:metadataStandardName>
<gco:CharacterString>ISO-USGIN</gco:CharacterString>
</gmd:metadataStandardName>
<gmd:metadataStandardVersion>
<gco:CharacterString>1.2</gco:CharacterString>
</gmd:metadataStandardVersion>
<gmd:dataSetURI>
<gco:CharacterString>GL05708_1</gco:CharacterString>
</gmd:dataSetURI>
<gmd:identificationInfo>
<gmd:MD_DataIdentification>
<gmd:citation>
<gmd:CI_Citation>
<gmd:title>
<gco:CharacterString>Nemcok Field Notes (Mlv)</gco:CharacterString>
</gmd:title>
<gmd:date>
<gmd:CI_Date>
<gmd:date>
<gco:DateTime>1988-01-01T00:00:00</gco:DateTime>
</gmd:date>
<gmd:dateType>
<gmd:CI_DateTypeCode codeList="http://www.isotc211.org/2005/resources/Codelist/gmxCodelists.xml#CI_DateTypeCode" codeListValue="publication">publication</gmd:CI_DateTypeCode>
</gmd:dateType>
</gmd:CI_Date>
</gmd:date>
<gmd:citedResponsibleParty>
<gmd:CI_ResponsibleParty>
<gmd:individualName>
<gco:CharacterString>Nemcok</gco:CharacterString>
</gmd:individualName>
<gmd:organisationName>
<gco:CharacterString>AMAX Exploration, Inc.</gco:CharacterString>
</gmd:organisationName>
<gmd:positionName>
<gco:CharacterString/>
</gmd:positionName>
<gmd:contactInfo>
<gmd:CI_Contact>
<gmd:phone>
<gmd:CI_Telephone>
<gmd:voice>
<gco:CharacterString>801-585-7095</gco:CharacterString>
</gmd:voice>
</gmd:CI_Telephone>
</gmd:phone>
<gmd:address>
<gmd:CI_Address>
<gmd:deliveryPoint>
<gco:CharacterString>423 Wakara Way #300</gco:CharacterString>
</gmd:deliveryPoint>
<gmd:city>
<gco:CharacterString>Salt Lake City</gco:CharacterString>
</gmd:city>
<gmd:administrativeArea>
<gco:CharacterString>UT</gco:CharacterString>
</gmd:administrativeArea>
<gmd:postalCode>
<gco:CharacterString>84108</gco:CharacterString>
</gmd:postalCode>
<gmd:electronicMailAddress>
<gco:CharacterString>sbivens@egi.utah.edu</gco:CharacterString>
</gmd:electronicMailAddress>
</gmd:CI_Address>
</gmd:address>
<gmd:onlineResource>
<gmd:CI_OnlineResource>
<gmd:linkage>
<gmd:URL/>
</gmd:linkage>
</gmd:CI_OnlineResource>
</gmd:onlineResource>
</gmd:CI_Contact>
</gmd:contactInfo>
<gmd:role>
<gmd:CI_RoleCode codeList="http://www.isotc211.org/2005/resources/Codelist/gmxCodelists.xml#CI_RoleCode" codeListValue="pointOfContact">pointOfContact</gmd:CI_RoleCode>
</gmd:role>
</gmd:CI_ResponsibleParty>
</gmd:citedResponsibleParty>
<gmd:otherCitationDetails>
<gco:CharacterString/>
</gmd:otherCitationDetails>
</gmd:CI_Citation>
</gmd:citation>
<gmd:abstract>
<gco:CharacterString>Nemcok Field Notes (Mlv)</gco:CharacterString>
</gmd:abstract>
<gmd:status>
<gmd:MD_ProgressCode codeList="http://standards.iso.org/ittf/PubliclyAvailableStandards/ISO_19139_Schemas/resources/Codelist/gmxCodelists.xml#MD_ProgressCode" codeListValue="completed">completed</gmd:MD_ProgressCode>
</gmd:status>
<gmd:descriptiveKeywords>
<gmd:MD_Keywords>
<gmd:keyword>
<gco:CharacterString>usginres:document:text</gco:CharacterString>
</gmd:keyword>
<gmd:keyword>
<gco:CharacterString>field notes</gco:CharacterString>
</gmd:keyword>
<gmd:type>
<gmd:MD_KeywordTypeCode codeList="http://standards.iso.org/ittf/PubliclyAvailableStandards/ISO_19139_Schemas/resources/Codelist/gmxCodelists.xml#MD_KeywordTypeCode" codeListValue="theme">theme</gmd:MD_KeywordTypeCode>
</gmd:type>
</gmd:MD_Keywords>
</gmd:descriptiveKeywords>
<gmd:descriptiveKeywords>
<gmd:MD_Keywords>
<gmd:keyword>
<gco:CharacterString>1-Jul-06</gco:CharacterString>
</gmd:keyword>
<gmd:type>
<gmd:MD_KeywordTypeCode codeList="http://standards.iso.org/ittf/PubliclyAvailableStandards/ISO_19139_Schemas/resources/Codelist/gmxCodelists.xml#MD_KeywordTypeCode" codeListValue="temporal">temporal</gmd:MD_KeywordTypeCode>
</gmd:type>
</gmd:MD_Keywords>
</gmd:descriptiveKeywords>
<gmd:descriptiveKeywords>
<gmd:MD_Keywords>
<gmd:keyword>
<gco:CharacterString>USA</gco:CharacterString>
</gmd:keyword>
<gmd:keyword>
<gco:CharacterString>California</gco:CharacterString>
</gmd:keyword>
<gmd:keyword>
<gco:CharacterString>Siskiyou</gco:CharacterString>
</gmd:keyword>
<gmd:keyword>
<gco:CharacterString>Medicine Lake</gco:CharacterString>
</gmd:keyword>
<gmd:type>
<gmd:MD_KeywordTypeCode codeList="http://standards.iso.org/ittf/PubliclyAvailableStandards/ISO_19139_Schemas/resources/Codelist/gmxCodelists.xml#MD_KeywordTypeCode" codeListValue="place">place</gmd:MD_KeywordTypeCode>
</gmd:type>
</gmd:MD_Keywords>
</gmd:descriptiveKeywords>
<gmd:aggregationInfo>
<gmd:MD_AggregateInformation>
<gmd:aggregateDataSetIdentifier>
<gmd:MD_Identifier>
<gmd:code>
<gco:CharacterString/>
</gmd:code>
</gmd:MD_Identifier>
</gmd:aggregateDataSetIdentifier>
<gmd:associationType>
<gmd:DS_AssociationTypeCode codeList="http://standards.iso.org/ittf/PubliclyAvailableStandards/ISO_19139_Schemas/resources/Codelist/gmxCodelists.xml#DS_AssociationTypeCode" codeListValue="crossReference">crossReference</gmd:DS_AssociationTypeCode>
</gmd:associationType>
</gmd:MD_AggregateInformation>
</gmd:aggregationInfo>
<gmd:language>
<gco:CharacterString>eng</gco:CharacterString>
</gmd:language>
<gmd:characterSet>
<gmd:MD_CharacterSetCode codeList="http://www.isotc211.org/2005/resources/Codelist/gmxCodelists.xml#MD_CharacterSetCode " codeListValue="utf8">UTF-8</gmd:MD_CharacterSetCode>
</gmd:characterSet>
<gmd:topicCategory>
<gmd:MD_TopicCategoryCode>geoscientificInformation</gmd:MD_TopicCategoryCode>
</gmd:topicCategory>
<gmd:extent>
<gmd:EX_Extent>
<gmd:geographicElement>
<gmd:EX_GeographicBoundingBox>
<gmd:extentTypeCode>
<gco:Boolean>1</gco:Boolean>
</gmd:extentTypeCode>
<gmd:westBoundLongitude>
<gco:Decimal>-124.4096196</gco:Decimal>
</gmd:westBoundLongitude>
<gmd:eastBoundLongitude>
<gco:Decimal>-114.131211</gco:Decimal>
</gmd:eastBoundLongitude>
<gmd:southBoundLatitude>
<gco:Decimal>32.5342321</gco:Decimal>
</gmd:southBoundLatitude>
<gmd:northBoundLatitude>
<gco:Decimal>42.0095169</gco:Decimal>
</gmd:northBoundLatitude>
</gmd:EX_GeographicBoundingBox>
</gmd:geographicElement>
</gmd:EX_Extent>
</gmd:extent>
<gmd:extent>
<gmd:EX_Extent>
<gmd:temporalElement>
<gmd:EX_TemporalExtent>
<gmd:extent>
<gml:TimePeriod gml:id="ididm4368064">
<gml:name/>
<gml:beginPosition indeterminatePosition="unknown">1900-01-01T12:00:00Z</gml:beginPosition>
<gml:endPosition indeterminatePosition="unknown">1900-01-01T12:00:00Z</gml:endPosition>
</gml:TimePeriod>
</gmd:extent>
</gmd:EX_TemporalExtent>
</gmd:temporalElement>
</gmd:EX_Extent>
</gmd:extent>
</gmd:MD_DataIdentification>
</gmd:identificationInfo>
<gmd:distributionInfo>
<gmd:MD_Distribution>
<gmd:distributor>
<gmd:MD_Distributor>
<gmd:distributorContact>
<gmd:CI_ResponsibleParty>
<gmd:individualName>
<gco:CharacterString>Sumer Bivens</gco:CharacterString>
</gmd:individualName>
<gmd:organisationName>
<gco:CharacterString>University of Utah-EGI</gco:CharacterString>
</gmd:organisationName>
<gmd:positionName>
<gco:CharacterString>Information Coordinator</gco:CharacterString>
</gmd:positionName>
<gmd:contactInfo>
<gmd:CI_Contact>
<gmd:phone>
<gmd:CI_Telephone>
<gmd:voice>
<gco:CharacterString>801-585-7095</gco:CharacterString>
</gmd:voice>
</gmd:CI_Telephone>
</gmd:phone>
<gmd:address>
<gmd:CI_Address>
<gmd:deliveryPoint>
<gco:CharacterString>423Wakara Way #300</gco:CharacterString>
</gmd:deliveryPoint>
<gmd:city>
<gco:CharacterString>Salt Lake City</gco:CharacterString>
</gmd:city>
<gmd:administrativeArea>
<gco:CharacterString>UT</gco:CharacterString>
</gmd:administrativeArea>
<gmd:postalCode>
<gco:CharacterString>84108</gco:CharacterString>
</gmd:postalCode>
<gmd:electronicMailAddress>
<gco:CharacterString>sbivens@egi.utah.edu</gco:CharacterString>
</gmd:electronicMailAddress>
</gmd:CI_Address>
</gmd:address>
<gmd:onlineResource>
<gmd:CI_OnlineResource>
<gmd:linkage>
<gmd:URL>http://egi.utah.edu/about/contact.php</gmd:URL>
</gmd:linkage>
</gmd:CI_OnlineResource>
</gmd:onlineResource>
</gmd:CI_Contact>
</gmd:contactInfo>
<gmd:role>
<gmd:CI_RoleCode codeList="http://www.isotc211.org/2005/resources/Codelist/gmxCodelists.xml#CI_RoleCode" codeListValue="pointOfContact">pointOfContact</gmd:CI_RoleCode>
</gmd:role>
</gmd:CI_ResponsibleParty>
</gmd:distributorContact>
</gmd:MD_Distributor>
</gmd:distributor>
<gmd:transferOptions>
<gmd:MD_DigitalTransferOptions>
<gmd:onLine>
<gmd:CI_OnlineResource>
<gmd:linkage>
<gmd:URL>http://ngds.egi.utah.edu/files/GL05708/GL05708_1.pdf</gmd:URL>
</gmd:linkage>
<gmd:name>
<gco:CharacterString>Downloadable File</gco:CharacterString>
</gmd:name>
</gmd:CI_OnlineResource>
</gmd:onLine>
</gmd:MD_DigitalTransferOptions>
</gmd:transferOptions>
</gmd:MD_Distribution>
</gmd:distributionInfo>
<gmd:dataQualityInfo>
<gmd:DQ_DataQuality>
<gmd:scope>
<gmd:DQ_Scope>
<gmd:level>
<gmd:MD_ScopeCode codeList="http://standards.iso.org/ittf/PubliclyAvailableStandards/ISO_19139_Schemas/resources/Codelist/gmxCodelists.xml#MD_ScopeCode" codeListValue="dataset">dataset</gmd:MD_ScopeCode>
</gmd:level>
</gmd:DQ_Scope>
</gmd:scope>
<gmd:lineage>
<gmd:LI_Lineage>
<gmd:statement>
<gco:CharacterString>Salt Lake CityFILE_CAB_24_DRAWER_1801-585-3540engGL05708_1University of Utah-EGI423 Wakara Way #30042.0095169Salt Lake City801-585-7095Sumer BivensSalt Lake Cityeng1988-01-01T00:00:00USACaliforniaSiskiyouMedicine Lake2014-04-25T08:47:4632.5342321841082c68f88f-f48d-44b0-8f2d-5f2450ecf1cdNemcok Field Notes (Mlv)UtahNemcok801-581-5126AMAX Exploration, Inc.423Wakara Way #300sbivens@egi.utah.eduusginres:document:textfield notes801-585-7095801-585-354084108Nemcok Field Notes (Mlv)Metadata submitted by EGI; During QA/QC process, the original metadata was reviewed by the AZGS for format and conformity to ISO19139 metadata standards and may have been altered to adhere to the NGDS quality protocol.University of Utah-EGIsbivens@egi.utah.eduhttp://egi.utah.edu/about/contact.phpInformation CoordinatorInformation Coordinator1-Jul-06UT-124.4096196UTnonesbivens@egi.utah.eduhttp://egi.utah.edu/about/contact.phpft423 Wakara Way #300-114.13121184108http://ngds.egi.utah.edu/files/GL05708/GL05708_1.pdfDocument: Text</gco:CharacterString>
</gmd:statement>
</gmd:LI_Lineage>
</gmd:lineage>
</gmd:DQ_DataQuality>
</gmd:dataQualityInfo>
<gmd:metadataConstraints>
<gmd:MD_Constraints>
<gmd:useLimitation>
<gco:CharacterString>none</gco:CharacterString>
</gmd:useLimitation>
</gmd:MD_Constraints>
</gmd:metadataConstraints>
<gmd:metadataMaintenance>
<gmd:MD_MaintenanceInformation>
<gmd:maintenanceAndUpdateFrequency>
<gmd:MD_MaintenanceFrequencyCode codeList="http://www.isotc211.org/2005/resources/Codelist/gmxCodelists.xml#MD_MaintenanceFrequencyCode" codeListValue="IRREGULAR">irregular								</gmd:MD_MaintenanceFrequencyCode>
</gmd:maintenanceAndUpdateFrequency>
<gmd:maintenanceNote>
<gco:CharacterString>This metadata record has been processed by the iso-19115-to-usgin-19115-data XSLT to ensure that all mandatory content for USGIN profile has been added.2013-11-04T12:00:00</gco:CharacterString>
</gmd:maintenanceNote>
</gmd:MD_MaintenanceInformation>
</gmd:metadataMaintenance>
</gmd:MD_Metadata>
<gmd:MD_Metadata xsi:schemaLocation="http://www.isotc211.org/2005/gmd http://schemas.opengis.net/csw/2.0.2/profiles/apiso/1.0.0/apiso.xsd">
<gmd:fileIdentifier>
<gco:CharacterString>e888d6ca-062d-3e55-aa0a-da507dd82af0</gco:CharacterString>
</gmd:fileIdentifier>
<gmd:language>
<gco:CharacterString>eng</gco:CharacterString>
</gmd:language>
<gmd:characterSet>
<gmd:MD_CharacterSetCode codeList="http://standards.iso.org/ittf/PubliclyAvailableStandards/ISO_19139_Schemas/resources/Codelist/gmxCodelists.xml#MD_CharacterSetCode" codeListValue="utf8">UTF-8</gmd:MD_CharacterSetCode>
</gmd:characterSet>
<gmd:hierarchyLevel>
<gmd:MD_ScopeCode codeList="http://standards.iso.org/ittf/PubliclyAvailableStandards/ISO_19139_Schemas/resources/Codelist/gmxCodelists.xml#MD_ScopeCode" codeListValue="Dataset">Dataset</gmd:MD_ScopeCode>
</gmd:hierarchyLevel>
<gmd:hierarchyLevelName>
<gco:CharacterString>Document</gco:CharacterString>
</gmd:hierarchyLevelName>
<gmd:contact>
<gmd:CI_ResponsibleParty>
<gmd:individualName>
<gco:CharacterString>Maria Richards</gco:CharacterString>
</gmd:individualName>
<gmd:organisationName>
<gco:CharacterString>SMU Geothermal Laboratory, Roy M. Huffington Department of Earth Sciences</gco:CharacterString>
</gmd:organisationName>
<gmd:contactInfo>
<gmd:CI_Contact>
<gmd:phone>
<gmd:CI_Telephone>
<gmd:voice>
<gco:CharacterString>214-768-1975</gco:CharacterString>
</gmd:voice>
</gmd:CI_Telephone>
</gmd:phone>
<gmd:address>
<gmd:CI_Address>
<gmd:deliveryPoint>
<gco:CharacterString>P.O. Box 750395</gco:CharacterString>
</gmd:deliveryPoint>
<gmd:city>
<gco:CharacterString>Dallas</gco:CharacterString>
</gmd:city>
<gmd:administrativeArea>
<gco:CharacterString>TX</gco:CharacterString>
</gmd:administrativeArea>
<gmd:postalCode>
<gco:CharacterString>75275-0395</gco:CharacterString>
</gmd:postalCode>
<gmd:electronicMailAddress>
<gco:CharacterString>mrichard@smu.edu</gco:CharacterString>
</gmd:electronicMailAddress>
</gmd:CI_Address>
</gmd:address>
</gmd:CI_Contact>
</gmd:contactInfo>
<gmd:role>
<gmd:CI_RoleCode codeList="http://standards.iso.org/ittf/PubliclyAvailableStandards/ISO_19139_Schemas/resources/Codelist/gmxCodelists.xml#CI_RoleCode" codeListValue="pointOfContact">pointOfContact</gmd:CI_RoleCode>
</gmd:role>
</gmd:CI_ResponsibleParty>
</gmd:contact>
<gmd:dateStamp>
<gco:DateTime>2014-04-29T19:05:43Z</gco:DateTime>
</gmd:dateStamp>
<gmd:metadataStandardName>
<gco:CharacterString>ISO-USGIN</gco:CharacterString>
</gmd:metadataStandardName>
<gmd:metadataStandardVersion>
<gco:CharacterString>1.2</gco:CharacterString>
</gmd:metadataStandardVersion>
<gmd:dataSetURI>
<gco:CharacterString/>
</gmd:dataSetURI>
<gmd:identificationInfo>
<gmd:MD_DataIdentification>
<gmd:citation>
<gmd:CI_Citation>
<gmd:title>
<gco:CharacterString>Testing and Modeling of Downhole Heat Exchangers in Shallow Geothermal Systems</gco:CharacterString>
</gmd:title>
<gmd:date>
<gmd:CI_Date>
<gmd:date>
<!--
                    The element here must be a gco:DateTime in the form YYYY-MM-DDThh:mm:ssZ
                    If we do not know hh:mm:ss then set them to zeros (midnight)
                    If we only know YYYY-MM then set DD to 01
                    If we only know YYYY then set MM and DD to 01
                    If we don't know the YYYY then set it to 1900-01-01 and the time to zeros (midnight)
                -->
<gco:DateTime>1978-01-01T00:00:00Z</gco:DateTime>
</gmd:date>
<gmd:dateType>
<gmd:CI_DateTypeCode codeList="http://standards.iso.org/ittf/PubliclyAvailableStandards/ISO_19139_Schemas/resources/Codelist/gmxCodelists.xml#CI_DateTypeCode" codeListValue="publication">publication</gmd:CI_DateTypeCode>
</gmd:dateType>
</gmd:CI_Date>
</gmd:date>
<gmd:citedResponsibleParty>
<gmd:CI_ResponsibleParty>
<gmd:individualName>
<gco:CharacterString>Culver, G.G. [Geo-Heat Center, Klamath Falls, OR]</gco:CharacterString>
</gmd:individualName>
<gmd:contactInfo>
<gmd:CI_Contact>
<gmd:address>
<gmd:CI_Address>
<gmd:electronicMailAddress>
<gco:CharacterString>metadata@smu.edu</gco:CharacterString>
</gmd:electronicMailAddress>
</gmd:CI_Address>
</gmd:address>
</gmd:CI_Contact>
</gmd:contactInfo>
<gmd:role>
<gmd:CI_RoleCode codeList="http://standards.iso.org/ittf/PubliclyAvailableStandards/ISO_19139_Schemas/resources/Codelist/gmxCodelists.xml#CI_RoleCode" codeListValue="author">author</gmd:CI_RoleCode>
</gmd:role>
</gmd:CI_ResponsibleParty>
</gmd:citedResponsibleParty>
<gmd:citedResponsibleParty>
<gmd:CI_ResponsibleParty>
<gmd:individualName>
<gco:CharacterString>Reistad, G.M. [Oregon State University, Corvallis, OR]</gco:CharacterString>
</gmd:individualName>
<gmd:contactInfo>
<gmd:CI_Contact>
<gmd:address>
<gmd:CI_Address>
<gmd:electronicMailAddress>
<gco:CharacterString>metadata@smu.edu</gco:CharacterString>
</gmd:electronicMailAddress>
</gmd:CI_Address>
</gmd:address>
</gmd:CI_Contact>
</gmd:contactInfo>
<gmd:role>
<gmd:CI_RoleCode codeList="http://standards.iso.org/ittf/PubliclyAvailableStandards/ISO_19139_Schemas/resources/Codelist/gmxCodelists.xml#CI_RoleCode" codeListValue="author">author</gmd:CI_RoleCode>
</gmd:role>
</gmd:CI_ResponsibleParty>
</gmd:citedResponsibleParty>
</gmd:CI_Citation>
</gmd:citation>
<gmd:abstract>
<gco:CharacterString>No Publication Abstract is Available</gco:CharacterString>
</gmd:abstract>
<gmd:status>
<gmd:MD_ProgressCode codeList="http://standards.iso.org/ittf/PubliclyAvailableStandards/ISO_19139_Schemas/resources/Codelist/gmxCodelists.xml#MD_ProgressCode" codeListValue="completed">completed</gmd:MD_ProgressCode>
</gmd:status>
<!-- If there are any keywords associated with this publication's bibliography include them in a block like this.
      <gmd:descriptiveKeywords>
        <gmd:MD_Keywords>
          <gmd:keyword> Repeat this element for each keyword phrase
            <gco:CharacterString>Single key word phrase</gco:CharacterString>
          </gmd:keyword>
          <gmd:type>
            <gmd:MD_KeywordTypeCode codeList="http://standards.iso.org/ittf/PubliclyAvailableStandards/ISO_19139_Schemas/resources/Codelist/gmxCodelists.xml#MD_KeywordTypeCode" codeListValue="theme">theme</gmd:MD_KeywordTypeCode>
          </gmd:type>
        </gmd:MD_Keywords>
      </gmd:descriptiveKeywords>
      -->
<gmd:descriptiveKeywords>
<gmd:MD_Keywords>
<gmd:keyword>
<gco:CharacterString>15 GEOTHERMAL ENERGY</gco:CharacterString>
</gmd:keyword>
<gmd:keyword>
<gco:CharacterString>Geothermal Legacy</gco:CharacterString>
</gmd:keyword>
<gmd:type>
<gmd:MD_KeywordTypeCode codeList="http://standards.iso.org/ittf/PubliclyAvailableStandards/ISO_19139_Schemas/resources/Codelist/gmxCodelists.xml#MD_KeywordTypeCode" codeListValue="theme">theme</gmd:MD_KeywordTypeCode>
</gmd:type>
</gmd:MD_Keywords>
</gmd:descriptiveKeywords>
<gmd:descriptiveKeywords>
<gmd:MD_Keywords>
<!-- For each geographic or spatial keyword in the bibliography insert the following XML fragment for each item in that list. - - >
          <gmd:keyword>
            <gco:CharacterString><!- - A SINGLE KEYWORD PHRASE FOR THE LOCATION e.g. 'New York' (a state) OR 'Rockland County' (a county) - - ></gco:CharacterString>
          </gmd:keyword>
          <!- - (End of XML fragment) -->
<!-- If no geographic or spatial keywords are in the bibliography insert the following block -->
<gmd:keyword>
<gco:CharacterString>non-geographic</gco:CharacterString>
</gmd:keyword>
<gmd:type>
<gmd:MD_KeywordTypeCode codeList="http://standards.iso.org/ittf/PubliclyAvailableStandards/ISO_19139_Schemas/resources/Codelist/gmxCodelists.xml#MD_KeywordTypeCode" codeListValue="place">place</gmd:MD_KeywordTypeCode>
</gmd:type>
</gmd:MD_Keywords>
</gmd:descriptiveKeywords>
<gmd:language>
<gco:CharacterString>eng</gco:CharacterString>
</gmd:language>
<gmd:topicCategory>
<gmd:MD_TopicCategoryCode>geoscientificInformation</gmd:MD_TopicCategoryCode>
</gmd:topicCategory>
<!-- If no extents exist then insert the following block -->
<gmd:extent>
<gmd:EX_Extent/>
</gmd:extent>
<!-- If extents exist for this publication then insert the following block. -->
<!-- gmd:extent>
        <gmd:EX_Extent>
          <gmd:geographicElement>
            <gmd:EX_GeographicBoundingBox>
              <gmd:westBoundLongitude>
                <gco:Decimal>180</gco:Decimal>
              </gmd:westBoundLongitude>
              <gmd:eastBoundLongitude>
                <gco:Decimal>-180</gco:Decimal>
              </gmd:eastBoundLongitude>
              <gmd:southBoundLatitude>
                <gco:Decimal>-90</gco:Decimal>
              </gmd:southBoundLatitude>
              <gmd:northBoundLatitude>
                <gco:Decimal>90</gco:Decimal>
              </gmd:northBoundLatitude>
            </gmd:EX_GeographicBoundingBox>
          </gmd:geographicElement>
        </gmd:EX_Extent>
      </gmd:extent-->
</gmd:MD_DataIdentification>
</gmd:identificationInfo>
<gmd:distributionInfo>
<gmd:MD_Distribution>
<gmd:distributor>
<gmd:MD_Distributor>
<gmd:distributorContact>
<gmd:CI_ResponsibleParty>
<gmd:individualName>
<gco:CharacterString>Maria Richards</gco:CharacterString>
</gmd:individualName>
<gmd:organisationName>
<gco:CharacterString>SMU Geothermal Laboratory, Roy M. Huffington Department of Earth Sciences</gco:CharacterString>
</gmd:organisationName>
<gmd:contactInfo>
<gmd:CI_Contact>
<gmd:phone>
<gmd:CI_Telephone>
<gmd:voice>
<gco:CharacterString>214-768-1975</gco:CharacterString>
</gmd:voice>
</gmd:CI_Telephone>
</gmd:phone>
<gmd:address>
<gmd:CI_Address>
<gmd:deliveryPoint>
<gco:CharacterString>P.O. Box 750395</gco:CharacterString>
</gmd:deliveryPoint>
<gmd:city>
<gco:CharacterString>Dallas</gco:CharacterString>
</gmd:city>
<gmd:administrativeArea>
<gco:CharacterString>TX</gco:CharacterString>
</gmd:administrativeArea>
<gmd:postalCode>
<gco:CharacterString>75275-0395</gco:CharacterString>
</gmd:postalCode>
<gmd:electronicMailAddress>
<gco:CharacterString>mrichard@smu.edu</gco:CharacterString>
</gmd:electronicMailAddress>
</gmd:CI_Address>
</gmd:address>
</gmd:CI_Contact>
</gmd:contactInfo>
<gmd:role>
<gmd:CI_RoleCode codeList="http://standards.iso.org/ittf/PubliclyAvailableStandards/ISO_19139_Schemas/resources/Codelist/gmxCodelists.xml#CI_RoleCode" codeListValue="distributor">distributor</gmd:CI_RoleCode>
</gmd:role>
</gmd:CI_ResponsibleParty>
</gmd:distributorContact>
</gmd:MD_Distributor>
</gmd:distributor>
<gmd:transferOptions>
<gmd:MD_DigitalTransferOptions>
<gmd:onLine>
<gmd:CI_OnlineResource>
<gmd:linkage>
<gmd:URL>http://www.osti.gov/geothermal/servlets/purl/894585-Wau4wQ/</gmd:URL>
</gmd:linkage>
<gmd:name>
<gco:CharacterString>Testing and Modeling of Downhole Heat Exchangers in Shallow Geothermal Systems</gco:CharacterString>
</gmd:name>
<gmd:description>
<gco:CharacterString>URL by which to download this publication</gco:CharacterString>
</gmd:description>
<gmd:function>
<gmd:CI_OnLineFunctionCode codeList="http://www.fgdc.gov/nap/metadata/register/registerItemClasses.html#IC_88" codeListValue="384">fileAccess</gmd:CI_OnLineFunctionCode>
</gmd:function>
</gmd:CI_OnlineResource>
</gmd:onLine>
</gmd:MD_DigitalTransferOptions>
</gmd:transferOptions>
</gmd:MD_Distribution>
</gmd:distributionInfo>
</gmd:MD_Metadata>
<gmd:MD_Metadata xsi:schemaLocation="http://www.isotc211.org/2005/gmd http://schemas.opengis.net/csw/2.0.2/profiles/apiso/1.0.0/apiso.xsd" xmlns:gmi="http://www.isotc211.org/2005/gmi" xmlns:gmx="http://www.isotc211.org/2005/gmx" xmlns:gts="http://www.isotc211.org/2005/gts">
<gmd:fileIdentifier>
<gco:CharacterString>50ec3aefb656b70647f32e38bcda239e</gco:CharacterString>
</gmd:fileIdentifier>
<gmd:language>
<gco:CharacterString>eng</gco:CharacterString>
</gmd:language>
<gmd:characterSet>
<gmd:MD_CharacterSetCode codeList="http://standards.iso.org/ittf/PubliclyAvailableStandards/ISO_19139_Schemas/resources/Codelist/gmxCodelists.xml#MD_CharacterSetCode" codeListValue="utf8">UTF-8</gmd:MD_CharacterSetCode>
</gmd:characterSet>
<gmd:hierarchyLevel>
<gmd:MD_ScopeCode codeList="http://standards.iso.org/ittf/PubliclyAvailableStandards/ISO_19139_Schemas/resources/Codelist/gmxCodelists.xml#MD_ScopeCode" codeListValue="Dataset">Dataset</gmd:MD_ScopeCode>
</gmd:hierarchyLevel>
<gmd:hierarchyLevelName>
<gco:CharacterString>document:text</gco:CharacterString>
</gmd:hierarchyLevelName>
<gmd:contact>
<gmd:CI_ResponsibleParty>
<gmd:individualName>
<gco:CharacterString>No Name Was Given</gco:CharacterString>
</gmd:individualName>
<gmd:organisationName>
<gco:CharacterString>No Organization Name Was Given</gco:CharacterString>
</gmd:organisationName>
<gmd:positionName>
<gco:CharacterString>missing</gco:CharacterString>
</gmd:positionName>
<gmd:contactInfo>
<gmd:CI_Contact>
<gmd:phone>
<gmd:CI_Telephone>
<gmd:voice>
<gco:CharacterString>No Phone Number Was Given</gco:CharacterString>
</gmd:voice>
</gmd:CI_Telephone>
</gmd:phone>
<gmd:address>
<gmd:CI_Address>
<gmd:deliveryPoint>
<gco:CharacterString>No Street Address Was Given</gco:CharacterString>
</gmd:deliveryPoint>
<gmd:city>
<gco:CharacterString>No City Was Given</gco:CharacterString>
</gmd:city>
<gmd:administrativeArea>
<gco:CharacterString>No State Was Given</gco:CharacterString>
</gmd:administrativeArea>
<gmd:postalCode>
<gco:CharacterString>No Zip Was Given</gco:CharacterString>
</gmd:postalCode>
<gmd:electronicMailAddress>
<gco:CharacterString>No email Was Given</gco:CharacterString>
</gmd:electronicMailAddress>
</gmd:CI_Address>
</gmd:address>
</gmd:CI_Contact>
</gmd:contactInfo>
<gmd:role>
<gmd:CI_RoleCode codeList="http://standards.iso.org/ittf/PubliclyAvailableStandards/ISO_19139_Schemas/resources/Codelist/gmxCodelists.xml#CI_RoleCode" codeListValue="pointOfContact">pointOfContact</gmd:CI_RoleCode>
</gmd:role>
</gmd:CI_ResponsibleParty>
</gmd:contact>
<gmd:dateStamp>
<gco:DateTime>2014-08-26T20:22:41Z</gco:DateTime>
</gmd:dateStamp>
<gmd:metadataStandardName>
<gco:CharacterString>ISO-USGIN</gco:CharacterString>
</gmd:metadataStandardName>
<gmd:metadataStandardVersion>
<gco:CharacterString>1.2</gco:CharacterString>
</gmd:metadataStandardVersion>
<gmd:dataSetURI>
<gco:CharacterString>Geothermal Resources Council Transactions, v. 11, p. 515-520</gco:CharacterString>
</gmd:dataSetURI>
<gmd:identificationInfo>
<gmd:MD_DataIdentification>
<gmd:citation>
<gmd:CI_Citation>
<gmd:title>
<gco:CharacterString>Dixie Valley Six Well Flow Test</gco:CharacterString>
</gmd:title>
<gmd:date>
<gmd:CI_Date>
<gmd:date>
<gco:DateTime>1987-10-01T12:00:00</gco:DateTime>
</gmd:date>
<gmd:dateType>
<gmd:CI_DateTypeCode codeList="http://www.isotc211.org/2005/resources/Codelist/gmxCodelists.xml#CI_DateTypeCode" codeListValue="publication">publication</gmd:CI_DateTypeCode>
</gmd:dateType>
</gmd:CI_Date>
</gmd:date>
<gmd:citedResponsibleParty>
<gmd:CI_ResponsibleParty>
<gmd:individualName>
<gco:CharacterString>Desormier, William L.</gco:CharacterString>
</gmd:individualName>
<gmd:organisationName>
<gco:CharacterString>Oxbow Geothermal Corporation</gco:CharacterString>
</gmd:organisationName>
<gmd:positionName>
<gco:CharacterString>missing</gco:CharacterString>
</gmd:positionName>
<gmd:contactInfo>
<gmd:CI_Contact>
<gmd:phone>
<gmd:CI_Telephone>
<gmd:voice>
<gco:CharacterString>No Phone Number Was Given</gco:CharacterString>
</gmd:voice>
</gmd:CI_Telephone>
</gmd:phone>
<gmd:address>
<gmd:CI_Address>
<gmd:deliveryPoint>
<gco:CharacterString>200 S. Virginia St., Suite 450</gco:CharacterString>
</gmd:deliveryPoint>
<gmd:city>
<gco:CharacterString>Reno</gco:CharacterString>
</gmd:city>
<gmd:administrativeArea>
<gco:CharacterString>NV</gco:CharacterString>
</gmd:administrativeArea>
<gmd:postalCode>
<gco:CharacterString>89557</gco:CharacterString>
</gmd:postalCode>
<gmd:electronicMailAddress>
<gco:CharacterString>Missing</gco:CharacterString>
</gmd:electronicMailAddress>
</gmd:CI_Address>
</gmd:address>
</gmd:CI_Contact>
</gmd:contactInfo>
<gmd:role>
<gmd:CI_RoleCode codeList="http://standards.iso.org/ittf/PubliclyAvailableStandards/ISO_19139_Schemas/resources/Codelist/gmxCodelists.xml#CI_RoleCode" codeListValue="originator">originator</gmd:CI_RoleCode>
</gmd:role>
</gmd:CI_ResponsibleParty>
</gmd:citedResponsibleParty>
</gmd:CI_Citation>
</gmd:citation>
<gmd:abstract>
<gco:CharacterString>Abstract- A six well flow test was conducted during 1986 at the Dixie Valley geothermal field.  Flow duration lasted from 40 to 74 days with a maximum rate of 5.9 million pounds/hour. During the test, downhole pressures were monitored in eight surrounding wells. Downhole pressure and temperature surveys were run in each of the flowing wells, usually in conjunction with productivity tests. Results from the flow test and earlier interference tests indicate that six wells are capable of providing in excess of the 4.5 million pounds per hour required for a 62 mw (gross) power plant. [Geothermal Resources Council, TRANSACTIONS, Vol. 11, October 1987] To download this report PDF resource, please see the link provided. </gco:CharacterString>
</gmd:abstract>
<gmd:status>
<gmd:MD_ProgressCode codeList="http://standards.iso.org/ittf/PubliclyAvailableStandards/ISO_19139_Schemas/resources/Codelist/gmxCodelists.xml#MD_ProgressCode" codeListValue="completed">completed</gmd:MD_ProgressCode>
</gmd:status>
<gmd:descriptiveKeywords>
<gmd:MD_Keywords>
<gmd:keyword>
<gco:CharacterString>document:text</gco:CharacterString>
</gmd:keyword>
<gmd:keyword>
<gco:CharacterString>flow test</gco:CharacterString>
</gmd:keyword>
<gmd:keyword>
<gco:CharacterString>geothermal</gco:CharacterString>
</gmd:keyword>
<gmd:keyword>
<gco:CharacterString>dixie valley</gco:CharacterString>
</gmd:keyword>
<gmd:keyword>
<gco:CharacterString>nevada</gco:CharacterString>
</gmd:keyword>
<gmd:keyword>
<gco:CharacterString>usa</gco:CharacterString>
</gmd:keyword>
<gmd:keyword>
<gco:CharacterString>testing</gco:CharacterString>
</gmd:keyword>
<gmd:keyword>
<gco:CharacterString>discharge testing</gco:CharacterString>
</gmd:keyword>
<gmd:keyword>
<gco:CharacterString>geothermal system</gco:CharacterString>
</gmd:keyword>
<gmd:keyword>
<gco:CharacterString>kgra</gco:CharacterString>
</gmd:keyword>
<gmd:keyword>
<gco:CharacterString>geothermal area</gco:CharacterString>
</gmd:keyword>
<gmd:keyword>
<gco:CharacterString>united states</gco:CharacterString>
</gmd:keyword>
<gmd:keyword>
<gco:CharacterString>usginres:document:text</gco:CharacterString>
</gmd:keyword>
<gmd:type>
<gmd:MD_KeywordTypeCode codeList="http://standards.iso.org/ittf/PubliclyAvailableStandards/ISO_19139_Schemas/resources/Codelist/gmxCodelists.xml#MD_KeywordTypeCode" codeListValue="theme">theme</gmd:MD_KeywordTypeCode>
</gmd:type>
</gmd:MD_Keywords>
</gmd:descriptiveKeywords>
<gmd:descriptiveKeywords>
<gmd:MD_Keywords>
<gmd:keyword>
<gco:CharacterString>Downloadable Files</gco:CharacterString>
</gmd:keyword>
<gmd:keyword>
<gco:CharacterString>NBMG Web site Geothermal Documents </gco:CharacterString>
</gmd:keyword>
<gmd:keyword>
<gco:CharacterString>Nevada</gco:CharacterString>
</gmd:keyword>
<gmd:thesaurusName xlink:href="/metadata/collection/">
<gmd:CI_Citation>
<gmd:title>
<gco:CharacterString>Server Collections</gco:CharacterString>
</gmd:title>
<gmd:date>
<gmd:CI_Date>
<gmd:date>
<gco:Date>2012-06-06</gco:Date>
</gmd:date>
<gmd:dateType>
<gmd:CI_DateTypeCode codeList="http://standards.iso.org/ittf/PubliclyAvailableStandards/ISO_19139_Schemas/resources/Codelist/gmxCodelists.xml#CI_DateTypeCode" codeListValue="publication"/>
</gmd:dateType>
</gmd:CI_Date>
</gmd:date>
</gmd:CI_Citation>
</gmd:thesaurusName>
</gmd:MD_Keywords>
</gmd:descriptiveKeywords>
<gmd:language>
<gco:CharacterString>eng</gco:CharacterString>
</gmd:language>
<gmd:characterSet>
<gmd:MD_CharacterSetCode codeList="http://www.isotc211.org/2005/resources/Codelist/gmxCodelists.xml#MD_CharacterSetCode " codeListValue="utf8">UTF-8</gmd:MD_CharacterSetCode>
</gmd:characterSet>
<gmd:topicCategory>
<gmd:MD_TopicCategoryCode>geoscientificInformation</gmd:MD_TopicCategoryCode>
</gmd:topicCategory>
<gmd:extent>
<gmd:EX_Extent>
<gmd:geographicElement>
<gmd:EX_GeographicBoundingBox>
<gmd:westBoundLongitude>
<gco:Decimal>-118.592</gco:Decimal>
</gmd:westBoundLongitude>
<gmd:eastBoundLongitude>
<gco:Decimal>-117.416</gco:Decimal>
</gmd:eastBoundLongitude>
<gmd:southBoundLatitude>
<gco:Decimal>39.256</gco:Decimal>
</gmd:southBoundLatitude>
<gmd:northBoundLatitude>
<gco:Decimal>40.1939</gco:Decimal>
</gmd:northBoundLatitude>
</gmd:EX_GeographicBoundingBox>
</gmd:geographicElement>
</gmd:EX_Extent>
</gmd:extent>
</gmd:MD_DataIdentification>
</gmd:identificationInfo>
<gmd:distributionInfo>
<gmd:MD_Distribution>
<gmd:distributor>
<gmd:MD_Distributor>
<gmd:distributorContact>
<gmd:CI_ResponsibleParty>
<gmd:individualName>
<gco:CharacterString>Web Specialist</gco:CharacterString>
</gmd:individualName>
<gmd:organisationName>
<gco:CharacterString>Nevada Bureau of Mines and Geology</gco:CharacterString>
</gmd:organisationName>
<gmd:positionName>
<gco:CharacterString>missing</gco:CharacterString>
</gmd:positionName>
<gmd:contactInfo>
<gmd:CI_Contact>
<gmd:phone>
<gmd:CI_Telephone>
<gmd:voice>
<gco:CharacterString>775-784-6691</gco:CharacterString>
</gmd:voice>
</gmd:CI_Telephone>
</gmd:phone>
<gmd:address>
<gmd:CI_Address>
<gmd:deliveryPoint>
<gco:CharacterString>UNR MS 178</gco:CharacterString>
</gmd:deliveryPoint>
<gmd:city>
<gco:CharacterString>Reno</gco:CharacterString>
</gmd:city>
<gmd:administrativeArea>
<gco:CharacterString>NV</gco:CharacterString>
</gmd:administrativeArea>
<gmd:postalCode>
<gco:CharacterString>89557</gco:CharacterString>
</gmd:postalCode>
<gmd:electronicMailAddress>
<gco:CharacterString>nbmg@unr.edu</gco:CharacterString>
</gmd:electronicMailAddress>
</gmd:CI_Address>
</gmd:address>
</gmd:CI_Contact>
</gmd:contactInfo>
<gmd:role>
<gmd:CI_RoleCode codeList="http://standards.iso.org/ittf/PubliclyAvailableStandards/ISO_19139_Schemas/resources/Codelist/gmxCodelists.xml#CI_RoleCode" codeListValue="distributor">distributor</gmd:CI_RoleCode>
</gmd:role>
</gmd:CI_ResponsibleParty>
</gmd:distributorContact>
</gmd:MD_Distributor>
</gmd:distributor>
<gmd:transferOptions>
<gmd:MD_DigitalTransferOptions id="ftp___ftp_nbmg_unr_edu_pub_geothermal_11_Documents_Desormier_DixieValley_SixFlowTest_1987_pdf">
<gmd:onLine>
<gmd:CI_OnlineResource>
<gmd:linkage>
<gmd:URL>ftp://ftp.nbmg.unr.edu/pub/geothermal/11_Documents/Desormier_DixieValley_SixFlowTest_1987.pdf</gmd:URL>
</gmd:linkage>
<gmd:name>
<gco:CharacterString>Downloadable PDF of Resource: Dixie Valley Six Well Flow Test</gco:CharacterString>
</gmd:name>
<gmd:description>
<gco:CharacterString>FileDownload</gco:CharacterString>
</gmd:description>
<gmd:function>
<gmd:CI_OnLineFunctionCode codeList="http://www.fgdc.gov/nap/metadata/register/registerItemClasses.html#IC_88" codeListValue="375">download</gmd:CI_OnLineFunctionCode>
</gmd:function>
</gmd:CI_OnlineResource>
</gmd:onLine>
</gmd:MD_DigitalTransferOptions>
</gmd:transferOptions>
</gmd:MD_Distribution>
</gmd:distributionInfo>
<gmd:metadataMaintenance>
<gmd:MD_MaintenanceInformation>
<gmd:maintenanceAndUpdateFrequency>
<gmd:MD_MaintenanceFrequencyCode codeList="http://www.isotc211.org/2005/resources/Codelist/gmxCodelists.xml#MD_MaintenanceFrequencyCode" codeListValue="IRREGULAR">irregular								</gmd:MD_MaintenanceFrequencyCode>
</gmd:maintenanceAndUpdateFrequency>
<gmd:maintenanceNote>
<gco:CharacterString>This metadata record has been processed by the iso-19115-to-usgin-19115-data XSLT to ensure that all mandatory content for USGIN profile has been added.2013-11-04T12:00:00</gco:CharacterString>
</gmd:maintenanceNote>
</gmd:MD_MaintenanceInformation>
</gmd:metadataMaintenance>
</gmd:MD_Metadata>
<gmd:MD_Metadata xmlns:fn="http://www.w3.org/2005/xpath-functions">
<gmd:fileIdentifier>
<gco:CharacterString>f0000000-58cc-4372-a567-000000000280</gco:CharacterString>
</gmd:fileIdentifier>
<gmd:language>
<gco:CharacterString>eng</gco:CharacterString>
</gmd:language>
<gmd:characterSet>
<gmd:MD_CharacterSetCode codeList="http://standards.iso.org/ittf/PubliclyAvailableStandards/ISO_19139_Schemas/resources/Codelist/gmxCodelists.xml#MD_CharacterSetCode" codeListValue="utf8">UTF-8</gmd:MD_CharacterSetCode>
</gmd:characterSet>
<gmd:hierarchyLevel>
<gmd:MD_ScopeCode codeList="http://standards.iso.org/ittf/PubliclyAvailableStandards/ISO_19139_Schemas/resources/Codelist/gmxCodelists.xml#MD_ScopeCode" codeListValue="dataset">dataset</gmd:MD_ScopeCode>
</gmd:hierarchyLevel>
<gmd:hierarchyLevelName>
<gco:CharacterString>Dataset</gco:CharacterString>
</gmd:hierarchyLevelName>
<gmd:hierarchyLevelName>
<gco:CharacterString>Collection</gco:CharacterString>
</gmd:hierarchyLevelName>
<!-- Metadata point of contact - Point of contact for the metadata record, e.g. for users to report errors, updates to metadata, etc. -->
<gmd:contact>
<gmd:CI_ResponsibleParty>
<gmd:individualName>
<gco:CharacterString>Joe Thibedeau</gco:CharacterString>
</gmd:individualName>
<gmd:organisationName>
<gco:CharacterString>ElectraTherm, Inc.</gco:CharacterString>
</gmd:organisationName>
<gmd:contactInfo>
<gmd:CI_Contact>
<gmd:address>
<gmd:CI_Address>
<gmd:electronicMailAddress>
<gco:CharacterString>jthibedeau@electratherm.com</gco:CharacterString>
</gmd:electronicMailAddress>
</gmd:CI_Address>
</gmd:address>
</gmd:CI_Contact>
</gmd:contactInfo>
<gmd:role>
<gmd:CI_RoleCode codeList="http://www.isotc211.org/2005/resources/Codelist/gmxCodelists.xml#CI_RoleCode" codeListValue="publisher">publisher</gmd:CI_RoleCode>
</gmd:role>
</gmd:CI_ResponsibleParty>
</gmd:contact>
<gmd:dateStamp>
<gco:DateTime>2014-08-04T13:07:27-06:00</gco:DateTime>
</gmd:dateStamp>
<gmd:metadataStandardName>
<gco:CharacterString>ISO-USGIN</gco:CharacterString>
</gmd:metadataStandardName>
<gmd:metadataStandardVersion>
<gco:CharacterString>1.2</gco:CharacterString>
</gmd:metadataStandardVersion>
<gmd:dataSetURI>
<gco:CharacterString>http://gdr.openei.org/files/280/20140101-0131_Green Machine Florida Canyon Hourly Data.xlsx</gco:CharacterString>
</gmd:dataSetURI>
<!-- **************** -->
<gmd:identificationInfo>
<gmd:MD_DataIdentification>
<gmd:citation>
<gmd:CI_Citation>
<gmd:title>
<gco:CharacterString>20140101-0131_Green Machine Florida Canyon Hourly Data 20140101-0131_Green Machine Florida Canyon Hourly Data.xlsx</gco:CharacterString>
</gmd:title>
<gmd:date>
<gmd:CI_Date>
<gmd:date>
<gco:DateTime>2014-02-03T00:00:00-07:00</gco:DateTime>
</gmd:date>
<gmd:dateType>
<gmd:CI_DateTypeCode codeList="http://standards.iso.org/ittf/PubliclyAvailableStandards/ISO_19139_Schemas/resources/Codelist/gmxCodelists.xml#CI_DateTypeCode" codeListValue="publication">publication</gmd:CI_DateTypeCode>
</gmd:dateType>
</gmd:CI_Date>
</gmd:date>
<gmd:identifier>
<gmd:MD_Identifier>
<gmd:code>
<gco:CharacterString>http://dx.doi.org/10.15121/1148785</gco:CharacterString>
</gmd:code>
</gmd:MD_Identifier>
</gmd:identifier>
<gmd:citedResponsibleParty>
<gmd:CI_ResponsibleParty>
<gmd:individualName>
<gco:CharacterString>Joe Thibedeau</gco:CharacterString>
</gmd:individualName>
<gmd:organisationName>
<gco:CharacterString>ElectraTherm, Inc.</gco:CharacterString>
</gmd:organisationName>
<gmd:positionName>
<gco:CharacterString>primary contact</gco:CharacterString>
</gmd:positionName>
<gmd:contactInfo>
<gmd:CI_Contact>
<gmd:phone>
<gmd:CI_Telephone>
<gmd:voice>
<gco:CharacterString>7753984680</gco:CharacterString>
</gmd:voice>
</gmd:CI_Telephone>
</gmd:phone>
<gmd:address>
<gmd:CI_Address>
<gmd:electronicMailAddress>
<gco:CharacterString>jthibedeau@electratherm.com</gco:CharacterString>
</gmd:electronicMailAddress>
</gmd:CI_Address>
</gmd:address>
</gmd:CI_Contact>
</gmd:contactInfo>
<gmd:role>
<gmd:CI_RoleCode codeList="http://www.isotc211.org/2005/resources/Codelist/gmxCodelists.xml#CI_RoleCode" codeListValue="pointOfContact">point of contact</gmd:CI_RoleCode>
</gmd:role>
</gmd:CI_ResponsibleParty>
</gmd:citedResponsibleParty>
</gmd:CI_Citation>
</gmd:citation>
<gmd:abstract>
<gco:CharacterString>Employing innovative product developments to demonstrate financial and technical viability of producing electricity from low temperature geothermal fluids, coproduced in a mining operation, by employing ElectraTherm's modular and mobile heat-to-power "micro geothermal" power plant with output capacity expected in the 30-70kWe range. The Green Machine is an Organic Rankine Cycle power plant. The Florida Canyon machine is powered by geothermal brine with air cooled condensing. The data provided is an hourly summary from 01 Jan to 31 Jan 2014. Averaged hourly data collected from ElectraTherm Green Machine (ORC) running on a co-produced geothermal supply at the Florida Canyon Mine, Nevada.</gco:CharacterString>
</gmd:abstract>
<!-- (C) Resource point of contact (access contact) - CI_ResponsibleParty element here would contain information for point of contact to access the resource. This information is mandatory for physical resources such as core, cuttings, samples, manuscripts. -->
<gmd:pointOfContact>
<gmd:CI_ResponsibleParty>
<gmd:individualName>
<gco:CharacterString>Joe Thibedeau</gco:CharacterString>
</gmd:individualName>
<gmd:organisationName>
<gco:CharacterString>ElectraTherm, Inc.</gco:CharacterString>
</gmd:organisationName>
<gmd:contactInfo>
<gmd:CI_Contact>
<gmd:address>
<gmd:CI_Address>
<gmd:electronicMailAddress>
<gco:CharacterString>jthibedeau@electratherm.com</gco:CharacterString>
</gmd:electronicMailAddress>
</gmd:CI_Address>
</gmd:address>
</gmd:CI_Contact>
</gmd:contactInfo>
<gmd:role>
<gmd:CI_RoleCode codeList="http://www.isotc211.org/2005/resources/Codelist/gmxCodelists.xml#CI_RoleCode" codeListValue="pointOfContact">point of contact</gmd:CI_RoleCode>
</gmd:role>
</gmd:CI_ResponsibleParty>
</gmd:pointOfContact>
<gmd:descriptiveKeywords>
<gmd:MD_Keywords>
<gmd:keyword>
<gco:CharacterString>geothermal</gco:CharacterString>
</gmd:keyword>
<gmd:keyword>
<gco:CharacterString>ElectraTherm</gco:CharacterString>
</gmd:keyword>
<gmd:keyword>
<gco:CharacterString>ORC</gco:CharacterString>
</gmd:keyword>
<gmd:keyword>
<gco:CharacterString>power</gco:CharacterString>
</gmd:keyword>
<gmd:keyword>
<gco:CharacterString>waste heat</gco:CharacterString>
</gmd:keyword>
<gmd:keyword>
<gco:CharacterString>mining</gco:CharacterString>
</gmd:keyword>
<gmd:keyword>
<gco:CharacterString>Green Machine</gco:CharacterString>
</gmd:keyword>
<gmd:type>
<gmd:MD_KeywordTypeCode codeList="http://standards.iso.org/ittf/PubliclyAvailableStandards/ISO_19139_Schemas/resources/Codelist/gmxCodelists.xml#MD_KeywordTypeCode" codeListValue="theme">theme</gmd:MD_KeywordTypeCode>
</gmd:type>
</gmd:MD_Keywords>
</gmd:descriptiveKeywords>
<gmd:language>
<gco:CharacterString>eng</gco:CharacterString>
</gmd:language>
<gmd:topicCategory>
<gmd:MD_TopicCategoryCode>geoscientificInformation</gmd:MD_TopicCategoryCode>
</gmd:topicCategory>
<gmd:extent>
<gmd:EX_Extent>
<gmd:geographicElement>
<gmd:EX_GeographicBoundingBox>
<gmd:extentTypeCode>
<gco:Boolean>1</gco:Boolean>
</gmd:extentTypeCode>
<gmd:westBoundLongitude>
<gco:Decimal>-118.2683333</gco:Decimal>
</gmd:westBoundLongitude>
<gmd:eastBoundLongitude>
<gco:Decimal>-118.2483333</gco:Decimal>
</gmd:eastBoundLongitude>
<gmd:southBoundLatitude>
<gco:Decimal>40.535</gco:Decimal>
</gmd:southBoundLatitude>
<gmd:northBoundLatitude>
<gco:Decimal>40.555</gco:Decimal>
</gmd:northBoundLatitude>
</gmd:EX_GeographicBoundingBox>
</gmd:geographicElement>
</gmd:EX_Extent>
</gmd:extent>
</gmd:MD_DataIdentification>
</gmd:identificationInfo>
<!-- **************** -->
<gmd:distributionInfo>
<gmd:MD_Distribution>
<gmd:distributor>
<gmd:MD_Distributor>
<!-- (C) Distribution responsible party -->
<gmd:distributorContact>
<gmd:CI_ResponsibleParty>
<gmd:individualName>
<gco:CharacterString>Joe Thibedeau</gco:CharacterString>
</gmd:individualName>
<gmd:organisationName>
<gco:CharacterString>ElectraTherm, Inc.</gco:CharacterString>
</gmd:organisationName>
<gmd:contactInfo>
<gmd:CI_Contact>
<gmd:address>
<gmd:CI_Address>
<gmd:electronicMailAddress>
<gco:CharacterString>jthibedeau@electratherm.com</gco:CharacterString>
</gmd:electronicMailAddress>
</gmd:CI_Address>
</gmd:address>
</gmd:CI_Contact>
</gmd:contactInfo>
<gmd:role>
<gmd:CI_RoleCode codeList="http://www.isotc211.org/2005/resources/Codelist/gmxCodelists.xml#CI_RoleCode" codeListValue="pointOfContact">point of contact</gmd:CI_RoleCode>
</gmd:role>
</gmd:CI_ResponsibleParty>
</gmd:distributorContact>
</gmd:MD_Distributor>
</gmd:distributor>
<gmd:transferOptions>
<gmd:MD_DigitalTransferOptions>
<gmd:onLine>
<gmd:CI_OnlineResource>
<gmd:linkage>
<gmd:URL>http://gdr.openei.org/files/280/20140101-0131_Green Machine Florida Canyon Hourly Data.xlsx</gmd:URL>
</gmd:linkage>
<gmd:name>
<gco:CharacterString>20140101-0131_Green Machine Florida Canyon Hourly Data.xlsx</gco:CharacterString>
</gmd:name>
<gmd:function>
<gmd:CI_OnLineFunctionCode codeList="http://www.fgdc.gov/nap/metadata/register/registerItemClasses.html#IC_88" codeListValue="375">download</gmd:CI_OnLineFunctionCode>
</gmd:function>
</gmd:CI_OnlineResource>
</gmd:onLine>
</gmd:MD_DigitalTransferOptions>
</gmd:transferOptions>
</gmd:MD_Distribution>
</gmd:distributionInfo>
</gmd:MD_Metadata>
</csw:SearchResults>
</csw:GetRecordsResponse>